[INIT] Loading regulations with CORRECT Ortax IDs...
[INIT] Loaded 20416 regulations with correct IDs
[2026-02-28 02:43:11] ======================================================================
[2026-02-28 02:43:11] FULL CONTENT SCRAPER - CORRECT ORTAX IDs - STARTING
[2026-02-28 02:43:11] Total regulations to process: 20416
[2026-02-28 02:43:11] ======================================================================
[2026-02-28 02:43:11] [INIT] Starting browser...
[2026-02-28 02:43:13] [INIT] Browser started, beginning scrape with CORRECT IDs...
[2026-02-28 02:43:13] [1/20416] Processing regulation ID 26938...
[2026-02-28 02:43:19]   ✓ Content fetched: 1549 characters
[2026-02-28 02:43:21] [2/20416] Processing regulation ID 26935...
[2026-02-28 02:43:25]   ✓ Content fetched: 4205 characters
[2026-02-28 02:43:27] [3/20416] Processing regulation ID 26937...
[2026-02-28 02:43:31]   ✓ Content fetched: 1350 characters
[2026-02-28 02:43:33] [4/20416] Processing regulation ID 26930...
[2026-02-28 02:43:36]   ✓ Content fetched: 959 characters
[2026-02-28 02:43:38] [5/20416] Processing regulation ID 26933...
[2026-02-28 02:43:42]   ✓ Content fetched: 5361 characters
[2026-02-28 02:43:44] [6/20416] Processing regulation ID 26940...
[2026-02-28 02:43:48]   ✓ Content fetched: 295 characters
[2026-02-28 02:43:50] [7/20416] Processing regulation ID 26921...
[2026-02-28 02:43:54]   ✓ Content fetched: 4221 characters
[2026-02-28 02:43:56] [8/20416] Processing regulation ID 26916...
[2026-02-28 02:44:00]   ✓ Content fetched: 713 characters
[2026-02-28 02:44:02] [9/20416] Processing regulation ID 26928...
[2026-02-28 02:44:06]   ✓ Content fetched: 3705 characters
[2026-02-28 02:44:08] [10/20416] Processing regulation ID 26910...
[2026-02-28 02:44:11]   ✓ Content fetched: 111 characters
[2026-02-28 02:44:11] [PROGRESS] Saved: 10/20416 (0.0%) - With content: 10
[2026-02-28 02:44:13] [11/20416] Processing regulation ID 26924...
[2026-02-28 02:44:17]   ✓ Content fetched: 111 characters
[2026-02-28 02:44:19] [12/20416] Processing regulation ID 26922...
[2026-02-28 02:44:23]   ✓ Content fetched: 602 characters
[2026-02-28 02:44:25] [13/20416] Processing regulation ID 26909...
[2026-02-28 02:44:28]   ✓ Content fetched: 1652 characters
[2026-02-28 02:44:30] [14/20416] Processing regulation ID 26908...
[2026-02-28 02:44:34]   ✓ Content fetched: 844 characters
[2026-02-28 02:44:36] [15/20416] Processing regulation ID 26898...
[2026-02-28 02:44:40]   ✓ Content fetched: 4221 characters
[2026-02-28 02:44:42] [16/20416] Processing regulation ID 26931...
[2026-02-28 02:44:46]   ✓ Content fetched: 11797 characters
[2026-02-28 02:44:48] [17/20416] Processing regulation ID 26911...
[2026-02-28 02:44:52]   ✓ Content fetched: 12866 characters
[2026-02-28 02:44:54] [18/20416] Processing regulation ID 26929...
[2026-02-28 02:44:58]   ✓ Content fetched: 10403 characters
[2026-02-28 02:45:00] [19/20416] Processing regulation ID 26895...
[2026-02-28 02:45:03]   ✓ Content fetched: 12641 characters
[2026-02-28 02:45:05] [20/20416] Processing regulation ID 26881...
[2026-02-28 02:45:09]   ✓ Content fetched: 4217 characters
[2026-02-28 02:45:09] [PROGRESS] Saved: 20/20416 (0.1%) - With content: 20
[2026-02-28 02:45:11] [21/20416] Processing regulation ID 26925...
[2026-02-28 02:45:15]   ✓ Content fetched: 11185 characters
[2026-02-28 02:45:17] [22/20416] Processing regulation ID 26883...
[2026-02-28 02:45:21]   ✓ Content fetched: 1632 characters
[2026-02-28 02:45:23] [23/20416] Processing regulation ID 26877...
[2026-02-28 02:45:26]   ✓ Content fetched: 3449 characters
[2026-02-28 02:45:28] [24/20416] Processing regulation ID 26888...
[2026-02-28 02:45:32]   ✓ Content fetched: 111 characters
[2026-02-28 02:45:34] [25/20416] Processing regulation ID 26887...
[2026-02-28 02:45:38]   ✓ Content fetched: 341 characters
[2026-02-28 02:45:40] [26/20416] Processing regulation ID 26893...
[2026-02-28 02:45:44]   ✓ Content fetched: 4741 characters
[2026-02-28 02:45:46] [27/20416] Processing regulation ID 26926...
[2026-02-28 02:45:49]   ✓ Content fetched: 7330 characters
[2026-02-28 02:45:51] [28/20416] Processing regulation ID 26875...
[2026-02-28 02:45:55]   ✓ Content fetched: 111 characters
[2026-02-28 02:45:57] [29/20416] Processing regulation ID 26874...
[2026-02-28 02:46:01]   ✓ Content fetched: 232 characters
[2026-02-28 02:46:03] [30/20416] Processing regulation ID 26873...
[2026-02-28 02:46:07]   ✓ Content fetched: 252 characters
[2026-02-28 02:46:07] [PROGRESS] Saved: 30/20416 (0.1%) - With content: 30
[2026-02-28 02:46:09] [31/20416] Processing regulation ID 26884...
[2026-02-28 02:46:12]   ✓ Content fetched: 341 characters
[2026-02-28 02:46:14] [32/20416] Processing regulation ID 26859...
[2026-02-28 02:46:18]   ✓ Content fetched: 4213 characters
[2026-02-28 02:46:20] [33/20416] Processing regulation ID 26896...
[2026-02-28 02:46:24]   ✓ Content fetched: 4252 characters
[2026-02-28 02:46:26] [34/20416] Processing regulation ID 26897...
[2026-02-28 02:46:29]   ✓ Content fetched: 5332 characters
[2026-02-28 02:46:31] [35/20416] Processing regulation ID 26934...
[2026-02-28 02:46:35]   ✓ Content fetched: 11727 characters
[2026-02-28 02:46:37] [36/20416] Processing regulation ID 26854...
[2026-02-28 02:46:41]   ✓ Content fetched: 14455 characters
[2026-02-28 02:46:43] [37/20416] Processing regulation ID 26932...
[2026-02-28 02:46:47]   ✓ Content fetched: 10548 characters
[2026-02-28 02:46:49] [38/20416] Processing regulation ID 26867...
[2026-02-28 02:46:53]   ✓ Content fetched: 1144 characters
[2026-02-28 02:46:55] [39/20416] Processing regulation ID 26869...
[2026-02-28 02:46:59]   ✓ Content fetched: 111 characters
[2026-02-28 02:47:01] [40/20416] Processing regulation ID 26851...
[2026-02-28 02:47:04]   ✓ Content fetched: 4213 characters
[2026-02-28 02:47:04] [PROGRESS] Saved: 40/20416 (0.2%) - With content: 40
[2026-02-28 02:47:06] [41/20416] Processing regulation ID 26864...
[2026-02-28 02:47:10]   ✓ Content fetched: 848 characters
[2026-02-28 02:47:12] [42/20416] Processing regulation ID 26850...
[2026-02-28 02:47:16]   ✓ Content fetched: 657 characters
[2026-02-28 02:47:18] [43/20416] Processing regulation ID 26885...
[2026-02-28 02:47:22]   ✓ Content fetched: 10853 characters
[2026-02-28 02:47:24] [44/20416] Processing regulation ID 26907...
[2026-02-28 02:47:28]   ✓ Content fetched: 237 characters
[2026-02-28 02:47:30] [45/20416] Processing regulation ID 26855...
[2026-02-28 02:47:34]   ✓ Content fetched: 111 characters
[2026-02-28 02:47:36] [46/20416] Processing regulation ID 26843...
[2026-02-28 02:47:39]   ✓ Content fetched: 3701 characters
[2026-02-28 02:47:41] [47/20416] Processing regulation ID 26834...
[2026-02-28 02:47:45]   ✓ Content fetched: 4213 characters
[2026-02-28 02:47:47] [48/20416] Processing regulation ID 26842...
[2026-02-28 02:47:51]   ✓ Content fetched: 111 characters
[2026-02-28 02:47:53] [49/20416] Processing regulation ID 26857...
[2026-02-28 02:47:56]   ✓ Content fetched: 111 characters
[2026-02-28 02:47:58] [50/20416] Processing regulation ID 26844...
[2026-02-28 02:48:02]   ✓ Content fetched: 1395 characters
[2026-02-28 02:48:02] [PROGRESS] Saved: 50/20416 (0.2%) - With content: 50
[2026-02-28 02:48:04] [51/20416] Processing regulation ID 26845...
[2026-02-28 02:48:08]   ✓ Content fetched: 10705 characters
[2026-02-28 02:48:10] [52/20416] Processing regulation ID 26823...
[2026-02-28 02:48:14]   ✓ Content fetched: 4209 characters
[2026-02-28 02:48:16] [53/20416] Processing regulation ID 26832...
[2026-02-28 02:48:20]   ✓ Content fetched: 11165 characters
[2026-02-28 02:48:22] [54/20416] Processing regulation ID 26846...
[2026-02-28 02:48:25]   ✓ Content fetched: 313 characters
[2026-02-28 02:48:27] [55/20416] Processing regulation ID 26818...
[2026-02-28 02:48:31]   ✓ Content fetched: 8564 characters
[2026-02-28 02:48:33] [56/20416] Processing regulation ID 26817...
[2026-02-28 02:48:37]   ✓ Content fetched: 12620 characters
[2026-02-28 02:48:39] [57/20416] Processing regulation ID 26819...
[2026-02-28 02:48:44]   ✓ Content fetched: 14697 characters
[2026-02-28 02:48:46] [58/20416] Processing regulation ID 26878...
[2026-02-28 02:48:50]   ✓ Content fetched: 4836 characters
[2026-02-28 02:48:52] [59/20416] Processing regulation ID 26837...
[2026-02-28 02:48:55]   ✓ Content fetched: 11519 characters
[2026-02-28 02:48:57] [60/20416] Processing regulation ID 26847...
[2026-02-28 02:49:01]   ✓ Content fetched: 3998 characters
[2026-02-28 02:49:01] [PROGRESS] Saved: 60/20416 (0.3%) - With content: 60
[2026-02-28 02:49:03] [61/20416] Processing regulation ID 26810...
[2026-02-28 02:49:07]   ✓ Content fetched: 2470 characters
[2026-02-28 02:49:09] [62/20416] Processing regulation ID 26856...
[2026-02-28 02:49:13]   ✓ Content fetched: 11023 characters
[2026-02-28 02:49:15] [63/20416] Processing regulation ID 26798...
[2026-02-28 02:49:18]   ✓ Content fetched: 111 characters
[2026-02-28 02:49:20] [64/20416] Processing regulation ID 26801...
[2026-02-28 02:49:24]   ✓ Content fetched: 3516 characters
[2026-02-28 02:49:26] [65/20416] Processing regulation ID 26835...
[2026-02-28 02:49:30]   ✓ Content fetched: 12437 characters
[2026-02-28 02:49:32] [66/20416] Processing regulation ID 26807...
[2026-02-28 02:49:36]   ✓ Content fetched: 11680 characters
[2026-02-28 02:49:38] [67/20416] Processing regulation ID 26795...
[2026-02-28 02:49:42]   ✓ Content fetched: 3440 characters
[2026-02-28 02:49:44] [68/20416] Processing regulation ID 26814...
[2026-02-28 02:49:48]   ✓ Content fetched: 11850 characters
[2026-02-28 02:49:50] [69/20416] Processing regulation ID 26811...
[2026-02-28 02:49:54]   ✓ Content fetched: 12438 characters
[2026-02-28 02:49:56] [70/20416] Processing regulation ID 26808...
[2026-02-28 02:50:00]   ✓ Content fetched: 11777 characters
[2026-02-28 02:50:00] [PROGRESS] Saved: 70/20416 (0.3%) - With content: 70
[2026-02-28 02:50:02] [71/20416] Processing regulation ID 26927...
[2026-02-28 02:50:05]   ✓ Content fetched: 12814 characters
[2026-02-28 02:50:07] [72/20416] Processing regulation ID 26825...
[2026-02-28 02:50:11]   ✓ Content fetched: 10619 characters
[2026-02-28 02:50:13] [73/20416] Processing regulation ID 26840...
[2026-02-28 02:50:18]   ✓ Content fetched: 10203 characters
[2026-02-28 02:50:20] [74/20416] Processing regulation ID 26815...
[2026-02-28 02:50:23]   ✓ Content fetched: 6687 characters
[2026-02-28 02:50:25] [75/20416] Processing regulation ID 26809...
[2026-02-28 02:50:30]   ✓ Content fetched: 13718 characters
[2026-02-28 02:50:32] [76/20416] Processing regulation ID 26793...
[2026-02-28 02:50:35]   ✓ Content fetched: 4221 characters
[2026-02-28 02:50:37] [77/20416] Processing regulation ID 26796...
[2026-02-28 02:50:41]   ✓ Content fetched: 252 characters
[2026-02-28 02:50:43] [78/20416] Processing regulation ID 26797...
[2026-02-28 02:50:47]   ✓ Content fetched: 232 characters
[2026-02-28 02:50:49] [79/20416] Processing regulation ID 26805...
[2026-02-28 02:50:53]   ✓ Content fetched: 11656 characters
[2026-02-28 02:50:55] [80/20416] Processing regulation ID 26852...
[2026-02-28 02:50:58]   ✓ Content fetched: 7974 characters
[2026-02-28 02:50:58] [PROGRESS] Saved: 80/20416 (0.4%) - With content: 80
[2026-02-28 02:51:00] [81/20416] Processing regulation ID 26789...
[2026-02-28 02:51:04]   ✓ Content fetched: 1435 characters
[2026-02-28 02:51:06] [82/20416] Processing regulation ID 26816...
[2026-02-28 02:51:10]   ✓ Content fetched: 8605 characters
[2026-02-28 02:51:12] [83/20416] Processing regulation ID 26901...
[2026-02-28 02:51:16]   ✓ Content fetched: 15407 characters
[2026-02-28 02:51:18] [84/20416] Processing regulation ID 26836...
[2026-02-28 02:51:22]   ✓ Content fetched: 10335 characters
[2026-02-28 02:51:24] [85/20416] Processing regulation ID 26830...
[2026-02-28 02:51:27]   ✓ Content fetched: 111 characters
[2026-02-28 02:51:29] [86/20416] Processing regulation ID 26829...
[2026-02-28 02:51:33]   ✓ Content fetched: 220 characters
[2026-02-28 02:51:35] [87/20416] Processing regulation ID 26800...
[2026-02-28 02:51:39]   ✓ Content fetched: 221 characters
[2026-02-28 02:51:41] [88/20416] Processing regulation ID 26882...
[2026-02-28 02:51:45]   ✓ Content fetched: 12403 characters
[2026-02-28 02:51:47] [89/20416] Processing regulation ID 26828...
[2026-02-28 02:51:51]   ✓ Content fetched: 325 characters
[2026-02-28 02:51:53] [90/20416] Processing regulation ID 26824...
[2026-02-28 02:51:57]   ✓ Content fetched: 5707 characters
[2026-02-28 02:51:57] [PROGRESS] Saved: 90/20416 (0.4%) - With content: 90
[2026-02-28 02:51:59] [91/20416] Processing regulation ID 26782...
[2026-02-28 02:52:02]   ✓ Content fetched: 1907 characters
[2026-02-28 02:52:04] [92/20416] Processing regulation ID 26778...
[2026-02-28 02:52:08]   ✓ Content fetched: 4229 characters
[2026-02-28 02:52:10] [93/20416] Processing regulation ID 26790...
[2026-02-28 02:52:14]   ✓ Content fetched: 12901 characters
[2026-02-28 02:52:16] [94/20416] Processing regulation ID 26791...
[2026-02-28 02:52:20]   ✓ Content fetched: 239 characters
[2026-02-28 02:52:22] [95/20416] Processing regulation ID 26821...
[2026-02-28 02:52:25]   ✓ Content fetched: 7362 characters
[2026-02-28 02:52:27] [96/20416] Processing regulation ID 26783...
[2026-02-28 02:52:31]   ✓ Content fetched: 2914 characters
[2026-02-28 02:52:33] [97/20416] Processing regulation ID 26802...
[2026-02-28 02:52:37]   ✓ Content fetched: 4220 characters
[2026-02-28 02:52:39] [98/20416] Processing regulation ID 26913...
[2026-02-28 02:52:42]   ✓ Content fetched: 7922 characters
[2026-02-28 02:52:44] [99/20416] Processing regulation ID 26784...
[2026-02-28 02:52:48]   ✓ Content fetched: 216 characters
[2026-02-28 02:52:50] [100/20416] Processing regulation ID 26822...
[2026-02-28 02:52:54]   ✓ Content fetched: 11521 characters
[2026-02-28 02:52:54] [PROGRESS] Saved: 100/20416 (0.5%) - With content: 100
[2026-02-28 02:52:56] [101/20416] Processing regulation ID 26648...
[2026-02-28 02:53:00]   ✓ Content fetched: 4228 characters
[2026-02-28 02:53:02] [102/20416] Processing regulation ID 26685...
[2026-02-28 02:53:06]   ✓ Content fetched: 8865 characters
[2026-02-28 02:53:08] [103/20416] Processing regulation ID 26696...
[2026-02-28 02:53:12]   ✓ Content fetched: 294 characters
[2026-02-28 02:53:14] [104/20416] Processing regulation ID 26656...
[2026-02-28 02:53:17]   ✓ Content fetched: 10523 characters
[2026-02-28 02:53:19] [105/20416] Processing regulation ID 26629...
[2026-02-28 02:53:23]   ✓ Content fetched: 620 characters
[2026-02-28 02:53:25] [106/20416] Processing regulation ID 26604...
[2026-02-28 02:53:29]   ✓ Content fetched: 111 characters
[2026-02-28 02:53:31] [107/20416] Processing regulation ID 26676...
[2026-02-28 02:53:35]   ✓ Content fetched: 2589 characters
[2026-02-28 02:53:37] [108/20416] Processing regulation ID 26659...
[2026-02-28 02:53:41]   ✓ Content fetched: 10995 characters
[2026-02-28 02:53:43] [109/20416] Processing regulation ID 26586...
[2026-02-28 02:53:46]   ✓ Content fetched: 4228 characters
[2026-02-28 02:53:48] [110/20416] Processing regulation ID 26657...
[2026-02-28 02:53:52]   ✓ Content fetched: 11299 characters
[2026-02-28 02:53:52] [PROGRESS] Saved: 110/20416 (0.5%) - With content: 110
[2026-02-28 02:53:54] [111/20416] Processing regulation ID 26619...
[2026-02-28 02:53:58]   ✓ Content fetched: 4145 characters
[2026-02-28 02:54:00] [112/20416] Processing regulation ID 26609...
[2026-02-28 02:54:04]   ✓ Content fetched: 1192 characters
[2026-02-28 02:54:06] [113/20416] Processing regulation ID 26654...
[2026-02-28 02:54:10]   ✓ Content fetched: 12170 characters
[2026-02-28 02:54:12] [114/20416] Processing regulation ID 26653...
[2026-02-28 02:54:16]   ✓ Content fetched: 9734 characters
[2026-02-28 02:54:18] [115/20416] Processing regulation ID 26652...
[2026-02-28 02:54:22]   ✓ Content fetched: 14643 characters
[2026-02-28 02:54:24] [116/20416] Processing regulation ID 26827...
[2026-02-28 02:54:28]   ✓ Content fetched: 9851 characters
[2026-02-28 02:54:30] [117/20416] Processing regulation ID 26571...
[2026-02-28 02:54:34]   ✓ Content fetched: 111 characters
[2026-02-28 02:54:36] [118/20416] Processing regulation ID 26697...
[2026-02-28 02:54:40]   ✓ Content fetched: 2474 characters
[2026-02-28 02:54:42] [119/20416] Processing regulation ID 26545...
[2026-02-28 02:54:45]   ✓ Content fetched: 4225 characters
[2026-02-28 02:54:47] [120/20416] Processing regulation ID 26558...
[2026-02-28 02:54:51]   ✓ Content fetched: 5171 characters
[2026-02-28 02:54:51] [PROGRESS] Saved: 120/20416 (0.6%) - With content: 120
[2026-02-28 02:54:53] [121/20416] Processing regulation ID 26541...
[2026-02-28 02:54:57]   ✓ Content fetched: 5939 characters
[2026-02-28 02:54:59] [122/20416] Processing regulation ID 26560...
[2026-02-28 02:55:02]   ✓ Content fetched: 3465 characters
[2026-02-28 02:55:04] [123/20416] Processing regulation ID 26658...
[2026-02-28 02:55:08]   ✓ Content fetched: 8887 characters
[2026-02-28 02:55:10] [124/20416] Processing regulation ID 26532...
[2026-02-28 02:55:14]   ✓ Content fetched: 232 characters
[2026-02-28 02:55:16] [125/20416] Processing regulation ID 26531...
[2026-02-28 02:55:20]   ✓ Content fetched: 252 characters
[2026-02-28 02:55:22] [126/20416] Processing regulation ID 26725...
[2026-02-28 02:55:26]   ✓ Content fetched: 11007 characters
[2026-02-28 02:55:28] [127/20416] Processing regulation ID 26534...
[2026-02-28 02:55:31]   ✓ Content fetched: 3449 characters
[2026-02-28 02:55:33] [128/20416] Processing regulation ID 26553...
[2026-02-28 02:55:37]   ✓ Content fetched: 6595 characters
[2026-02-28 02:55:39] [129/20416] Processing regulation ID 26525...
[2026-02-28 02:55:43]   ✓ Content fetched: 4221 characters
[2026-02-28 02:55:45] [130/20416] Processing regulation ID 26537...
[2026-02-28 02:55:48]   ✓ Content fetched: 2715 characters
[2026-02-28 02:55:48] [PROGRESS] Saved: 130/20416 (0.6%) - With content: 130
[2026-02-28 02:55:50] [131/20416] Processing regulation ID 26533...
[2026-02-28 02:55:54]   ✓ Content fetched: 10608 characters
[2026-02-28 02:55:56] [132/20416] Processing regulation ID 26519...
[2026-02-28 02:56:00]   ✓ Content fetched: 214 characters
[2026-02-28 02:56:02] [133/20416] Processing regulation ID 26516...
[2026-02-28 02:56:06]   ✓ Content fetched: 4347 characters
[2026-02-28 02:56:08] [134/20416] Processing regulation ID 26515...
[2026-02-28 02:56:11]   ✓ Content fetched: 6761 characters
[2026-02-28 02:56:13] [135/20416] Processing regulation ID 26514...
[2026-02-28 02:56:17]   ✓ Content fetched: 11281 characters
[2026-02-28 02:56:19] [136/20416] Processing regulation ID 26523...
[2026-02-28 02:56:23]   ✓ Content fetched: 9536 characters
[2026-02-28 02:56:25] [137/20416] Processing regulation ID 26503...
[2026-02-28 02:56:29]   ✓ Content fetched: 4221 characters
[2026-02-28 02:56:31] [138/20416] Processing regulation ID 26524...
[2026-02-28 02:56:34]   ✓ Content fetched: 9973 characters
[2026-02-28 02:56:36] [139/20416] Processing regulation ID 26504...
[2026-02-28 02:56:40]   ✓ Content fetched: 12009 characters
[2026-02-28 02:56:42] [140/20416] Processing regulation ID 26780...
[2026-02-28 02:56:46]   ✓ Content fetched: 691 characters
[2026-02-28 02:56:46] [PROGRESS] Saved: 140/20416 (0.7%) - With content: 140
[2026-02-28 02:56:48] [141/20416] Processing regulation ID 26499...
[2026-02-28 02:56:51]   ✓ Content fetched: 12757 characters
[2026-02-28 02:56:53] [142/20416] Processing regulation ID 26507...
[2026-02-28 02:56:57]   ✓ Content fetched: 4010 characters
[2026-02-28 02:56:59] [143/20416] Processing regulation ID 26492...
[2026-02-28 02:57:03]   ✓ Content fetched: 4221 characters
[2026-02-28 02:57:05] [144/20416] Processing regulation ID 26494...
[2026-02-28 02:57:09]   ✓ Content fetched: 4542 characters
[2026-02-28 02:57:11] [145/20416] Processing regulation ID 26502...
[2026-02-28 02:57:14]   ✓ Content fetched: 7573 characters
[2026-02-28 02:57:16] [146/20416] Processing regulation ID 26482...
[2026-02-28 02:57:20]   ✓ Content fetched: 4217 characters
[2026-02-28 02:57:22] [147/20416] Processing regulation ID 26509...
[2026-02-28 02:57:27]   ✓ Content fetched: 10270 characters
[2026-02-28 02:57:29] [148/20416] Processing regulation ID 26636...
[2026-02-28 02:57:32]   ✓ Content fetched: 10759 characters
[2026-02-28 02:57:34] [149/20416] Processing regulation ID 26486...
[2026-02-28 02:57:38]   ✓ Content fetched: 3782 characters
[2026-02-28 02:57:40] [150/20416] Processing regulation ID 26483...
[2026-02-28 02:57:44]   ✓ Content fetched: 474 characters
[2026-02-28 02:57:44] [PROGRESS] Saved: 150/20416 (0.7%) - With content: 150
[2026-02-28 02:57:46] [151/20416] Processing regulation ID 26506...
[2026-02-28 02:57:49]   ✓ Content fetched: 5450 characters
[2026-02-28 02:57:51] [152/20416] Processing regulation ID 26485...
[2026-02-28 02:57:55]   ✓ Content fetched: 5669 characters
[2026-02-28 02:57:57] [153/20416] Processing regulation ID 26539...
[2026-02-28 02:58:01]   ✓ Content fetched: 4096 characters
[2026-02-28 02:58:03] [154/20416] Processing regulation ID 26501...
[2026-02-28 02:58:07]   ✓ Content fetched: 3219 characters
[2026-02-28 02:58:09] [155/20416] Processing regulation ID 26481...
[2026-02-28 02:58:12]   ✓ Content fetched: 6548 characters
[2026-02-28 02:58:14] [156/20416] Processing regulation ID 26474...
[2026-02-28 02:58:18]   ✓ Content fetched: 3441 characters
[2026-02-28 02:58:20] [157/20416] Processing regulation ID 26473...
[2026-02-28 02:58:24]   ✓ Content fetched: 4213 characters
[2026-02-28 02:58:26] [158/20416] Processing regulation ID 26498...
[2026-02-28 02:58:30]   ✓ Content fetched: 111 characters
[2026-02-28 02:58:32] [159/20416] Processing regulation ID 26478...
[2026-02-28 02:58:35]   ✓ Content fetched: 215 characters
[2026-02-28 02:58:37] [160/20416] Processing regulation ID 26477...
[2026-02-28 02:58:41]   ✓ Content fetched: 251 characters
[2026-02-28 02:58:41] [PROGRESS] Saved: 160/20416 (0.8%) - With content: 160
[2026-02-28 02:58:43] [161/20416] Processing regulation ID 26476...
[2026-02-28 02:58:47]   ✓ Content fetched: 232 characters
[2026-02-28 02:58:49] [162/20416] Processing regulation ID 26470...
[2026-02-28 02:58:53]   ✓ Content fetched: 111 characters
[2026-02-28 02:58:55] [163/20416] Processing regulation ID 26464...
[2026-02-28 02:58:58]   ✓ Content fetched: 5746 characters
[2026-02-28 02:59:00] [164/20416] Processing regulation ID 26518...
[2026-02-28 02:59:04]   ✓ Content fetched: 4763 characters
[2026-02-28 02:59:06] [165/20416] Processing regulation ID 26468...
[2026-02-28 02:59:10]   ✓ Content fetched: 225 characters
[2026-02-28 02:59:12] [166/20416] Processing regulation ID 26462...
[2026-02-28 02:59:16]   ✓ Content fetched: 4237 characters
[2026-02-28 02:59:18] [167/20416] Processing regulation ID 26538...
[2026-02-28 02:59:22]   ✓ Content fetched: 12976 characters
[2026-02-28 02:59:24] [168/20416] Processing regulation ID 26510...
[2026-02-28 02:59:28]   ✓ Content fetched: 10365 characters
[2026-02-28 02:59:30] [169/20416] Processing regulation ID 26500...
[2026-02-28 02:59:34]   ✓ Content fetched: 8963 characters
[2026-02-28 02:59:36] [170/20416] Processing regulation ID 26461...
[2026-02-28 02:59:40]   ✓ Content fetched: 3191 characters
[2026-02-28 02:59:40] [PROGRESS] Saved: 170/20416 (0.8%) - With content: 170
[2026-02-28 02:59:42] [171/20416] Processing regulation ID 26459...
[2026-02-28 02:59:45]   ✓ Content fetched: 9100 characters
[2026-02-28 02:59:47] [172/20416] Processing regulation ID 26458...
[2026-02-28 02:59:51]   ✓ Content fetched: 10694 characters
[2026-02-28 02:59:53] [173/20416] Processing regulation ID 26475...
[2026-02-28 02:59:56]   ✓ Content fetched: 10581 characters
[2026-02-28 02:59:58] [174/20416] Processing regulation ID 26472...
[2026-02-28 03:00:02]   ✓ Content fetched: 111 characters
[2026-02-28 03:00:04] [175/20416] Processing regulation ID 26469...
[2026-02-28 03:00:08]   ✓ Content fetched: 111 characters
[2026-02-28 03:00:10] [176/20416] Processing regulation ID 26451...
[2026-02-28 03:00:14]   ✓ Content fetched: 4237 characters
[2026-02-28 03:00:16] [177/20416] Processing regulation ID 26505...
[2026-02-28 03:00:20]   ✓ Content fetched: 9885 characters
[2026-02-28 03:00:22] [178/20416] Processing regulation ID 26467...
[2026-02-28 03:00:26]   ✓ Content fetched: 2148 characters
[2026-02-28 03:00:28] [179/20416] Processing regulation ID 26452...
[2026-02-28 03:00:31]   ✓ Content fetched: 4887 characters
[2026-02-28 03:00:33] [180/20416] Processing regulation ID 26448...
[2026-02-28 03:00:37]   ✓ Content fetched: 111 characters
[2026-02-28 03:00:37] [PROGRESS] Saved: 180/20416 (0.9%) - With content: 180
[2026-02-28 03:00:39] [181/20416] Processing regulation ID 26721...
[2026-02-28 03:00:43]   ✓ Content fetched: 273 characters
[2026-02-28 03:00:45] [182/20416] Processing regulation ID 26714...
[2026-02-28 03:00:49]   ✓ Content fetched: 4169 characters
[2026-02-28 03:00:51] [183/20416] Processing regulation ID 26484...
[2026-02-28 03:00:55]   ✓ Content fetched: 9671 characters
[2026-02-28 03:00:57] [184/20416] Processing regulation ID 26437...
[2026-02-28 03:01:01]   ✓ Content fetched: 4237 characters
[2026-02-28 03:01:03] [185/20416] Processing regulation ID 26425...
[2026-02-28 03:01:06]   ✓ Content fetched: 4229 characters
[2026-02-28 03:01:08] [186/20416] Processing regulation ID 26480...
[2026-02-28 03:01:12]   ✓ Content fetched: 13040 characters
[2026-02-28 03:01:14] [187/20416] Processing regulation ID 26708...
[2026-02-28 03:01:18]   ✓ Content fetched: 7266 characters
[2026-02-28 03:01:20] [188/20416] Processing regulation ID 26426...
[2026-02-28 03:01:23]   ✓ Content fetched: 3458 characters
[2026-02-28 03:01:25] [189/20416] Processing regulation ID 26488...
[2026-02-28 03:01:29]   ✓ Content fetched: 3484 characters
[2026-02-28 03:01:31] [190/20416] Processing regulation ID 26455...
[2026-02-28 03:01:35]   ✓ Content fetched: 3362 characters
[2026-02-28 03:01:35] [PROGRESS] Saved: 190/20416 (0.9%) - With content: 190
[2026-02-28 03:01:37] [191/20416] Processing regulation ID 26420...
[2026-02-28 03:01:41]   ✓ Content fetched: 111 characters
[2026-02-28 03:01:43] [192/20416] Processing regulation ID 26435...
[2026-02-28 03:01:47]   ✓ Content fetched: 11664 characters
[2026-02-28 03:01:49] [193/20416] Processing regulation ID 26428...
[2026-02-28 03:01:52]   ✓ Content fetched: 5230 characters
[2026-02-28 03:01:54] [194/20416] Processing regulation ID 26419...
[2026-02-28 03:01:58]   ✓ Content fetched: 251 characters
[2026-02-28 03:02:00] [195/20416] Processing regulation ID 26418...
[2026-02-28 03:02:04]   ✓ Content fetched: 215 characters
[2026-02-28 03:02:06] [196/20416] Processing regulation ID 26443...
[2026-02-28 03:02:09]   ✓ Content fetched: 13359 characters
[2026-02-28 03:02:11] [197/20416] Processing regulation ID 26438...
[2026-02-28 03:02:15]   ✓ Content fetched: 12291 characters
[2026-02-28 03:02:17] [198/20416] Processing regulation ID 26410...
[2026-02-28 03:02:21]   ✓ Content fetched: 4225 characters
[2026-02-28 03:02:23] [199/20416] Processing regulation ID 26424...
[2026-02-28 03:02:26]   ✓ Content fetched: 7779 characters
[2026-02-28 03:02:28] [200/20416] Processing regulation ID 26411...
[2026-02-28 03:02:32]   ✓ Content fetched: 111 characters
[2026-02-28 03:02:32] [PROGRESS] Saved: 200/20416 (1.0%) - With content: 200
[2026-02-28 03:02:34] [201/20416] Processing regulation ID 26502...
[2026-02-28 03:02:38]   ✓ Content fetched: 7573 characters
[2026-02-28 03:02:40] [202/20416] Processing regulation ID 26482...
[2026-02-28 03:02:44]   ✓ Content fetched: 4217 characters
[2026-02-28 03:02:46] [203/20416] Processing regulation ID 26892...
[2026-02-28 03:02:49]   ✓ Content fetched: 9903 characters
[2026-02-28 03:02:51] [204/20416] Processing regulation ID 26636...
[2026-02-28 03:02:55]   ✓ Content fetched: 10759 characters
[2026-02-28 03:02:57] [205/20416] Processing regulation ID 26509...
[2026-02-28 03:03:01]   ✓ Content fetched: 10270 characters
[2026-02-28 03:03:03] [206/20416] Processing regulation ID 26486...
[2026-02-28 03:03:07]   ✓ Content fetched: 3782 characters
[2026-02-28 03:03:09] [207/20416] Processing regulation ID 26483...
[2026-02-28 03:03:13]   ✓ Content fetched: 474 characters
[2026-02-28 03:03:15] [208/20416] Processing regulation ID 26506...
[2026-02-28 03:03:18]   ✓ Content fetched: 5450 characters
[2026-02-28 03:03:20] [209/20416] Processing regulation ID 26485...
[2026-02-28 03:03:24]   ✓ Content fetched: 5669 characters
[2026-02-28 03:03:26] [210/20416] Processing regulation ID 26539...
[2026-02-28 03:03:30]   ✓ Content fetched: 4096 characters
[2026-02-28 03:03:30] [PROGRESS] Saved: 210/20416 (1.0%) - With content: 210
[2026-02-28 03:03:32] [211/20416] Processing regulation ID 26501...
[2026-02-28 03:03:35]   ✓ Content fetched: 3219 characters
[2026-02-28 03:03:37] [212/20416] Processing regulation ID 26481...
[2026-02-28 03:03:41]   ✓ Content fetched: 6548 characters
[2026-02-28 03:03:43] [213/20416] Processing regulation ID 26474...
[2026-02-28 03:03:47]   ✓ Content fetched: 3441 characters
[2026-02-28 03:03:49] [214/20416] Processing regulation ID 26473...
[2026-02-28 03:03:52]   ✓ Content fetched: 4213 characters
[2026-02-28 03:03:54] [215/20416] Processing regulation ID 26478...
[2026-02-28 03:03:58]   ✓ Content fetched: 215 characters
[2026-02-28 03:04:00] [216/20416] Processing regulation ID 26477...
[2026-02-28 03:04:04]   ✓ Content fetched: 251 characters
[2026-02-28 03:04:06] [217/20416] Processing regulation ID 26476...
[2026-02-28 03:04:09]   ✓ Content fetched: 232 characters
[2026-02-28 03:04:11] [218/20416] Processing regulation ID 26498...
[2026-02-28 03:04:15]   ✓ Content fetched: 111 characters
[2026-02-28 03:04:17] [219/20416] Processing regulation ID 26464...
[2026-02-28 03:04:21]   ✓ Content fetched: 5746 characters
[2026-02-28 03:04:23] [220/20416] Processing regulation ID 26470...
[2026-02-28 03:04:26]   ✓ Content fetched: 111 characters
[2026-02-28 03:04:26] [PROGRESS] Saved: 220/20416 (1.1%) - With content: 220
[2026-02-28 03:04:28] [221/20416] Processing regulation ID 26468...
[2026-02-28 03:04:32]   ✓ Content fetched: 225 characters
[2026-02-28 03:04:34] [222/20416] Processing regulation ID 26518...
[2026-02-28 03:04:37]   ✓ Content fetched: 4763 characters
[2026-02-28 03:04:39] [223/20416] Processing regulation ID 26462...
[2026-02-28 03:04:43]   ✓ Content fetched: 4237 characters
[2026-02-28 03:04:45] [224/20416] Processing regulation ID 26538...
[2026-02-28 03:04:49]   ✓ Content fetched: 12976 characters
[2026-02-28 03:04:51] [225/20416] Processing regulation ID 26510...
[2026-02-28 03:04:55]   ✓ Content fetched: 10365 characters
[2026-02-28 03:04:57] [226/20416] Processing regulation ID 26500...
[2026-02-28 03:05:01]   ✓ Content fetched: 8963 characters
[2026-02-28 03:05:03] [227/20416] Processing regulation ID 26461...
[2026-02-28 03:05:07]   ✓ Content fetched: 3191 characters
[2026-02-28 03:05:09] [228/20416] Processing regulation ID 26459...
[2026-02-28 03:05:12]   ✓ Content fetched: 9100 characters
[2026-02-28 03:05:14] [229/20416] Processing regulation ID 26458...
[2026-02-28 03:05:18]   ✓ Content fetched: 10694 characters
[2026-02-28 03:05:20] [230/20416] Processing regulation ID 26475...
[2026-02-28 03:05:24]   ✓ Content fetched: 10581 characters
[2026-02-28 03:05:24] [PROGRESS] Saved: 230/20416 (1.1%) - With content: 230
[2026-02-28 03:05:26] [231/20416] Processing regulation ID 26469...
[2026-02-28 03:05:29]   ✓ Content fetched: 111 characters
[2026-02-28 03:05:31] [232/20416] Processing regulation ID 26472...
[2026-02-28 03:05:35]   ✓ Content fetched: 111 characters
[2026-02-28 03:05:37] [233/20416] Processing regulation ID 26451...
[2026-02-28 03:05:41]   ✓ Content fetched: 4237 characters
[2026-02-28 03:05:43] [234/20416] Processing regulation ID 26505...
[2026-02-28 03:05:47]   ✓ Content fetched: 9885 characters
[2026-02-28 03:05:49] [235/20416] Processing regulation ID 26467...
[2026-02-28 03:05:53]   ✓ Content fetched: 2148 characters
[2026-02-28 03:05:55] [236/20416] Processing regulation ID 26452...
[2026-02-28 03:05:58]   ✓ Content fetched: 4887 characters
[2026-02-28 03:06:00] [237/20416] Processing regulation ID 26448...
[2026-02-28 03:06:04]   ✓ Content fetched: 111 characters
[2026-02-28 03:06:06] [238/20416] Processing regulation ID 26721...
[2026-02-28 03:06:10]   ✓ Content fetched: 273 characters
[2026-02-28 03:06:12] [239/20416] Processing regulation ID 26714...
[2026-02-28 03:06:15]   ✓ Content fetched: 4169 characters
[2026-02-28 03:06:17] [240/20416] Processing regulation ID 26484...
[2026-02-28 03:06:21]   ✓ Content fetched: 9671 characters
[2026-02-28 03:06:21] [PROGRESS] Saved: 240/20416 (1.2%) - With content: 240
[2026-02-28 03:06:23] [241/20416] Processing regulation ID 26437...
[2026-02-28 03:06:27]   ✓ Content fetched: 4237 characters
[2026-02-28 03:06:29] [242/20416] Processing regulation ID 26915...
[2026-02-28 03:06:33]   ✓ Content fetched: 7759 characters
[2026-02-28 03:06:35] [243/20416] Processing regulation ID 26425...
[2026-02-28 03:06:38]   ✓ Content fetched: 4229 characters
[2026-02-28 03:06:40] [244/20416] Processing regulation ID 26480...
[2026-02-28 03:06:44]   ✓ Content fetched: 13040 characters
[2026-02-28 03:06:46] [245/20416] Processing regulation ID 26708...
[2026-02-28 03:06:49]   ✓ Content fetched: 7266 characters
[2026-02-28 03:06:51] [246/20416] Processing regulation ID 26426...
[2026-02-28 03:06:55]   ✓ Content fetched: 3458 characters
[2026-02-28 03:06:57] [247/20416] Processing regulation ID 26488...
[2026-02-28 03:07:01]   ✓ Content fetched: 3484 characters
[2026-02-28 03:07:03] [248/20416] Processing regulation ID 26455...
[2026-02-28 03:07:06]   ✓ Content fetched: 3362 characters
[2026-02-28 03:07:08] [249/20416] Processing regulation ID 26420...
[2026-02-28 03:07:12]   ✓ Content fetched: 111 characters
[2026-02-28 03:07:14] [250/20416] Processing regulation ID 26435...
[2026-02-28 03:07:18]   ✓ Content fetched: 11664 characters
[2026-02-28 03:07:18] [PROGRESS] Saved: 250/20416 (1.2%) - With content: 250
[2026-02-28 03:07:20] [251/20416] Processing regulation ID 26428...
[2026-02-28 03:07:23]   ✓ Content fetched: 5230 characters
[2026-02-28 03:07:25] [252/20416] Processing regulation ID 26419...
[2026-02-28 03:07:29]   ✓ Content fetched: 251 characters
[2026-02-28 03:07:31] [253/20416] Processing regulation ID 26418...
[2026-02-28 03:07:35]   ✓ Content fetched: 215 characters
[2026-02-28 03:07:37] [254/20416] Processing regulation ID 26443...
[2026-02-28 03:07:41]   ✓ Content fetched: 13359 characters
[2026-02-28 03:07:43] [255/20416] Processing regulation ID 26438...
[2026-02-28 03:07:46]   ✓ Content fetched: 12291 characters
[2026-02-28 03:07:48] [256/20416] Processing regulation ID 26410...
[2026-02-28 03:07:52]   ✓ Content fetched: 4225 characters
[2026-02-28 03:07:54] [257/20416] Processing regulation ID 26424...
[2026-02-28 03:07:57]   ✓ Content fetched: 7779 characters
[2026-02-28 03:07:59] [258/20416] Processing regulation ID 26411...
[2026-02-28 03:08:03]   ✓ Content fetched: 111 characters
[2026-02-28 03:08:05] [259/20416] Processing regulation ID 26471...
[2026-02-28 03:08:09]   ✓ Content fetched: 233 characters
[2026-02-28 03:08:11] [260/20416] Processing regulation ID 26450...
[2026-02-28 03:08:15]   ✓ Content fetched: 3276 characters
[2026-02-28 03:08:15] [PROGRESS] Saved: 260/20416 (1.3%) - With content: 260
[2026-02-28 03:08:17] [261/20416] Processing regulation ID 26447...
[2026-02-28 03:08:20]   ✓ Content fetched: 3732 characters
[2026-02-28 03:08:22] [262/20416] Processing regulation ID 26445...
[2026-02-28 03:08:26]   ✓ Content fetched: 3177 characters
[2026-02-28 03:08:28] [263/20416] Processing regulation ID 26444...
[2026-02-28 03:08:32]   ✓ Content fetched: 3077 characters
[2026-02-28 03:08:34] [264/20416] Processing regulation ID 26423...
[2026-02-28 03:08:37]   ✓ Content fetched: 3017 characters
[2026-02-28 03:08:39] [265/20416] Processing regulation ID 26422...
[2026-02-28 03:08:43]   ✓ Content fetched: 3203 characters
[2026-02-28 03:08:45] [266/20416] Processing regulation ID 26414...
[2026-02-28 03:08:49]   ✓ Content fetched: 3096 characters
[2026-02-28 03:08:51] [267/20416] Processing regulation ID 26413...
[2026-02-28 03:08:55]   ✓ Content fetched: 3103 characters
[2026-02-28 03:08:57] [268/20416] Processing regulation ID 26412...
[2026-02-28 03:09:00]   ✓ Content fetched: 3551 characters
[2026-02-28 03:09:02] [269/20416] Processing regulation ID 26400...
[2026-02-28 03:09:06]   ✓ Content fetched: 4220 characters
[2026-02-28 03:09:08] [270/20416] Processing regulation ID 26404...
[2026-02-28 03:09:12]   ✓ Content fetched: 11588 characters
[2026-02-28 03:09:12] [PROGRESS] Saved: 270/20416 (1.3%) - With content: 270
[2026-02-28 03:09:14] [271/20416] Processing regulation ID 26433...
[2026-02-28 03:09:18]   ✓ Content fetched: 283 characters
[2026-02-28 03:09:20] [272/20416] Processing regulation ID 26406...
[2026-02-28 03:09:24]   ✓ Content fetched: 2144 characters
[2026-02-28 03:09:26] [273/20416] Processing regulation ID 26700...
[2026-02-28 03:09:29]   ✓ Content fetched: 317 characters
[2026-02-28 03:09:31] [274/20416] Processing regulation ID 26694...
[2026-02-28 03:09:35]   ✓ Content fetched: 2666 characters
[2026-02-28 03:09:37] [275/20416] Processing regulation ID 26407...
[2026-02-28 03:09:41]   ✓ Content fetched: 111 characters
[2026-02-28 03:09:43] [276/20416] Processing regulation ID 26397...
[2026-02-28 03:09:47]   ✓ Content fetched: 14694 characters
[2026-02-28 03:09:49] [277/20416] Processing regulation ID 26402...
[2026-02-28 03:09:53]   ✓ Content fetched: 12312 characters
[2026-02-28 03:09:55] [278/20416] Processing regulation ID 26479...
[2026-02-28 03:09:58]   ✓ Content fetched: 269 characters
[2026-02-28 03:10:00] [279/20416] Processing regulation ID 26389...
[2026-02-28 03:10:04]   ✓ Content fetched: 4220 characters
[2026-02-28 03:10:06] [280/20416] Processing regulation ID 26497...
[2026-02-28 03:10:10]   ✓ Content fetched: 238 characters
[2026-02-28 03:10:10] [PROGRESS] Saved: 280/20416 (1.4%) - With content: 280
[2026-02-28 03:10:12] [281/20416] Processing regulation ID 26379...
[2026-02-28 03:10:16]   ✓ Content fetched: 2782 characters
[2026-02-28 03:10:18] [282/20416] Processing regulation ID 26377...
[2026-02-28 03:10:22]   ✓ Content fetched: 14184 characters
[2026-02-28 03:10:24] [283/20416] Processing regulation ID 26373...
[2026-02-28 03:10:27]   ✓ Content fetched: 4216 characters
[2026-02-28 03:10:29] [284/20416] Processing regulation ID 26304...
[2026-02-28 03:10:33]   ✓ Content fetched: 9523 characters
[2026-02-28 03:10:35] [285/20416] Processing regulation ID 26376...
[2026-02-28 03:10:39]   ✓ Content fetched: 3255 characters
[2026-02-28 03:10:41] [286/20416] Processing regulation ID 26633...
[2026-02-28 03:10:45]   ✓ Content fetched: 7793 characters
[2026-02-28 03:10:47] [287/20416] Processing regulation ID 26369...
[2026-02-28 03:10:50]   ✓ Content fetched: 3441 characters
[2026-02-28 03:10:52] [288/20416] Processing regulation ID 26707...
[2026-02-28 03:10:56]   ✓ Content fetched: 3752 characters
[2026-02-28 03:10:58] [289/20416] Processing regulation ID 26387...
[2026-02-28 03:11:02]   ✓ Content fetched: 10174 characters
[2026-02-28 03:11:04] [290/20416] Processing regulation ID 26364...
[2026-02-28 03:11:08]   ✓ Content fetched: 111 characters
[2026-02-28 03:11:08] [PROGRESS] Saved: 290/20416 (1.4%) - With content: 290
[2026-02-28 03:11:10] [291/20416] Processing regulation ID 26526...
[2026-02-28 03:11:14]   ✓ Content fetched: 2872 characters
[2026-02-28 03:11:16] [292/20416] Processing regulation ID 26429...
[2026-02-28 03:11:20]   ✓ Content fetched: 13491 characters
[2026-02-28 03:11:22] [293/20416] Processing regulation ID 26372...
[2026-02-28 03:11:25]   ✓ Content fetched: 9972 characters
[2026-02-28 03:11:27] [294/20416] Processing regulation ID 26370...
[2026-02-28 03:11:31]   ✓ Content fetched: 3233 characters
[2026-02-28 03:11:33] [295/20416] Processing regulation ID 26366...
[2026-02-28 03:11:37]   ✓ Content fetched: 251 characters
[2026-02-28 03:11:39] [296/20416] Processing regulation ID 26363...
[2026-02-28 03:11:43]   ✓ Content fetched: 232 characters
[2026-02-28 03:11:45] [297/20416] Processing regulation ID 26362...
[2026-02-28 03:11:48]   ✓ Content fetched: 215 characters
[2026-02-28 03:11:50] [298/20416] Processing regulation ID 26728...
[2026-02-28 03:11:54]   ✓ Content fetched: 287 characters
[2026-02-28 03:11:56] [299/20416] Processing regulation ID 26360...
[2026-02-28 03:12:00]   ✓ Content fetched: 4204 characters
[2026-02-28 03:12:02] [300/20416] Processing regulation ID 26704...
[2026-02-28 03:12:06]   ✓ Content fetched: 111 characters
[2026-02-28 03:12:06] [PROGRESS] Saved: 300/20416 (1.5%) - With content: 300
[2026-02-28 03:12:08] [301/20416] Processing regulation ID 26723...
[2026-02-28 03:12:11]   ✓ Content fetched: 111 characters
[2026-02-28 03:12:13] [302/20416] Processing regulation ID 26359...
[2026-02-28 03:12:17]   ✓ Content fetched: 6120 characters
[2026-02-28 03:12:19] [303/20416] Processing regulation ID 26358...
[2026-02-28 03:12:23]   ✓ Content fetched: 7977 characters
[2026-02-28 03:12:25] [304/20416] Processing regulation ID 26357...
[2026-02-28 03:12:29]   ✓ Content fetched: 11968 characters
[2026-02-28 03:12:31] [305/20416] Processing regulation ID 26356...
[2026-02-28 03:12:35]   ✓ Content fetched: 15745 characters
[2026-02-28 03:12:37] [306/20416] Processing regulation ID 26368...
[2026-02-28 03:12:41]   ✓ Content fetched: 13561 characters
[2026-02-28 03:12:43] [307/20416] Processing regulation ID 26415...
[2026-02-28 03:12:46]   ✓ Content fetched: 2657 characters
[2026-02-28 03:12:48] [308/20416] Processing regulation ID 26386...
[2026-02-28 03:12:52]   ✓ Content fetched: 10715 characters
[2026-02-28 03:12:54] [309/20416] Processing regulation ID 26341...
[2026-02-28 03:12:58]   ✓ Content fetched: 111 characters
[2026-02-28 03:13:00] [310/20416] Processing regulation ID 26417...
[2026-02-28 03:13:04]   ✓ Content fetched: 11367 characters
[2026-02-28 03:13:04] [PROGRESS] Saved: 310/20416 (1.5%) - With content: 310
[2026-02-28 03:13:06] [311/20416] Processing regulation ID 26335...
[2026-02-28 03:13:10]   ✓ Content fetched: 4197 characters
[INIT] Loading regulations with CORRECT Ortax IDs...
[INIT] Loaded 20416 regulations with correct IDs
[2026-02-28 04:40:28] ======================================================================
[2026-02-28 04:40:28] FULL CONTENT SCRAPER - CORRECT ORTAX IDs - STARTING
[2026-02-28 04:40:28] Total regulations to process: 20416
[2026-02-28 04:40:28] ======================================================================
[2026-02-28 04:40:28] [RESUME] Resuming from regulation 310
[2026-02-28 04:40:28] [RESUME] Loaded 310 already processed
[2026-02-28 04:40:28] [INIT] Starting browser...
[2026-02-28 04:40:29] [INIT] Browser started, beginning scrape with CORRECT IDs...
[2026-02-28 04:40:29] [311/20416] Processing regulation ID 26335...
[2026-02-28 04:40:34]   ✓ Content fetched: 103 characters
[2026-02-28 04:40:36] [312/20416] Processing regulation ID 26385...
[2026-02-28 04:40:40]   ✓ Content fetched: 103 characters
[2026-02-28 04:40:42] [313/20416] Processing regulation ID 26440...
[2026-02-28 04:40:47]   ✓ Content fetched: 9786 characters
[2026-02-28 04:40:49] [314/20416] Processing regulation ID 26352...
[2026-02-28 04:40:53]   ✓ Content fetched: 3132 characters
[2026-02-28 04:40:55] [315/20416] Processing regulation ID 26351...
[2026-02-28 04:40:59]   ✓ Content fetched: 8749 characters
[2026-02-28 04:41:01] [316/20416] Processing regulation ID 26344...
[2026-02-28 04:41:04]   ✓ Content fetched: 7345 characters
[2026-02-28 04:41:06] [317/20416] Processing regulation ID 26343...
[2026-02-28 04:41:10]   ✓ Content fetched: 5293 characters
[2026-02-28 04:41:12] [318/20416] Processing regulation ID 26321...
[2026-02-28 04:41:16]   ✓ Content fetched: 4197 characters
[2026-02-28 04:41:18] [319/20416] Processing regulation ID 26349...
[2026-02-28 04:41:22]   ✓ Content fetched: 2138 characters
[2026-02-28 04:41:24] [320/20416] Processing regulation ID 26333...
[2026-02-28 04:41:28]   ✓ Content fetched: 1157 characters
[2026-02-28 04:41:28] [PROGRESS] Saved: 320/20416 (1.6%) - With content: 320
[2026-02-28 04:41:30] [321/20416] Processing regulation ID 26322...
[2026-02-28 04:41:34]   ✓ Content fetched: 10970 characters
[2026-02-28 04:41:36] [322/20416] Processing regulation ID 26320...
[2026-02-28 04:41:40]   ✓ Content fetched: 111 characters
[2026-02-28 04:41:42] [323/20416] Processing regulation ID 26702...
[2026-02-28 04:41:46]   ✓ Content fetched: 4518 characters
[2026-02-28 04:41:48] [324/20416] Processing regulation ID 26308...
[2026-02-28 04:41:52]   ✓ Content fetched: 4193 characters
[2026-02-28 04:41:54] [325/20416] Processing regulation ID 26743...
[2026-02-28 04:41:57]   ✓ Content fetched: 8630 characters
[2026-02-28 04:41:59] [326/20416] Processing regulation ID 26446...
[2026-02-28 04:42:03]   ✓ Content fetched: 11037 characters
[2026-02-28 04:42:05] [327/20416] Processing regulation ID 26672...
[2026-02-28 04:42:09]   ✓ Content fetched: 9484 characters
[2026-02-28 04:42:11] [328/20416] Processing regulation ID 26529...
[2026-02-28 04:42:15]   ✓ Content fetched: 9651 characters
[2026-02-28 04:42:17] [329/20416] Processing regulation ID 26530...
[2026-02-28 04:42:22]   ✓ Content fetched: 10305 characters
[2026-02-28 04:42:24] [330/20416] Processing regulation ID 26679...
[2026-02-28 04:42:28]   ✓ Content fetched: 12287 characters
[2026-02-28 04:42:28] [PROGRESS] Saved: 330/20416 (1.6%) - With content: 330
[2026-02-28 04:42:30] [331/20416] Processing regulation ID 26302...
[2026-02-28 04:42:33]   ✓ Content fetched: 4189 characters
[2026-02-28 04:42:35] [332/20416] Processing regulation ID 26693...
[2026-02-28 04:42:39]   ✓ Content fetched: 111 characters
[2026-02-28 04:42:41] [333/20416] Processing regulation ID 26457...
[2026-02-28 04:42:45]   ✓ Content fetched: 3337 characters
[2026-02-28 04:42:47] [334/20416] Processing regulation ID 26318...
[2026-02-28 04:42:51]   ✓ Content fetched: 11823 characters
[2026-02-28 04:42:53] [335/20416] Processing regulation ID 26317...
[2026-02-28 04:42:57]   ✓ Content fetched: 11894 characters
[2026-02-28 04:42:59] [336/20416] Processing regulation ID 26316...
[2026-02-28 04:43:03]   ✓ Content fetched: 11214 characters
[2026-02-28 04:43:05] [337/20416] Processing regulation ID 26315...
[2026-02-28 04:43:09]   ✓ Content fetched: 11511 characters
[2026-02-28 04:43:11] [338/20416] Processing regulation ID 26313...
[2026-02-28 04:43:15]   ✓ Content fetched: 11450 characters
[2026-02-28 04:43:17] [339/20416] Processing regulation ID 26311...
[2026-02-28 04:43:21]   ✓ Content fetched: 11518 characters
[2026-02-28 04:43:23] [340/20416] Processing regulation ID 26310...
[2026-02-28 04:43:27]   ✓ Content fetched: 11571 characters
[2026-02-28 04:43:27] [PROGRESS] Saved: 340/20416 (1.7%) - With content: 340
[2026-02-28 04:43:29] [341/20416] Processing regulation ID 26309...
[2026-02-28 04:43:34]   ✓ Content fetched: 11919 characters
[2026-02-28 04:43:36] [342/20416] Processing regulation ID 26305...
[2026-02-28 04:43:40]   ✓ Content fetched: 3255 characters
[2026-02-28 04:43:42] [343/20416] Processing regulation ID 26301...
[2026-02-28 04:43:46]   ✓ Content fetched: 232 characters
[2026-02-28 04:43:48] [344/20416] Processing regulation ID 26300...
[2026-02-28 04:43:51]   ✓ Content fetched: 251 characters
[2026-02-28 04:43:53] [345/20416] Processing regulation ID 26299...
[2026-02-28 04:43:57]   ✓ Content fetched: 215 characters
[2026-02-28 04:43:59] [346/20416] Processing regulation ID 26298...
[2026-02-28 04:44:03]   ✓ Content fetched: 111 characters
[2026-02-28 04:44:05] [347/20416] Processing regulation ID 26314...
[2026-02-28 04:44:09]   ✓ Content fetched: 11888 characters
[2026-02-28 04:44:11] [348/20416] Processing regulation ID 26729...
[2026-02-28 04:44:15]   ✓ Content fetched: 12357 characters
[2026-02-28 04:44:17] [349/20416] Processing regulation ID 26296...
[2026-02-28 04:44:21]   ✓ Content fetched: 3420 characters
[2026-02-28 04:44:23] [350/20416] Processing regulation ID 26303...
[2026-02-28 04:44:26]   ✓ Content fetched: 9063 characters
[2026-02-28 04:44:26] [PROGRESS] Saved: 350/20416 (1.7%) - With content: 350
[2026-02-28 04:44:28] [351/20416] Processing regulation ID 26294...
[2026-02-28 04:44:32]   ✓ Content fetched: 2715 characters
[2026-02-28 04:44:34] [352/20416] Processing regulation ID 26293...
[2026-02-28 04:44:38]   ✓ Content fetched: 4193 characters
[2026-02-28 04:44:40] [353/20416] Processing regulation ID 26740...
[2026-02-28 04:44:44]   ✓ Content fetched: 10951 characters
[2026-02-28 04:44:46] [354/20416] Processing regulation ID 26295...
[2026-02-28 04:44:50]   ✓ Content fetched: 111 characters
[2026-02-28 04:44:52] [355/20416] Processing regulation ID 26292...
[2026-02-28 04:44:56]   ✓ Content fetched: 852 characters
[2026-02-28 04:44:58] [356/20416] Processing regulation ID 26865...
[2026-02-28 04:45:02]   ✓ Content fetched: 6095 characters
[2026-02-28 04:45:04] [357/20416] Processing regulation ID 26535...
[2026-02-28 04:45:07]   ✓ Content fetched: 6459 characters
[2026-02-28 04:45:09] [358/20416] Processing regulation ID 26416...
[2026-02-28 04:45:13]   ✓ Content fetched: 4200 characters
[2026-02-28 04:45:15] [359/20416] Processing regulation ID 26436...
[2026-02-28 04:45:19]   ✓ Content fetched: 13029 characters
[2026-02-28 04:45:21] [360/20416] Processing regulation ID 26286...
[2026-02-28 04:45:25]   ✓ Content fetched: 4197 characters
[2026-02-28 04:45:25] [PROGRESS] Saved: 360/20416 (1.8%) - With content: 360
[2026-02-28 04:45:27] [361/20416] Processing regulation ID 26439...
[2026-02-28 04:45:31]   ✓ Content fetched: 10544 characters
[2026-02-28 04:45:33] [362/20416] Processing regulation ID 26401...
[2026-02-28 04:45:37]   ✓ Content fetched: 12365 characters
[2026-02-28 04:45:39] [363/20416] Processing regulation ID 26297...
[2026-02-28 04:45:43]   ✓ Content fetched: 2138 characters
[2026-02-28 04:45:45] [364/20416] Processing regulation ID 26279...
[2026-02-28 04:45:49]   ✓ Content fetched: 111 characters
[2026-02-28 04:45:51] [365/20416] Processing regulation ID 26860...
[2026-02-28 04:45:55]   ✓ Content fetched: 9197 characters
[2026-02-28 04:45:57] [366/20416] Processing regulation ID 26641...
[2026-02-28 04:46:01]   ✓ Content fetched: 4496 characters
[2026-02-28 04:46:03] [367/20416] Processing regulation ID 26319...
[2026-02-28 04:46:06]   ✓ Content fetched: 13518 characters
[2026-02-28 04:46:08] [368/20416] Processing regulation ID 26276...
[2026-02-28 04:46:12]   ✓ Content fetched: 4652 characters
[2026-02-28 04:46:14] [369/20416] Processing regulation ID 26337...
[2026-02-28 04:46:18]   ✓ Content fetched: 7423 characters
[2026-02-28 04:46:20] [370/20416] Processing regulation ID 26517...
[2026-02-28 04:46:24]   ✓ Content fetched: 6447 characters
[2026-02-28 04:46:24] [PROGRESS] Saved: 370/20416 (1.8%) - With content: 370
[2026-02-28 04:46:26] [371/20416] Processing regulation ID 26307...
[2026-02-28 04:46:29]   ✓ Content fetched: 9130 characters
[2026-02-28 04:46:31] [372/20416] Processing regulation ID 26291...
[2026-02-28 04:46:37]   ✓ Content fetched: 10079 characters
[2026-02-28 04:46:39] [373/20416] Processing regulation ID 26434...
[2026-02-28 04:46:43]   ✓ Content fetched: 10282 characters
[2026-02-28 04:46:45] [374/20416] Processing regulation ID 26269...
[2026-02-28 04:46:48]   ✓ Content fetched: 12834 characters
[2026-02-28 04:46:50] [375/20416] Processing regulation ID 26325...
[2026-02-28 04:46:54]   ✓ Content fetched: 9063 characters
[2026-02-28 04:46:56] [376/20416] Processing regulation ID 26431...
[2026-02-28 04:47:00]   ✓ Content fetched: 7530 characters
[2026-02-28 04:47:02] [377/20416] Processing regulation ID 26263...
[2026-02-28 04:47:06]   ✓ Content fetched: 4627 characters
[2026-02-28 04:47:08] [378/20416] Processing regulation ID 26329...
[2026-02-28 04:47:12]   ✓ Content fetched: 12141 characters
[2026-02-28 04:47:14] [379/20416] Processing regulation ID 26266...
[2026-02-28 04:47:17]   ✓ Content fetched: 3255 characters
[2026-02-28 04:47:19] [380/20416] Processing regulation ID 26254...
[2026-02-28 04:47:23]   ✓ Content fetched: 232 characters
[2026-02-28 04:47:23] [PROGRESS] Saved: 380/20416 (1.9%) - With content: 380
[2026-02-28 04:47:25] [381/20416] Processing regulation ID 26253...
[2026-02-28 04:47:29]   ✓ Content fetched: 251 characters
[2026-02-28 04:47:31] [382/20416] Processing regulation ID 26252...
[2026-02-28 04:47:35]   ✓ Content fetched: 111 characters
[2026-02-28 04:47:37] [383/20416] Processing regulation ID 26251...
[2026-02-28 04:47:40]   ✓ Content fetched: 215 characters
[2026-02-28 04:47:42] [384/20416] Processing regulation ID 26737...
[2026-02-28 04:47:46]   ✓ Content fetched: 3333 characters
[2026-02-28 04:47:48] [385/20416] Processing regulation ID 26255...
[2026-02-28 04:47:52]   ✓ Content fetched: 3087 characters
[2026-02-28 04:47:54] [386/20416] Processing regulation ID 26260...
[2026-02-28 04:47:57]   ✓ Content fetched: 5206 characters
[2026-02-28 04:47:59] [387/20416] Processing regulation ID 26243...
[2026-02-28 04:48:03]   ✓ Content fetched: 4623 characters
[2026-02-28 04:48:05] [388/20416] Processing regulation ID 26256...
[2026-02-28 04:48:09]   ✓ Content fetched: 12465 characters
[2026-02-28 04:48:11] [389/20416] Processing regulation ID 26244...
[2026-02-28 04:48:15]   ✓ Content fetched: 9422 characters
[2026-02-28 04:48:17] [390/20416] Processing regulation ID 26511...
[2026-02-28 04:48:20]   ✓ Content fetched: 13694 characters
[2026-02-28 04:48:20] [PROGRESS] Saved: 390/20416 (1.9%) - With content: 390
[2026-02-28 04:48:22] [391/20416] Processing regulation ID 26282...
[2026-02-28 04:48:26]   ✓ Content fetched: 13420 characters
[2026-02-28 04:48:28] [392/20416] Processing regulation ID 26278...
[2026-02-28 04:48:32]   ✓ Content fetched: 10982 characters
[2026-02-28 04:48:34] [393/20416] Processing regulation ID 26275...
[2026-02-28 04:48:38]   ✓ Content fetched: 10230 characters
[2026-02-28 04:48:40] [394/20416] Processing regulation ID 26241...
[2026-02-28 04:48:44]   ✓ Content fetched: 16753 characters
[2026-02-28 04:48:46] [395/20416] Processing regulation ID 26868...
[2026-02-28 04:48:50]   ✓ Content fetched: 11300 characters
[2026-02-28 04:48:52] [396/20416] Processing regulation ID 26274...
[2026-02-28 04:48:56]   ✓ Content fetched: 13826 characters
[2026-02-28 04:48:58] [397/20416] Processing regulation ID 26272...
[2026-02-28 04:49:02]   ✓ Content fetched: 13512 characters
[2026-02-28 04:49:04] [398/20416] Processing regulation ID 26242...
[2026-02-28 04:49:09]   ✓ Content fetched: 13817 characters
[2026-02-28 04:49:11] [399/20416] Processing regulation ID 26716...
[2026-02-28 04:49:15]   ✓ Content fetched: 4575 characters
[2026-02-28 04:49:17] [400/20416] Processing regulation ID 26237...
[2026-02-28 04:49:21]   ✓ Content fetched: 4623 characters
[2026-02-28 04:49:21] [PROGRESS] Saved: 400/20416 (2.0%) - With content: 400
[2026-02-28 04:49:23] [401/20416] Processing regulation ID 26705...
[2026-02-28 04:49:27]   ✓ Content fetched: 252 characters
[2026-02-28 04:49:29] [402/20416] Processing regulation ID 26430...
[2026-02-28 04:49:32]   ✓ Content fetched: 3116 characters
[2026-02-28 04:49:34] [403/20416] Processing regulation ID 26234...
[2026-02-28 04:49:38]   ✓ Content fetched: 2136 characters
[2026-02-28 04:49:40] [404/20416] Processing regulation ID 26231...
[2026-02-28 04:49:44]   ✓ Content fetched: 111 characters
[2026-02-28 04:49:46] [405/20416] Processing regulation ID 26229...
[2026-02-28 04:49:50]   ✓ Content fetched: 4623 characters
[2026-02-28 04:49:52] [406/20416] Processing regulation ID 26536...
[2026-02-28 04:49:55]   ✓ Content fetched: 10262 characters
[2026-02-28 04:49:57] [407/20416] Processing regulation ID 26238...
[2026-02-28 04:50:01]   ✓ Content fetched: 10983 characters
[2026-02-28 04:50:03] [408/20416] Processing regulation ID 26703...
[2026-02-28 04:50:07]   ✓ Content fetched: 6320 characters
[2026-02-28 04:50:09] [409/20416] Processing regulation ID 26442...
[2026-02-28 04:50:12]   ✓ Content fetched: 10106 characters
[2026-02-28 04:50:14] [410/20416] Processing regulation ID 26283...
[2026-02-28 04:50:18]   ✓ Content fetched: 5157 characters
[2026-02-28 04:50:18] [PROGRESS] Saved: 410/20416 (2.0%) - With content: 410
[2026-02-28 04:50:20] [411/20416] Processing regulation ID 26220...
[2026-02-28 04:50:24]   ✓ Content fetched: 4619 characters
[2026-02-28 04:50:26] [412/20416] Processing regulation ID 26454...
[2026-02-28 04:50:30]   ✓ Content fetched: 10008 characters
[2026-02-28 04:50:32] [413/20416] Processing regulation ID 26230...
[2026-02-28 04:50:36]   ✓ Content fetched: 7658 characters
[2026-02-28 04:50:38] [414/20416] Processing regulation ID 26744...
[2026-02-28 04:50:41]   ✓ Content fetched: 8968 characters
[2026-02-28 04:50:43] [415/20416] Processing regulation ID 26285...
[2026-02-28 04:50:47]   ✓ Content fetched: 10637 characters
[2026-02-28 04:50:49] [416/20416] Processing regulation ID 26250...
[2026-02-28 04:50:53]   ✓ Content fetched: 13853 characters
[2026-02-28 04:50:55] [417/20416] Processing regulation ID 26249...
[2026-02-28 04:50:59]   ✓ Content fetched: 15107 characters
[2026-02-28 04:51:01] [418/20416] Processing regulation ID 26248...
[2026-02-28 04:51:05]   ✓ Content fetched: 13772 characters
[2026-02-28 04:51:07] [419/20416] Processing regulation ID 26247...
[2026-02-28 04:51:11]   ✓ Content fetched: 13434 characters
[2026-02-28 04:51:13] [420/20416] Processing regulation ID 26246...
[2026-02-28 04:51:17]   ✓ Content fetched: 15042 characters
[2026-02-28 04:51:17] [PROGRESS] Saved: 420/20416 (2.1%) - With content: 420
[2026-02-28 04:51:19] [421/20416] Processing regulation ID 26226...
[2026-02-28 04:51:22]   ✓ Content fetched: 6580 characters
[2026-02-28 04:51:24] [422/20416] Processing regulation ID 26222...
[2026-02-28 04:51:28]   ✓ Content fetched: 3303 characters
[2026-02-28 04:51:30] [423/20416] Processing regulation ID 26214...
[2026-02-28 04:51:34]   ✓ Content fetched: 2535 characters
[2026-02-28 04:51:36] [424/20416] Processing regulation ID 26336...
[2026-02-28 04:51:40]   ✓ Content fetched: 4009 characters
[2026-02-28 04:51:42] [425/20416] Processing regulation ID 26223...
[2026-02-28 04:51:46]   ✓ Content fetched: 8043 characters
[2026-02-28 04:51:48] [426/20416] Processing regulation ID 26212...
[2026-02-28 04:51:51]   ✓ Content fetched: 232 characters
[2026-02-28 04:51:53] [427/20416] Processing regulation ID 26211...
[2026-02-28 04:51:57]   ✓ Content fetched: 251 characters
[2026-02-28 04:51:59] [428/20416] Processing regulation ID 26210...
[2026-02-28 04:52:03]   ✓ Content fetched: 215 characters
[2026-02-28 04:52:05] [429/20416] Processing regulation ID 26209...
[2026-02-28 04:52:08]   ✓ Content fetched: 111 characters
[2026-02-28 04:52:10] [430/20416] Processing regulation ID 26205...
[2026-02-28 04:52:14]   ✓ Content fetched: 5841 characters
[2026-02-28 04:52:14] [PROGRESS] Saved: 430/20416 (2.1%) - With content: 430
[2026-02-28 04:52:16] [431/20416] Processing regulation ID 26206...
[2026-02-28 04:52:20]   ✓ Content fetched: 4627 characters
[2026-02-28 04:52:22] [432/20416] Processing regulation ID 26720...
[2026-02-28 04:52:26]   ✓ Content fetched: 9138 characters
[2026-02-28 04:52:28] [433/20416] Processing regulation ID 26528...
[2026-02-28 04:52:32]   ✓ Content fetched: 10520 characters
[2026-02-28 04:52:34] [434/20416] Processing regulation ID 26204...
[2026-02-28 04:52:37]   ✓ Content fetched: 4683 characters
[2026-02-28 04:52:39] [435/20416] Processing regulation ID 26198...
[2026-02-28 04:52:43]   ✓ Content fetched: 4639 characters
[2026-02-28 04:52:45] [436/20416] Processing regulation ID 26202...
[2026-02-28 04:52:49]   ✓ Content fetched: 7582 characters
[2026-02-28 04:52:51] [437/20416] Processing regulation ID 26188...
[2026-02-28 04:52:55]   ✓ Content fetched: 4639 characters
[2026-02-28 04:52:57] [438/20416] Processing regulation ID 26208...
[2026-02-28 04:53:01]   ✓ Content fetched: 10047 characters
[2026-02-28 04:53:03] [439/20416] Processing regulation ID 26203...
[2026-02-28 04:53:09]   ✓ Content fetched: 1965 characters
[2026-02-28 04:53:11] [440/20416] Processing regulation ID 26193...
[2026-02-28 04:53:15]   ✓ Content fetched: 11270 characters
[2026-02-28 04:53:15] [PROGRESS] Saved: 440/20416 (2.2%) - With content: 440
[2026-02-28 04:53:17] [441/20416] Processing regulation ID 26189...
[2026-02-28 04:53:20]   ✓ Content fetched: 111 characters
[2026-02-28 04:53:22] [442/20416] Processing regulation ID 26216...
[2026-02-28 04:53:26]   ✓ Content fetched: 11826 characters
[2026-02-28 04:53:28] [443/20416] Processing regulation ID 26284...
[2026-02-28 04:53:32]   ✓ Content fetched: 11856 characters
[2026-02-28 04:53:34] [444/20416] Processing regulation ID 26665...
[2026-02-28 04:53:38]   ✓ Content fetched: 231 characters
[2026-02-28 04:53:40] [445/20416] Processing regulation ID 26745...
[2026-02-28 04:53:44]   ✓ Content fetched: 9923 characters
[2026-02-28 04:53:46] [446/20416] Processing regulation ID 26175...
[2026-02-28 04:53:49]   ✓ Content fetched: 4635 characters
[2026-02-28 04:53:51] [447/20416] Processing regulation ID 26731...
[2026-02-28 04:53:55]   ✓ Content fetched: 10943 characters
[2026-02-28 04:53:57] [448/20416] Processing regulation ID 26741...
[2026-02-28 04:54:01]   ✓ Content fetched: 5584 characters
[2026-02-28 04:54:03] [449/20416] Processing regulation ID 26287...
[2026-02-28 04:54:07]   ✓ Content fetched: 13091 characters
[2026-02-28 04:54:09] [450/20416] Processing regulation ID 26181...
[2026-02-28 04:54:13]   ✓ Content fetched: 3517 characters
[2026-02-28 04:54:13] [PROGRESS] Saved: 450/20416 (2.2%) - With content: 450
[2026-02-28 04:54:15] [451/20416] Processing regulation ID 26171...
[2026-02-28 04:54:19]   ✓ Content fetched: 111 characters
[2026-02-28 04:54:21] [452/20416] Processing regulation ID 26169...
[2026-02-28 04:54:24]   ✓ Content fetched: 5861 characters
[2026-02-28 04:54:26] [453/20416] Processing regulation ID 26168...
[2026-02-28 04:54:30]   ✓ Content fetched: 2551 characters
[2026-02-28 04:54:32] [454/20416] Processing regulation ID 26174...
[2026-02-28 04:54:36]   ✓ Content fetched: 215 characters
[2026-02-28 04:54:38] [455/20416] Processing regulation ID 26173...
[2026-02-28 04:54:41]   ✓ Content fetched: 251 characters
[2026-02-28 04:54:43] [456/20416] Processing regulation ID 26172...
[2026-02-28 04:54:47]   ✓ Content fetched: 232 characters
[2026-02-28 04:54:49] [457/20416] Processing regulation ID 26167...
[2026-02-28 04:54:53]   ✓ Content fetched: 4258 characters
[2026-02-28 04:54:55] [458/20416] Processing regulation ID 26166...
[2026-02-28 04:54:58]   ✓ Content fetched: 817 characters
[2026-02-28 04:55:00] [459/20416] Processing regulation ID 26183...
[2026-02-28 04:55:04]   ✓ Content fetched: 111 characters
[2026-02-28 04:55:06] [460/20416] Processing regulation ID 26863...
[2026-02-28 04:55:10]   ✓ Content fetched: 13131 characters
[2026-02-28 04:55:10] [PROGRESS] Saved: 460/20416 (2.3%) - With content: 460
[2026-02-28 04:55:12] [461/20416] Processing regulation ID 26165...
[2026-02-28 04:55:16]   ✓ Content fetched: 4756 characters
[2026-02-28 04:55:18] [462/20416] Processing regulation ID 26265...
[2026-02-28 04:55:22]   ✓ Content fetched: 10138 characters
[2026-02-28 04:55:24] [463/20416] Processing regulation ID 26180...
[2026-02-28 04:55:27]   ✓ Content fetched: 4401 characters
[2026-02-28 04:55:29] [464/20416] Processing regulation ID 26880...
[2026-02-28 04:55:33]   ✓ Content fetched: 11412 characters
[2026-02-28 04:55:35] [465/20416] Processing regulation ID 26154...
[2026-02-28 04:55:39]   ✓ Content fetched: 4639 characters
[2026-02-28 04:55:41] [466/20416] Processing regulation ID 26176...
[2026-02-28 04:55:45]   ✓ Content fetched: 5784 characters
[2026-02-28 04:55:47] [467/20416] Processing regulation ID 26159...
[2026-02-28 04:55:51]   ✓ Content fetched: 5759 characters
[2026-02-28 04:55:53] [468/20416] Processing regulation ID 26157...
[2026-02-28 04:55:57]   ✓ Content fetched: 5898 characters
[2026-02-28 04:55:59] [469/20416] Processing regulation ID 26156...
[2026-02-28 04:56:02]   ✓ Content fetched: 2248 characters
[2026-02-28 04:56:04] [470/20416] Processing regulation ID 26155...
[2026-02-28 04:56:08]   ✓ Content fetched: 2066 characters
[2026-02-28 04:56:08] [PROGRESS] Saved: 470/20416 (2.3%) - With content: 470
[2026-02-28 04:56:10] [471/20416] Processing regulation ID 26153...
[2026-02-28 04:56:14]   ✓ Content fetched: 111 characters
[2026-02-28 04:56:16] [472/20416] Processing regulation ID 26152...
[2026-02-28 04:56:20]   ✓ Content fetched: 111 characters
[2026-02-28 04:56:22] [473/20416] Processing regulation ID 26866...
[2026-02-28 04:56:25]   ✓ Content fetched: 9138 characters
[2026-02-28 04:56:27] [474/20416] Processing regulation ID 26186...
[2026-02-28 04:56:31]   ✓ Content fetched: 8792 characters
[2026-02-28 04:56:33] [475/20416] Processing regulation ID 26161...
[2026-02-28 04:56:37]   ✓ Content fetched: 5321 characters
[2026-02-28 04:56:39] [476/20416] Processing regulation ID 26160...
[2026-02-28 04:56:43]   ✓ Content fetched: 4230 characters
[2026-02-28 04:56:45] [477/20416] Processing regulation ID 26163...
[2026-02-28 04:56:48]   ✓ Content fetched: 7014 characters
[2026-02-28 04:56:50] [478/20416] Processing regulation ID 26146...
[2026-02-28 04:56:54]   ✓ Content fetched: 4639 characters
[2026-02-28 04:56:56] [479/20416] Processing regulation ID 26145...
[2026-02-28 04:57:00]   ✓ Content fetched: 3602 characters
[2026-02-28 04:57:02] [480/20416] Processing regulation ID 26164...
[2026-02-28 04:57:06]   ✓ Content fetched: 11951 characters
[2026-02-28 04:57:06] [PROGRESS] Saved: 480/20416 (2.4%) - With content: 480
[2026-02-28 04:57:08] [481/20416] Processing regulation ID 26162...
[2026-02-28 04:57:12]   ✓ Content fetched: 6407 characters
[2026-02-28 04:57:14] [482/20416] Processing regulation ID 26149...
[2026-02-28 04:57:17]   ✓ Content fetched: 5280 characters
[2026-02-28 04:57:19] [483/20416] Processing regulation ID 26182...
[2026-02-28 04:57:23]   ✓ Content fetched: 257 characters
[2026-02-28 04:57:25] [484/20416] Processing regulation ID 26151...
[2026-02-28 04:57:29]   ✓ Content fetched: 10418 characters
[2026-02-28 04:57:31] [485/20416] Processing regulation ID 26143...
[2026-02-28 04:57:35]   ✓ Content fetched: 2629 characters
[2026-02-28 04:57:37] [486/20416] Processing regulation ID 26139...
[2026-02-28 04:57:41]   ✓ Content fetched: 4635 characters
[2026-02-28 04:57:43] [487/20416] Processing regulation ID 26668...
[2026-02-28 04:57:46]   ✓ Content fetched: 10059 characters
[2026-02-28 04:57:48] [488/20416] Processing regulation ID 26405...
[2026-02-28 04:57:52]   ✓ Content fetched: 227 characters
[2026-02-28 04:57:54] [489/20416] Processing regulation ID 26150...
[2026-02-28 04:57:58]   ✓ Content fetched: 6486 characters
[2026-02-28 04:58:00] [490/20416] Processing regulation ID 26148...
[2026-02-28 04:58:04]   ✓ Content fetched: 10532 characters
[2026-02-28 04:58:04] [PROGRESS] Saved: 490/20416 (2.4%) - With content: 490
[2026-02-28 04:58:06] [491/20416] Processing regulation ID 26147...
[2026-02-28 04:58:10]   ✓ Content fetched: 3082 characters
[2026-02-28 04:58:12] [492/20416] Processing regulation ID 26132...
[2026-02-28 04:58:16]   ✓ Content fetched: 1804 characters
[2026-02-28 04:58:18] [493/20416] Processing regulation ID 26137...
[2026-02-28 04:58:21]   ✓ Content fetched: 232 characters
[2026-02-28 04:58:23] [494/20416] Processing regulation ID 26136...
[2026-02-28 04:58:27]   ✓ Content fetched: 251 characters
[2026-02-28 04:58:29] [495/20416] Processing regulation ID 26135...
[2026-02-28 04:58:33]   ✓ Content fetched: 215 characters
[2026-02-28 04:58:35] [496/20416] Processing regulation ID 26134...
[2026-02-28 04:58:39]   ✓ Content fetched: 12566 characters
[2026-02-28 04:58:41] [497/20416] Processing regulation ID 26131...
[2026-02-28 04:58:44]   ✓ Content fetched: 5428 characters
[2026-02-28 04:58:46] [498/20416] Processing regulation ID 26130...
[2026-02-28 04:58:50]   ✓ Content fetched: 7753 characters
[2026-02-28 04:58:52] [499/20416] Processing regulation ID 26144...
[2026-02-28 04:58:56]   ✓ Content fetched: 9423 characters
[2026-02-28 04:58:58] [500/20416] Processing regulation ID 26133...
[2026-02-28 04:59:01]   ✓ Content fetched: 2549 characters
[2026-02-28 04:59:01] [PROGRESS] Saved: 500/20416 (2.4%) - With content: 500
[2026-02-28 04:59:03] [501/20416] Processing regulation ID 26138...
[2026-02-28 04:59:07]   ✓ Content fetched: 3911 characters
[2026-02-28 04:59:09] [502/20416] Processing regulation ID 26125...
[2026-02-28 04:59:13]   ✓ Content fetched: 4647 characters
[2026-02-28 04:59:15] [503/20416] Processing regulation ID 26449...
[2026-02-28 04:59:20]   ✓ Content fetched: 111 characters
[2026-02-28 04:59:22] [504/20416] Processing regulation ID 26912...
[2026-02-28 04:59:26]   ✓ Content fetched: 8680 characters
[2026-02-28 04:59:28] [505/20416] Processing regulation ID 26127...
[2026-02-28 04:59:32]   ✓ Content fetched: 12706 characters
[2026-02-28 04:59:34] [506/20416] Processing regulation ID 26124...
[2026-02-28 04:59:38]   ✓ Content fetched: 1284 characters
[2026-02-28 04:59:40] [507/20416] Processing regulation ID 26119...
[2026-02-28 04:59:44]   ✓ Content fetched: 4663 characters
[2026-02-28 04:59:46] [508/20416] Processing regulation ID 26747...
[2026-02-28 04:59:50]   ✓ Content fetched: 5825 characters
[2026-02-28 04:59:52] [509/20416] Processing regulation ID 26140...
[2026-02-28 04:59:55]   ✓ Content fetched: 10749 characters
[2026-02-28 04:59:57] [510/20416] Processing regulation ID 26123...
[2026-02-28 05:00:01]   ✓ Content fetched: 4178 characters
[2026-02-28 05:00:01] [PROGRESS] Saved: 510/20416 (2.5%) - With content: 510
[2026-02-28 05:00:03] [511/20416] Processing regulation ID 26395...
[2026-02-28 05:00:07]   ✓ Content fetched: 10811 characters
[2026-02-28 05:00:09] [512/20416] Processing regulation ID 26129...
[2026-02-28 05:00:12]   ✓ Content fetched: 4371 characters
[2026-02-28 05:00:14] [513/20416] Processing regulation ID 26112...
[2026-02-28 05:00:18]   ✓ Content fetched: 2087 characters
[2026-02-28 05:00:20] [514/20416] Processing regulation ID 26111...
[2026-02-28 05:00:24]   ✓ Content fetched: 1733 characters
[2026-02-28 05:00:26] [515/20416] Processing regulation ID 26126...
[2026-02-28 05:00:30]   ✓ Content fetched: 5838 characters
[2026-02-28 05:00:32] [516/20416] Processing regulation ID 26118...
[2026-02-28 05:00:36]   ✓ Content fetched: 14663 characters
[2026-02-28 05:00:38] [517/20416] Processing regulation ID 26107...
[2026-02-28 05:00:42]   ✓ Content fetched: 4663 characters
[2026-02-28 05:00:44] [518/20416] Processing regulation ID 26465...
[2026-02-28 05:00:47]   ✓ Content fetched: 12784 characters
[2026-02-28 05:00:49] [519/20416] Processing regulation ID 26312...
[2026-02-28 05:00:53]   ✓ Content fetched: 11395 characters
[2026-02-28 05:00:55] [520/20416] Processing regulation ID 26914...
[2026-02-28 05:00:59]   ✓ Content fetched: 9731 characters
[2026-02-28 05:00:59] [PROGRESS] Saved: 520/20416 (2.5%) - With content: 520
[2026-02-28 05:01:01] [521/20416] Processing regulation ID 26706...
[2026-02-28 05:01:05]   ✓ Content fetched: 220 characters
[2026-02-28 05:01:07] [522/20416] Processing regulation ID 26120...
[2026-02-28 05:01:11]   ✓ Content fetched: 8236 characters
[2026-02-28 05:01:13] [523/20416] Processing regulation ID 26105...
[2026-02-28 05:01:17]   ✓ Content fetched: 11550 characters
[2026-02-28 05:01:19] [524/20416] Processing regulation ID 26104...
[2026-02-28 05:01:22]   ✓ Content fetched: 11229 characters
[2026-02-28 05:01:24] [525/20416] Processing regulation ID 26103...
[2026-02-28 05:01:28]   ✓ Content fetched: 13495 characters
[2026-02-28 05:01:30] [526/20416] Processing regulation ID 26102...
[2026-02-28 05:01:34]   ✓ Content fetched: 12768 characters
[2026-02-28 05:01:36] [527/20416] Processing regulation ID 26456...
[2026-02-28 05:01:40]   ✓ Content fetched: 7761 characters
[2026-02-28 05:01:42] [528/20416] Processing regulation ID 26099...
[2026-02-28 05:01:45]   ✓ Content fetched: 4659 characters
[2026-02-28 05:01:47] [529/20416] Processing regulation ID 26100...
[2026-02-28 05:01:51]   ✓ Content fetched: 2985 characters
[2026-02-28 05:01:53] [530/20416] Processing regulation ID 26096...
[2026-02-28 05:01:57]   ✓ Content fetched: 232 characters
[2026-02-28 05:01:57] [PROGRESS] Saved: 530/20416 (2.6%) - With content: 530
[2026-02-28 05:01:59] [531/20416] Processing regulation ID 26095...
[2026-02-28 05:02:03]   ✓ Content fetched: 251 characters
[2026-02-28 05:02:05] [532/20416] Processing regulation ID 26094...
[2026-02-28 05:02:08]   ✓ Content fetched: 215 characters
[2026-02-28 05:02:10] [533/20416] Processing regulation ID 26520...
[2026-02-28 05:02:14]   ✓ Content fetched: 8796 characters
[2026-02-28 05:02:16] [534/20416] Processing regulation ID 26742...
[2026-02-28 05:02:20]   ✓ Content fetched: 6684 characters
[2026-02-28 05:02:22] [535/20416] Processing regulation ID 26738...
[2026-02-28 05:02:25]   ✓ Content fetched: 10609 characters
[2026-02-28 05:02:27] [536/20416] Processing regulation ID 26092...
[2026-02-28 05:02:31]   ✓ Content fetched: 2576 characters
[2026-02-28 05:02:33] [537/20416] Processing regulation ID 26090...
[2026-02-28 05:02:38]   ✓ Content fetched: 4655 characters
[2026-02-28 05:02:40] [538/20416] Processing regulation ID 26128...
[2026-02-28 05:02:44]   ✓ Content fetched: 13215 characters
[2026-02-28 05:02:46] [539/20416] Processing regulation ID 26109...
[2026-02-28 05:02:50]   ✓ Content fetched: 7886 characters
[2026-02-28 05:02:52] [540/20416] Processing regulation ID 26108...
[2026-02-28 05:02:55]   ✓ Content fetched: 6235 characters
[2026-02-28 05:02:56] [PROGRESS] Saved: 540/20416 (2.6%) - With content: 540
[2026-02-28 05:02:58] [541/20416] Processing regulation ID 26091...
[2026-02-28 05:03:01]   ✓ Content fetched: 981 characters
[2026-02-28 05:03:03] [542/20416] Processing regulation ID 26521...
[2026-02-28 05:03:07]   ✓ Content fetched: 9686 characters
[2026-02-28 05:03:09] [543/20416] Processing regulation ID 26905...
[2026-02-28 05:03:13]   ✓ Content fetched: 4690 characters
[2026-02-28 05:03:15] [544/20416] Processing regulation ID 26097...
[2026-02-28 05:03:19]   ✓ Content fetched: 12171 characters
[2026-02-28 05:03:21] [545/20416] Processing regulation ID 26082...
[2026-02-28 05:03:25]   ✓ Content fetched: 952 characters
[2026-02-28 05:03:27] [546/20416] Processing regulation ID 26732...
[2026-02-28 05:03:31]   ✓ Content fetched: 11266 characters
[2026-02-28 05:03:33] [547/20416] Processing regulation ID 26116...
[2026-02-28 05:03:37]   ✓ Content fetched: 2369 characters
[2026-02-28 05:03:39] [548/20416] Processing regulation ID 26083...
[2026-02-28 05:03:42]   ✓ Content fetched: 4655 characters
[2026-02-28 05:03:44] [549/20416] Processing regulation ID 26756...
[2026-02-28 05:03:48]   ✓ Content fetched: 12626 characters
[2026-02-28 05:03:50] [550/20416] Processing regulation ID 26718...
[2026-02-28 05:03:54]   ✓ Content fetched: 221 characters
[2026-02-28 05:03:54] [PROGRESS] Saved: 550/20416 (2.7%) - With content: 550
[2026-02-28 05:03:56] [551/20416] Processing regulation ID 26115...
[2026-02-28 05:04:00]   ✓ Content fetched: 1919 characters
[2026-02-28 05:04:02] [552/20416] Processing regulation ID 26081...
[2026-02-28 05:04:05]   ✓ Content fetched: 2415 characters
[2026-02-28 05:04:07] [553/20416] Processing regulation ID 26079...
[2026-02-28 05:04:11]   ✓ Content fetched: 2311 characters
[2026-02-28 05:04:13] [554/20416] Processing regulation ID 26075...
[2026-02-28 05:04:17]   ✓ Content fetched: 4655 characters
[2026-02-28 05:04:19] [555/20416] Processing regulation ID 26746...
[2026-02-28 05:04:22]   ✓ Content fetched: 6216 characters
[2026-02-28 05:04:24] [556/20416] Processing regulation ID 26522...
[2026-02-28 05:04:28]   ✓ Content fetched: 9421 characters
[2026-02-28 05:04:30] [557/20416] Processing regulation ID 26086...
[2026-02-28 05:04:34]   ✓ Content fetched: 111 characters
[2026-02-28 05:04:36] [558/20416] Processing regulation ID 26072...
[2026-02-28 05:04:40]   ✓ Content fetched: 546 characters
[2026-02-28 05:04:42] [559/20416] Processing regulation ID 26101...
[2026-02-28 05:04:46]   ✓ Content fetched: 11084 characters
[2026-02-28 05:04:48] [560/20416] Processing regulation ID 26066...
[2026-02-28 05:04:52]   ✓ Content fetched: 4651 characters
[2026-02-28 05:04:52] [PROGRESS] Saved: 560/20416 (2.7%) - With content: 560
[2026-02-28 05:04:54] [561/20416] Processing regulation ID 26098...
[2026-02-28 05:04:58]   ✓ Content fetched: 11955 characters
[2026-02-28 05:05:00] [562/20416] Processing regulation ID 26085...
[2026-02-28 05:05:04]   ✓ Content fetched: 4399 characters
[2026-02-28 05:05:06] [563/20416] Processing regulation ID 26084...
[2026-02-28 05:05:10]   ✓ Content fetched: 13375 characters
[2026-02-28 05:05:12] [564/20416] Processing regulation ID 26074...
[2026-02-28 05:05:16]   ✓ Content fetched: 2783 characters
[2026-02-28 05:05:18] [565/20416] Processing regulation ID 26058...
[2026-02-28 05:05:21]   ✓ Content fetched: 11349 characters
[2026-02-28 05:05:23] [566/20416] Processing regulation ID 26701...
[2026-02-28 05:05:27]   ✓ Content fetched: 234 characters
[2026-02-28 05:05:29] [567/20416] Processing regulation ID 26332...
[2026-02-28 05:05:33]   ✓ Content fetched: 5548 characters
[2026-02-28 05:05:35] [568/20416] Processing regulation ID 26371...
[2026-02-28 05:05:39]   ✓ Content fetched: 12006 characters
[2026-02-28 05:05:41] [569/20416] Processing regulation ID 26227...
[2026-02-28 05:05:45]   ✓ Content fetched: 7614 characters
[2026-02-28 05:05:47] [570/20416] Processing regulation ID 26093...
[2026-02-28 05:05:51]   ✓ Content fetched: 2983 characters
[2026-02-28 05:05:51] [PROGRESS] Saved: 570/20416 (2.8%) - With content: 570
[2026-02-28 05:05:53] [571/20416] Processing regulation ID 26080...
