============================================================
ORTAX API SCRAPER
============================================================
Started: 2026-02-28T01:38:07.206871
============================================================

[1] Fetching first page to determine total...
  Total regulations: 20451
  Per page: 15
  Total pages: 1364
  Fetched 100 from page 1

[2] Fetching remaining 1363 pages...
  Fetching page 2/1364... Got 15 regulations (Total: 115)
  Fetching page 3/1364... Got 15 regulations (Total: 130)
  Fetching page 4/1364... Got 15 regulations (Total: 145)
  Fetching page 5/1364... Got 15 regulations (Total: 160)
  Fetching page 6/1364... Got 15 regulations (Total: 175)
  Fetching page 7/1364... Got 15 regulations (Total: 190)
  Fetching page 8/1364... Got 15 regulations (Total: 205)
  Fetching page 9/1364... Got 15 regulations (Total: 220)
  Fetching page 10/1364... Got 15 regulations (Total: 235)
  Fetching page 11/1364... Got 15 regulations (Total: 250)
  Fetching page 12/1364... Got 15 regulations (Total: 265)
  Fetching page 13/1364... Got 15 regulations (Total: 280)
  Fetching page 14/1364... Got 15 regulations (Total: 295)
  Fetching page 15/1364... Got 15 regulations (Total: 310)
  Fetching page 16/1364... Got 15 regulations (Total: 325)
  Fetching page 17/1364... Got 15 regulations (Total: 340)
  Fetching page 18/1364... Got 15 regulations (Total: 355)
  Fetching page 19/1364... Got 15 regulations (Total: 370)
  Fetching page 20/1364... Got 15 regulations (Total: 385)
  Fetching page 21/1364... Got 15 regulations (Total: 400)
  Fetching page 22/1364... Got 15 regulations (Total: 415)
  Fetching page 23/1364... Got 15 regulations (Total: 430)
  Fetching page 24/1364... Got 15 regulations (Total: 445)
  Fetching page 25/1364... Got 15 regulations (Total: 460)
  Fetching page 26/1364... Got 15 regulations (Total: 475)
  Fetching page 27/1364... Got 15 regulations (Total: 490)
  Fetching page 28/1364... Got 15 regulations (Total: 505)
  Fetching page 29/1364... Got 15 regulations (Total: 520)
  Fetching page 30/1364... Got 15 regulations (Total: 535)
  Fetching page 31/1364... Got 15 regulations (Total: 550)
  Fetching page 32/1364... Got 15 regulations (Total: 565)
  Fetching page 33/1364... Got 15 regulations (Total: 580)
  Fetching page 34/1364... Got 15 regulations (Total: 595)
  Fetching page 35/1364... Got 15 regulations (Total: 610)
  Fetching page 36/1364... Got 15 regulations (Total: 625)
  Fetching page 37/1364... Got 15 regulations (Total: 640)
  Fetching page 38/1364... Got 15 regulations (Total: 655)
  Fetching page 39/1364... Got 15 regulations (Total: 670)
  Fetching page 40/1364... Got 15 regulations (Total: 685)
  Fetching page 41/1364... Got 15 regulations (Total: 700)
  Fetching page 42/1364... Got 15 regulations (Total: 715)
  Fetching page 43/1364... Got 15 regulations (Total: 730)
  Fetching page 44/1364... Got 15 regulations (Total: 745)
  Fetching page 45/1364... Got 15 regulations (Total: 760)
  Fetching page 46/1364... Got 15 regulations (Total: 775)
  Fetching page 47/1364... Got 15 regulations (Total: 790)
  Fetching page 48/1364... Got 15 regulations (Total: 805)
  Fetching page 49/1364... Got 15 regulations (Total: 820)
  Fetching page 50/1364... Got 15 regulations (Total: 835)
  Fetching page 51/1364... Got 15 regulations (Total: 850)
  Fetching page 52/1364... Got 15 regulations (Total: 865)
  Fetching page 53/1364... Got 15 regulations (Total: 880)
  Fetching page 54/1364... Got 15 regulations (Total: 895)
  Fetching page 55/1364... Got 15 regulations (Total: 910)
  Fetching page 56/1364... Got 15 regulations (Total: 925)
  Fetching page 57/1364... Got 15 regulations (Total: 940)
  Fetching page 58/1364... Got 15 regulations (Total: 955)
  Fetching page 59/1364... Got 15 regulations (Total: 970)
  Fetching page 60/1364... Got 15 regulations (Total: 985)
  Fetching page 61/1364... Got 15 regulations (Total: 1000)
  Fetching page 62/1364... Got 15 regulations (Total: 1015)
  Fetching page 63/1364... Got 15 regulations (Total: 1030)
  Fetching page 64/1364... Got 15 regulations (Total: 1045)
  Fetching page 65/1364... Got 15 regulations (Total: 1060)
  Fetching page 66/1364... Got 15 regulations (Total: 1075)
  Fetching page 67/1364... Got 15 regulations (Total: 1090)
  Fetching page 68/1364... Got 15 regulations (Total: 1105)
  Fetching page 69/1364... Got 15 regulations (Total: 1120)
  Fetching page 70/1364... Got 15 regulations (Total: 1135)
  Fetching page 71/1364... Got 15 regulations (Total: 1150)
  Fetching page 72/1364... Got 15 regulations (Total: 1165)
  Fetching page 73/1364... Got 15 regulations (Total: 1180)
  Fetching page 74/1364... Got 15 regulations (Total: 1195)
  Fetching page 75/1364... Got 15 regulations (Total: 1210)
  Fetching page 76/1364... Got 15 regulations (Total: 1225)
  Fetching page 77/1364... Got 15 regulations (Total: 1240)
  Fetching page 78/1364... Got 15 regulations (Total: 1255)
  Fetching page 79/1364... Got 15 regulations (Total: 1270)
  Fetching page 80/1364... Got 15 regulations (Total: 1285)
  Fetching page 81/1364... Got 15 regulations (Total: 1300)
  Fetching page 82/1364... Got 15 regulations (Total: 1315)
  Fetching page 83/1364... Got 15 regulations (Total: 1330)
  Fetching page 84/1364... Got 15 regulations (Total: 1345)
  Fetching page 85/1364... Got 15 regulations (Total: 1360)
  Fetching page 86/1364... Got 15 regulations (Total: 1375)
  Fetching page 87/1364... Got 15 regulations (Total: 1390)
  Fetching page 88/1364... Got 15 regulations (Total: 1405)
  Fetching page 89/1364... Got 15 regulations (Total: 1420)
  Fetching page 90/1364... Got 15 regulations (Total: 1435)
  Fetching page 91/1364... Got 15 regulations (Total: 1450)
  Fetching page 92/1364... Got 15 regulations (Total: 1465)
  Fetching page 93/1364... Got 15 regulations (Total: 1480)
  Fetching page 94/1364... Got 15 regulations (Total: 1495)
  Fetching page 95/1364... Got 15 regulations (Total: 1510)
  Fetching page 96/1364... Got 15 regulations (Total: 1525)
  Fetching page 97/1364... Got 15 regulations (Total: 1540)
  Fetching page 98/1364... Got 15 regulations (Total: 1555)
  Fetching page 99/1364... Got 15 regulations (Total: 1570)
  Fetching page 100/1364... Got 15 regulations (Total: 1585)

  [Checkpoint] Saving progress at page 100...
  Fetching page 101/1364... Got 15 regulations (Total: 1600)
  Fetching page 102/1364... Got 15 regulations (Total: 1615)
  Fetching page 103/1364... Got 15 regulations (Total: 1630)
  Fetching page 104/1364... Got 15 regulations (Total: 1645)
  Fetching page 105/1364... Got 15 regulations (Total: 1660)
  Fetching page 106/1364... Got 15 regulations (Total: 1675)
  Fetching page 107/1364... Got 15 regulations (Total: 1690)
  Fetching page 108/1364... Got 15 regulations (Total: 1705)
  Fetching page 109/1364... Got 15 regulations (Total: 1720)
  Fetching page 110/1364... Got 15 regulations (Total: 1735)
  Fetching page 111/1364... Got 15 regulations (Total: 1750)
  Fetching page 112/1364... Got 15 regulations (Total: 1765)
  Fetching page 113/1364... Got 15 regulations (Total: 1780)
  Fetching page 114/1364... Got 15 regulations (Total: 1795)
  Fetching page 115/1364... Got 15 regulations (Total: 1810)
  Fetching page 116/1364... Got 15 regulations (Total: 1825)
  Fetching page 117/1364... Got 15 regulations (Total: 1840)
  Fetching page 118/1364... Got 15 regulations (Total: 1855)
  Fetching page 119/1364... Got 15 regulations (Total: 1870)
  Fetching page 120/1364... Got 15 regulations (Total: 1885)
  Fetching page 121/1364... Got 15 regulations (Total: 1900)
  Fetching page 122/1364... Got 15 regulations (Total: 1915)
  Fetching page 123/1364... Got 15 regulations (Total: 1930)
  Fetching page 124/1364... Got 15 regulations (Total: 1945)
  Fetching page 125/1364... Got 15 regulations (Total: 1960)
  Fetching page 126/1364... Got 15 regulations (Total: 1975)
  Fetching page 127/1364... Got 15 regulations (Total: 1990)
  Fetching page 128/1364... Got 15 regulations (Total: 2005)
  Fetching page 129/1364... Got 15 regulations (Total: 2020)
  Fetching page 130/1364... Got 15 regulations (Total: 2035)
  Fetching page 131/1364... Got 15 regulations (Total: 2050)
  Fetching page 132/1364... Got 15 regulations (Total: 2065)
  Fetching page 133/1364... Got 15 regulations (Total: 2080)
  Fetching page 134/1364... Got 15 regulations (Total: 2095)
  Fetching page 135/1364... Got 15 regulations (Total: 2110)
  Fetching page 136/1364... Got 15 regulations (Total: 2125)
  Fetching page 137/1364... Got 15 regulations (Total: 2140)
  Fetching page 138/1364... Got 15 regulations (Total: 2155)
  Fetching page 139/1364... Got 15 regulations (Total: 2170)
  Fetching page 140/1364... Got 15 regulations (Total: 2185)
  Fetching page 141/1364... Got 15 regulations (Total: 2200)
  Fetching page 142/1364... Got 15 regulations (Total: 2215)
  Fetching page 143/1364... Got 15 regulations (Total: 2230)
  Fetching page 144/1364... Got 15 regulations (Total: 2245)
  Fetching page 145/1364... Got 15 regulations (Total: 2260)
  Fetching page 146/1364... Got 15 regulations (Total: 2275)
  Fetching page 147/1364... Got 15 regulations (Total: 2290)
  Fetching page 148/1364... Got 15 regulations (Total: 2305)
  Fetching page 149/1364... Got 15 regulations (Total: 2320)
  Fetching page 150/1364... Got 15 regulations (Total: 2335)
  Fetching page 151/1364... Got 15 regulations (Total: 2350)
  Fetching page 152/1364... Got 15 regulations (Total: 2365)
  Fetching page 153/1364... Got 15 regulations (Total: 2380)
  Fetching page 154/1364... Got 15 regulations (Total: 2395)
  Fetching page 155/1364... Got 15 regulations (Total: 2410)
  Fetching page 156/1364... Got 15 regulations (Total: 2425)
  Fetching page 157/1364... Got 15 regulations (Total: 2440)
  Fetching page 158/1364... Got 15 regulations (Total: 2455)
  Fetching page 159/1364... Got 15 regulations (Total: 2470)
  Fetching page 160/1364... Got 15 regulations (Total: 2485)
  Fetching page 161/1364... Got 15 regulations (Total: 2500)
  Fetching page 162/1364... Got 15 regulations (Total: 2515)
  Fetching page 163/1364... Got 15 regulations (Total: 2530)
  Fetching page 164/1364... Got 15 regulations (Total: 2545)
  Fetching page 165/1364... Got 15 regulations (Total: 2560)
  Fetching page 166/1364... Got 15 regulations (Total: 2575)
  Fetching page 167/1364... Got 15 regulations (Total: 2590)
  Fetching page 168/1364... Got 15 regulations (Total: 2605)
  Fetching page 169/1364... Got 15 regulations (Total: 2620)
  Fetching page 170/1364... Got 15 regulations (Total: 2635)
  Fetching page 171/1364... Got 15 regulations (Total: 2650)
  Fetching page 172/1364... Got 15 regulations (Total: 2665)
  Fetching page 173/1364... Got 15 regulations (Total: 2680)
  Fetching page 174/1364... Got 15 regulations (Total: 2695)
  Fetching page 175/1364... Got 15 regulations (Total: 2710)
  Fetching page 176/1364... Got 15 regulations (Total: 2725)
  Fetching page 177/1364... Got 15 regulations (Total: 2740)
  Fetching page 178/1364... Got 15 regulations (Total: 2755)
  Fetching page 179/1364... Got 15 regulations (Total: 2770)
  Fetching page 180/1364... Got 15 regulations (Total: 2785)
  Fetching page 181/1364... Got 15 regulations (Total: 2800)
  Fetching page 182/1364... Got 15 regulations (Total: 2815)
  Fetching page 183/1364... Got 15 regulations (Total: 2830)
  Fetching page 184/1364... Got 15 regulations (Total: 2845)
  Fetching page 185/1364... Got 15 regulations (Total: 2860)
  Fetching page 186/1364... Got 15 regulations (Total: 2875)
  Fetching page 187/1364... Got 15 regulations (Total: 2890)
  Fetching page 188/1364... Got 15 regulations (Total: 2905)
  Fetching page 189/1364... Got 15 regulations (Total: 2920)
  Fetching page 190/1364... Got 15 regulations (Total: 2935)
  Fetching page 191/1364... Got 15 regulations (Total: 2950)
  Fetching page 192/1364... Got 15 regulations (Total: 2965)
  Fetching page 193/1364... Got 15 regulations (Total: 2980)
  Fetching page 194/1364... Got 15 regulations (Total: 2995)
  Fetching page 195/1364... Got 15 regulations (Total: 3010)
  Fetching page 196/1364... Got 15 regulations (Total: 3025)
  Fetching page 197/1364... Got 15 regulations (Total: 3040)
  Fetching page 198/1364... Got 15 regulations (Total: 3055)
  Fetching page 199/1364... Got 15 regulations (Total: 3070)
  Fetching page 200/1364... Got 15 regulations (Total: 3085)

  [Checkpoint] Saving progress at page 200...
  Fetching page 201/1364... Got 15 regulations (Total: 3100)
  Fetching page 202/1364... Got 15 regulations (Total: 3115)
  Fetching page 203/1364... Got 15 regulations (Total: 3130)
  Fetching page 204/1364... Got 15 regulations (Total: 3145)
  Fetching page 205/1364... Got 15 regulations (Total: 3160)
  Fetching page 206/1364... Got 15 regulations (Total: 3175)
  Fetching page 207/1364... Got 15 regulations (Total: 3190)
  Fetching page 208/1364... Got 15 regulations (Total: 3205)
  Fetching page 209/1364... Got 15 regulations (Total: 3220)
  Fetching page 210/1364... Got 15 regulations (Total: 3235)
  Fetching page 211/1364... Got 15 regulations (Total: 3250)
  Fetching page 212/1364... Got 15 regulations (Total: 3265)
  Fetching page 213/1364... Got 15 regulations (Total: 3280)
  Fetching page 214/1364... Got 15 regulations (Total: 3295)
  Fetching page 215/1364... Got 15 regulations (Total: 3310)
  Fetching page 216/1364... Got 15 regulations (Total: 3325)
  Fetching page 217/1364... Got 15 regulations (Total: 3340)
  Fetching page 218/1364... Got 15 regulations (Total: 3355)
  Fetching page 219/1364... Got 15 regulations (Total: 3370)
  Fetching page 220/1364... Got 15 regulations (Total: 3385)
  Fetching page 221/1364... Got 15 regulations (Total: 3400)
  Fetching page 222/1364... Got 15 regulations (Total: 3415)
  Fetching page 223/1364... Got 15 regulations (Total: 3430)
  Fetching page 224/1364... Got 15 regulations (Total: 3445)
  Fetching page 225/1364... Got 15 regulations (Total: 3460)
  Fetching page 226/1364... Got 15 regulations (Total: 3475)
  Fetching page 227/1364... Got 15 regulations (Total: 3490)
  Fetching page 228/1364... Got 15 regulations (Total: 3505)
  Fetching page 229/1364... Got 15 regulations (Total: 3520)
  Fetching page 230/1364... Got 15 regulations (Total: 3535)
  Fetching page 231/1364... Got 15 regulations (Total: 3550)
  Fetching page 232/1364... Got 15 regulations (Total: 3565)
  Fetching page 233/1364... Got 15 regulations (Total: 3580)
  Fetching page 234/1364... Got 15 regulations (Total: 3595)
  Fetching page 235/1364... Got 15 regulations (Total: 3610)
  Fetching page 236/1364... Got 15 regulations (Total: 3625)
  Fetching page 237/1364... Got 15 regulations (Total: 3640)
  Fetching page 238/1364... Got 15 regulations (Total: 3655)
  Fetching page 239/1364... Got 15 regulations (Total: 3670)
  Fetching page 240/1364... Got 15 regulations (Total: 3685)
  Fetching page 241/1364... Got 15 regulations (Total: 3700)
  Fetching page 242/1364... Got 15 regulations (Total: 3715)
  Fetching page 243/1364... Got 15 regulations (Total: 3730)
  Fetching page 244/1364... Got 15 regulations (Total: 3745)
  Fetching page 245/1364... Got 15 regulations (Total: 3760)
  Fetching page 246/1364... Got 15 regulations (Total: 3775)
  Fetching page 247/1364... Got 15 regulations (Total: 3790)
  Fetching page 248/1364... Got 15 regulations (Total: 3805)
  Fetching page 249/1364... Got 15 regulations (Total: 3820)
  Fetching page 250/1364... Got 15 regulations (Total: 3835)
  Fetching page 251/1364... Got 15 regulations (Total: 3850)
  Fetching page 252/1364... Got 15 regulations (Total: 3865)
  Fetching page 253/1364... Got 15 regulations (Total: 3880)
  Fetching page 254/1364... Got 15 regulations (Total: 3895)
  Fetching page 255/1364... Got 15 regulations (Total: 3910)
  Fetching page 256/1364... Got 15 regulations (Total: 3925)
  Fetching page 257/1364... Got 15 regulations (Total: 3940)
  Fetching page 258/1364... Got 15 regulations (Total: 3955)
  Fetching page 259/1364... Got 15 regulations (Total: 3970)
  Fetching page 260/1364... Got 15 regulations (Total: 3985)
  Fetching page 261/1364... Got 15 regulations (Total: 4000)
  Fetching page 262/1364... Got 15 regulations (Total: 4015)
  Fetching page 263/1364... Got 15 regulations (Total: 4030)
  Fetching page 264/1364... Got 15 regulations (Total: 4045)
  Fetching page 265/1364... Got 15 regulations (Total: 4060)
  Fetching page 266/1364... Got 15 regulations (Total: 4075)
  Fetching page 267/1364... Got 15 regulations (Total: 4090)
  Fetching page 268/1364... Got 15 regulations (Total: 4105)
  Fetching page 269/1364... Got 15 regulations (Total: 4120)
  Fetching page 270/1364... Got 15 regulations (Total: 4135)
  Fetching page 271/1364... Got 15 regulations (Total: 4150)
  Fetching page 272/1364... Got 15 regulations (Total: 4165)
  Fetching page 273/1364... Got 15 regulations (Total: 4180)
  Fetching page 274/1364... Got 15 regulations (Total: 4195)
  Fetching page 275/1364... Got 15 regulations (Total: 4210)
  Fetching page 276/1364... Got 15 regulations (Total: 4225)
  Fetching page 277/1364... Got 15 regulations (Total: 4240)
  Fetching page 278/1364... Got 15 regulations (Total: 4255)
  Fetching page 279/1364... Got 15 regulations (Total: 4270)
  Fetching page 280/1364... Got 15 regulations (Total: 4285)
  Fetching page 281/1364... Got 15 regulations (Total: 4300)
  Fetching page 282/1364... Got 15 regulations (Total: 4315)
  Fetching page 283/1364... Got 15 regulations (Total: 4330)
  Fetching page 284/1364... Got 15 regulations (Total: 4345)
  Fetching page 285/1364... Got 15 regulations (Total: 4360)
  Fetching page 286/1364... Got 15 regulations (Total: 4375)
  Fetching page 287/1364... Got 15 regulations (Total: 4390)
  Fetching page 288/1364... Got 15 regulations (Total: 4405)
  Fetching page 289/1364... Got 15 regulations (Total: 4420)
  Fetching page 290/1364... Got 15 regulations (Total: 4435)
  Fetching page 291/1364... Got 15 regulations (Total: 4450)
  Fetching page 292/1364... Got 15 regulations (Total: 4465)
  Fetching page 293/1364... Got 15 regulations (Total: 4480)
  Fetching page 294/1364... Got 15 regulations (Total: 4495)
  Fetching page 295/1364... Got 15 regulations (Total: 4510)
  Fetching page 296/1364... Got 15 regulations (Total: 4525)
  Fetching page 297/1364... Got 15 regulations (Total: 4540)
  Fetching page 298/1364... Got 15 regulations (Total: 4555)
  Fetching page 299/1364... Got 15 regulations (Total: 4570)
  Fetching page 300/1364... Got 15 regulations (Total: 4585)

  [Checkpoint] Saving progress at page 300...
  Fetching page 301/1364... Got 15 regulations (Total: 4600)
  Fetching page 302/1364... Got 15 regulations (Total: 4615)
  Fetching page 303/1364... Got 15 regulations (Total: 4630)
  Fetching page 304/1364... Got 15 regulations (Total: 4645)
  Fetching page 305/1364... Got 15 regulations (Total: 4660)
  Fetching page 306/1364... Got 15 regulations (Total: 4675)
  Fetching page 307/1364... Got 15 regulations (Total: 4690)
  Fetching page 308/1364... Got 15 regulations (Total: 4705)
  Fetching page 309/1364... Got 15 regulations (Total: 4720)
  Fetching page 310/1364... Got 15 regulations (Total: 4735)
  Fetching page 311/1364... Got 15 regulations (Total: 4750)
  Fetching page 312/1364... Got 15 regulations (Total: 4765)
  Fetching page 313/1364... Got 15 regulations (Total: 4780)
  Fetching page 314/1364... Got 15 regulations (Total: 4795)
  Fetching page 315/1364... Got 15 regulations (Total: 4810)
  Fetching page 316/1364... Got 15 regulations (Total: 4825)
  Fetching page 317/1364... Got 15 regulations (Total: 4840)
  Fetching page 318/1364... Got 15 regulations (Total: 4855)
  Fetching page 319/1364... Got 15 regulations (Total: 4870)
  Fetching page 320/1364... Got 15 regulations (Total: 4885)
  Fetching page 321/1364... Got 15 regulations (Total: 4900)
  Fetching page 322/1364... Got 15 regulations (Total: 4915)
  Fetching page 323/1364... Got 15 regulations (Total: 4930)
  Fetching page 324/1364... Got 15 regulations (Total: 4945)
  Fetching page 325/1364... Got 15 regulations (Total: 4960)
  Fetching page 326/1364... Got 15 regulations (Total: 4975)
  Fetching page 327/1364... Got 15 regulations (Total: 4990)
  Fetching page 328/1364... Got 15 regulations (Total: 5005)
  Fetching page 329/1364... Got 15 regulations (Total: 5020)
  Fetching page 330/1364... Got 15 regulations (Total: 5035)
  Fetching page 331/1364... Got 15 regulations (Total: 5050)
  Fetching page 332/1364... Got 15 regulations (Total: 5065)
  Fetching page 333/1364... Got 15 regulations (Total: 5080)
  Fetching page 334/1364... Got 15 regulations (Total: 5095)
  Fetching page 335/1364... Got 15 regulations (Total: 5110)
  Fetching page 336/1364... Got 15 regulations (Total: 5125)
  Fetching page 337/1364... Got 15 regulations (Total: 5140)
  Fetching page 338/1364... Got 15 regulations (Total: 5155)
  Fetching page 339/1364... Got 15 regulations (Total: 5170)
  Fetching page 340/1364... Got 15 regulations (Total: 5185)
  Fetching page 341/1364... Got 15 regulations (Total: 5200)
  Fetching page 342/1364... Got 15 regulations (Total: 5215)
  Fetching page 343/1364... Got 15 regulations (Total: 5230)
  Fetching page 344/1364... Got 15 regulations (Total: 5245)
  Fetching page 345/1364... Got 15 regulations (Total: 5260)
  Fetching page 346/1364... Got 15 regulations (Total: 5275)
  Fetching page 347/1364... Got 15 regulations (Total: 5290)
  Fetching page 348/1364... Got 15 regulations (Total: 5305)
  Fetching page 349/1364... Got 15 regulations (Total: 5320)
  Fetching page 350/1364... Got 15 regulations (Total: 5335)
  Fetching page 351/1364... Got 15 regulations (Total: 5350)
  Fetching page 352/1364... Got 15 regulations (Total: 5365)
  Fetching page 353/1364... Got 15 regulations (Total: 5380)
  Fetching page 354/1364... Got 15 regulations (Total: 5395)
  Fetching page 355/1364... Got 15 regulations (Total: 5410)
  Fetching page 356/1364... Got 15 regulations (Total: 5425)
  Fetching page 357/1364... Got 15 regulations (Total: 5440)
  Fetching page 358/1364... Got 15 regulations (Total: 5455)
  Fetching page 359/1364... Got 15 regulations (Total: 5470)
  Fetching page 360/1364... Got 15 regulations (Total: 5485)
  Fetching page 361/1364... Got 15 regulations (Total: 5500)
  Fetching page 362/1364... Got 15 regulations (Total: 5515)
  Fetching page 363/1364... Got 15 regulations (Total: 5530)
  Fetching page 364/1364... Got 15 regulations (Total: 5545)
  Fetching page 365/1364... Got 15 regulations (Total: 5560)
  Fetching page 366/1364... Got 15 regulations (Total: 5575)
  Fetching page 367/1364... Got 15 regulations (Total: 5590)
  Fetching page 368/1364... Got 15 regulations (Total: 5605)
  Fetching page 369/1364... Got 15 regulations (Total: 5620)
  Fetching page 370/1364... Got 15 regulations (Total: 5635)
  Fetching page 371/1364... Got 15 regulations (Total: 5650)
  Fetching page 372/1364... Got 15 regulations (Total: 5665)
  Fetching page 373/1364... Got 15 regulations (Total: 5680)
  Fetching page 374/1364... Got 15 regulations (Total: 5695)
  Fetching page 375/1364... Got 15 regulations (Total: 5710)
  Fetching page 376/1364... Got 15 regulations (Total: 5725)
  Fetching page 377/1364... Got 15 regulations (Total: 5740)
  Fetching page 378/1364... Got 15 regulations (Total: 5755)
  Fetching page 379/1364... Got 15 regulations (Total: 5770)
  Fetching page 380/1364... Got 15 regulations (Total: 5785)
  Fetching page 381/1364... Got 15 regulations (Total: 5800)
  Fetching page 382/1364... Got 15 regulations (Total: 5815)
  Fetching page 383/1364... Got 15 regulations (Total: 5830)
  Fetching page 384/1364... Got 15 regulations (Total: 5845)
  Fetching page 385/1364... Got 15 regulations (Total: 5860)
  Fetching page 386/1364... Got 15 regulations (Total: 5875)
  Fetching page 387/1364... Got 15 regulations (Total: 5890)
  Fetching page 388/1364... Got 15 regulations (Total: 5905)
  Fetching page 389/1364... Got 15 regulations (Total: 5920)
  Fetching page 390/1364... Got 15 regulations (Total: 5935)
  Fetching page 391/1364... Got 15 regulations (Total: 5950)
  Fetching page 392/1364... Got 15 regulations (Total: 5965)
  Fetching page 393/1364... Got 15 regulations (Total: 5980)
  Fetching page 394/1364... Got 15 regulations (Total: 5995)
  Fetching page 395/1364... Got 15 regulations (Total: 6010)
  Fetching page 396/1364... Got 15 regulations (Total: 6025)
  Fetching page 397/1364... Got 15 regulations (Total: 6040)
  Fetching page 398/1364... 