[2026-02-28 02:15:50] ======================================================================
[2026-02-28 02:15:50] FULL CONTENT SCRAPER - STARTING
[2026-02-28 02:15:50] Total regulations to process: 20416
[2026-02-28 02:15:50] ======================================================================
[2026-02-28 02:15:50] [INIT] Starting browser...
[2026-02-28 02:15:51] [INIT] Browser started, beginning scrape...
[2026-02-28 02:15:51] [1/20416] Processing regulation 1...
[2026-02-28 02:15:57]   ✓ Content fetched: 12068 characters
[2026-02-28 02:15:59] [2/20416] Processing regulation 2...
[2026-02-28 02:16:04]   ✓ Content fetched: 10355 characters
[2026-02-28 02:16:06] [3/20416] Processing regulation 3...
[2026-02-28 02:16:10]   ✓ Content fetched: 11365 characters
[2026-02-28 02:16:12] [4/20416] Processing regulation 4...
[2026-02-28 02:16:16]   ✓ Content fetched: 10111 characters
[2026-02-28 02:16:18] [5/20416] Processing regulation 5...
[2026-02-28 02:16:22]   ✓ Content fetched: 10509 characters
[2026-02-28 02:16:24] [6/20416] Processing regulation 6...
[2026-02-28 02:16:28]   ✓ Content fetched: 11352 characters
[2026-02-28 02:16:30] [7/20416] Processing regulation 7...
[2026-02-28 02:16:35]   ✓ Content fetched: 10331 characters
[2026-02-28 02:16:37] [8/20416] Processing regulation 8...
[2026-02-28 02:16:41]   ✓ Content fetched: 10494 characters
[2026-02-28 02:16:43] [9/20416] Processing regulation 9...
[2026-02-28 02:16:47]   ✓ Content fetched: 10610 characters
[2026-02-28 02:16:49] [10/20416] Processing regulation 10...
[2026-02-28 02:16:53]   ✓ Content fetched: 11643 characters
[2026-02-28 02:16:53] [PROGRESS] Saved: 10/20416 (0.0%) - With content: 10
[2026-02-28 02:16:55] [11/20416] Processing regulation 11...
[2026-02-28 02:16:59]   ✓ Content fetched: 10090 characters
[2026-02-28 02:17:01] [12/20416] Processing regulation 12...
[2026-02-28 02:17:05]   ✓ Content fetched: 4521 characters
[2026-02-28 02:17:07] [13/20416] Processing regulation 13...
[2026-02-28 02:17:11]   ✓ Content fetched: 10622 characters
[2026-02-28 02:17:13] [14/20416] Processing regulation 14...
[2026-02-28 02:17:16]   ✓ Content fetched: 8640 characters
[2026-02-28 02:17:18] [15/20416] Processing regulation 15...
[2026-02-28 02:17:22]   ✓ Content fetched: 16439 characters
[2026-02-28 02:17:24] [16/20416] Processing regulation 16...
[2026-02-28 02:17:28]   ✓ Content fetched: 12055 characters
[2026-02-28 02:17:30] [17/20416] Processing regulation 17...
[2026-02-28 02:17:35]   ✓ Content fetched: 11390 characters
[2026-02-28 02:17:37] [18/20416] Processing regulation 18...
[2026-02-28 02:17:41]   ✓ Content fetched: 9006 characters
[2026-02-28 02:17:43] [19/20416] Processing regulation 19...
[2026-02-28 02:17:47]   ✓ Content fetched: 10646 characters
[2026-02-28 02:17:49] [20/20416] Processing regulation 20...
[2026-02-28 02:17:53]   ✓ Content fetched: 9729 characters
[2026-02-28 02:17:53] [PROGRESS] Saved: 20/20416 (0.1%) - With content: 20
[2026-02-28 02:17:55] [21/20416] Processing regulation 21...
[2026-02-28 02:17:59]   ✓ Content fetched: 11513 characters
[2026-02-28 02:18:01] [22/20416] Processing regulation 22...
[2026-02-28 02:18:05]   ✓ Content fetched: 10793 characters
[2026-02-28 02:18:07] [23/20416] Processing regulation 23...
[2026-02-28 02:18:11]   ✓ Content fetched: 11396 characters
[2026-02-28 02:18:13] [24/20416] Processing regulation 24...
[2026-02-28 02:18:16]   ✓ Content fetched: 10361 characters
[2026-02-28 02:18:18] [25/20416] Processing regulation 25...
[2026-02-28 02:18:22]   ✓ Content fetched: 11086 characters
[2026-02-28 02:18:24] [26/20416] Processing regulation 26...
[2026-02-28 02:18:28]   ✓ Content fetched: 5814 characters
[2026-02-28 02:18:30] [27/20416] Processing regulation 27...
[2026-02-28 02:18:34]   ✓ Content fetched: 4718 characters
[2026-02-28 02:18:36] [28/20416] Processing regulation 28...
[2026-02-28 02:18:39]   ✓ Content fetched: 4221 characters
[2026-02-28 02:18:41] [29/20416] Processing regulation 29...
[2026-02-28 02:18:45]   ✓ Content fetched: 7814 characters
[2026-02-28 02:18:47] [30/20416] Processing regulation 30...
[2026-02-28 02:18:51]   ✓ Content fetched: 5630 characters
[2026-02-28 02:18:51] [PROGRESS] Saved: 30/20416 (0.1%) - With content: 30
[2026-02-28 02:18:53] [31/20416] Processing regulation 31...
[2026-02-28 02:18:57]   ✓ Content fetched: 3803 characters
[2026-02-28 02:18:59] [32/20416] Processing regulation 32...
[2026-02-28 02:19:02]   ✓ Content fetched: 1757 characters
[2026-02-28 02:19:04] [33/20416] Processing regulation 33...
[2026-02-28 02:19:08]   ✓ Content fetched: 4763 characters
[2026-02-28 02:19:10] [34/20416] Processing regulation 34...
[2026-02-28 02:19:14]   ✓ Content fetched: 5655 characters
[2026-02-28 02:19:16] [35/20416] Processing regulation 35...
[2026-02-28 02:19:20]   ✓ Content fetched: 13729 characters
[2026-02-28 02:19:22] [36/20416] Processing regulation 36...
[2026-02-28 02:19:25]   ✓ Content fetched: 4685 characters
[2026-02-28 02:19:27] [37/20416] Processing regulation 37...
[2026-02-28 02:19:31]   ✓ Content fetched: 5609 characters
[2026-02-28 02:19:33] [38/20416] Processing regulation 38...
[2026-02-28 02:19:37]   ✓ Content fetched: 11040 characters
[2026-02-28 02:19:39] [39/20416] Processing regulation 39...
[2026-02-28 02:19:43]   ✓ Content fetched: 8260 characters
[2026-02-28 02:19:45] [40/20416] Processing regulation 40...
[2026-02-28 02:19:48]   ✓ Content fetched: 11215 characters
[2026-02-28 02:19:48] [PROGRESS] Saved: 40/20416 (0.2%) - With content: 40
[2026-02-28 02:19:50] [41/20416] Processing regulation 41...
[2026-02-28 02:19:54]   ✓ Content fetched: 16458 characters
[2026-02-28 02:19:56] [42/20416] Processing regulation 42...
[2026-02-28 02:20:00]   ✓ Content fetched: 11014 characters
[2026-02-28 02:20:02] [43/20416] Processing regulation 43...
[2026-02-28 02:20:05]   ✓ Content fetched: 6860 characters
[2026-02-28 02:20:07] [44/20416] Processing regulation 44...
[2026-02-28 02:20:11]   ✓ Content fetched: 12844 characters
[2026-02-28 02:20:13] [45/20416] Processing regulation 45...
[2026-02-28 02:20:17]   ✓ Content fetched: 5922 characters
[2026-02-28 02:20:19] [46/20416] Processing regulation 46...
[2026-02-28 02:20:23]   ✓ Content fetched: 10795 characters
[2026-02-28 02:20:25] [47/20416] Processing regulation 47...
[2026-02-28 02:20:28]   ✓ Content fetched: 7193 characters
[2026-02-28 02:20:30] [48/20416] Processing regulation 48...
[2026-02-28 02:20:34]   ✓ Content fetched: 5105 characters
[2026-02-28 02:20:36] [49/20416] Processing regulation 49...
[2026-02-28 02:20:40]   ✓ Content fetched: 7875 characters
[2026-02-28 02:20:42] [50/20416] Processing regulation 50...
[2026-02-28 02:20:45]   ✓ Content fetched: 4209 characters
[2026-02-28 02:20:45] [PROGRESS] Saved: 50/20416 (0.2%) - With content: 50
[2026-02-28 02:20:47] [51/20416] Processing regulation 51...
[2026-02-28 02:20:51]   ✓ Content fetched: 3453 characters
[2026-02-28 02:20:53] [52/20416] Processing regulation 52...
[2026-02-28 02:20:57]   ✓ Content fetched: 3214 characters
[2026-02-28 02:20:59] [53/20416] Processing regulation 53...
[2026-02-28 02:21:03]   ✓ Content fetched: 6163 characters
[2026-02-28 02:21:05] [54/20416] Processing regulation 54...
[2026-02-28 02:21:09]   ✓ Content fetched: 10329 characters
[2026-02-28 02:21:11] [55/20416] Processing regulation 55...
[2026-02-28 02:21:14]   ✗ No content found
[2026-02-28 02:21:16] [56/20416] Processing regulation 56...
[2026-02-28 02:21:20]   ✓ Content fetched: 3555 characters
[2026-02-28 02:21:22] [57/20416] Processing regulation 57...
[2026-02-28 02:21:25]   ✓ Content fetched: 3332 characters
[2026-02-28 02:21:27] [58/20416] Processing regulation 58...
[2026-02-28 02:21:31]   ✓ Content fetched: 3087 characters
[2026-02-28 02:21:33] [59/20416] Processing regulation 59...
[2026-02-28 02:21:37]   ✓ Content fetched: 2442 characters
[2026-02-28 02:21:39] [60/20416] Processing regulation 60...
[2026-02-28 02:21:43]   ✓ Content fetched: 3159 characters
[2026-02-28 02:21:43] [PROGRESS] Saved: 60/20416 (0.3%) - With content: 59
[2026-02-28 02:21:45] [61/20416] Processing regulation 61...
[2026-02-28 02:21:49]   ✓ Content fetched: 7279 characters
[2026-02-28 02:21:51] [62/20416] Processing regulation 62...
[2026-02-28 02:21:54]   ✓ Content fetched: 9329 characters
[2026-02-28 02:21:56] [63/20416] Processing regulation 63...
[2026-02-28 02:22:00]   ✓ Content fetched: 4635 characters
[2026-02-28 02:22:02] [64/20416] Processing regulation 64...
[2026-02-28 02:22:06]   ✓ Content fetched: 3153 characters
[2026-02-28 02:22:08] [65/20416] Processing regulation 65...
[2026-02-28 02:22:11]   ✓ Content fetched: 10244 characters
[2026-02-28 02:22:13] [66/20416] Processing regulation 66...
[2026-02-28 02:22:17]   ✓ Content fetched: 10503 characters
[2026-02-28 02:22:19] [67/20416] Processing regulation 67...
[2026-02-28 02:22:23]   ✓ Content fetched: 9170 characters
[2026-02-28 02:22:25] [68/20416] Processing regulation 68...
[2026-02-28 02:22:29]   ✓ Content fetched: 11378 characters
[2026-02-28 02:22:31] [69/20416] Processing regulation 69...
[2026-02-28 02:22:35]   ✓ Content fetched: 13383 characters
[2026-02-28 02:22:37] [70/20416] Processing regulation 70...
[2026-02-28 02:22:41]   ✓ Content fetched: 4078 characters
[2026-02-28 02:22:41] [PROGRESS] Saved: 70/20416 (0.3%) - With content: 69
[2026-02-28 02:22:43] [71/20416] Processing regulation 71...
[2026-02-28 02:22:47]   ✓ Content fetched: 5521 characters
[2026-02-28 02:22:49] [72/20416] Processing regulation 72...
[2026-02-28 02:22:53]   ✓ Content fetched: 12717 characters
[2026-02-28 02:22:55] [73/20416] Processing regulation 73...
[2026-02-28 02:22:58]   ✓ Content fetched: 3961 characters
[2026-02-28 02:23:00] [74/20416] Processing regulation 74...
[2026-02-28 02:23:04]   ✓ Content fetched: 3802 characters
[2026-02-28 02:23:06] [75/20416] Processing regulation 75...
[2026-02-28 02:23:10]   ✓ Content fetched: 5529 characters
[2026-02-28 02:23:12] [76/20416] Processing regulation 76...
[2026-02-28 02:23:16]   ✓ Content fetched: 9858 characters
[2026-02-28 02:23:18] [77/20416] Processing regulation 77...
[2026-02-28 02:23:21]   ✓ Content fetched: 3338 characters
[2026-02-28 02:23:23] [78/20416] Processing regulation 78...
[2026-02-28 02:23:27]   ✓ Content fetched: 3723 characters
[2026-02-28 02:23:29] [79/20416] Processing regulation 79...
[2026-02-28 02:23:33]   ✓ Content fetched: 6717 characters
[2026-02-28 02:23:35] [80/20416] Processing regulation 80...
[2026-02-28 02:23:39]   ✓ Content fetched: 9958 characters
[2026-02-28 02:23:39] [PROGRESS] Saved: 80/20416 (0.4%) - With content: 79
[2026-02-28 02:23:41] [81/20416] Processing regulation 81...
[2026-02-28 02:23:44]   ✓ Content fetched: 5786 characters
[2026-02-28 02:23:46] [82/20416] Processing regulation 82...
[2026-02-28 02:23:50]   ✓ Content fetched: 15485 characters
[2026-02-28 02:23:52] [83/20416] Processing regulation 83...
[2026-02-28 02:23:56]   ✓ Content fetched: 9069 characters
[2026-02-28 02:23:58] [84/20416] Processing regulation 84...
[2026-02-28 02:24:01]   ✓ Content fetched: 4337 characters
[2026-02-28 02:24:03] [85/20416] Processing regulation 85...
[2026-02-28 02:24:07]   ✓ Content fetched: 6975 characters
[2026-02-28 02:24:09] [86/20416] Processing regulation 86...
[2026-02-28 02:24:13]   ✓ Content fetched: 3383 characters
[2026-02-28 02:24:15] [87/20416] Processing regulation 87...
[2026-02-28 02:24:18]   ✓ Content fetched: 11012 characters
[2026-02-28 02:24:20] [88/20416] Processing regulation 88...
[2026-02-28 02:24:24]   ✓ Content fetched: 14155 characters
[2026-02-28 02:24:26] [89/20416] Processing regulation 89...
[2026-02-28 02:24:30]   ✓ Content fetched: 1657 characters
[2026-02-28 02:24:32] [90/20416] Processing regulation 90...
[2026-02-28 02:24:36]   ✓ Content fetched: 2832 characters
[2026-02-28 02:24:36] [PROGRESS] Saved: 90/20416 (0.4%) - With content: 89
[2026-02-28 02:24:38] [91/20416] Processing regulation 91...
[2026-02-28 02:24:42]   ✓ Content fetched: 11953 characters
[2026-02-28 02:24:44] [92/20416] Processing regulation 92...
[2026-02-28 02:24:47]   ✓ Content fetched: 5175 characters
[2026-02-28 02:24:49] [93/20416] Processing regulation 93...
[2026-02-28 02:24:53]   ✓ Content fetched: 3995 characters
[2026-02-28 02:24:55] [94/20416] Processing regulation 94...
[2026-02-28 02:24:59]   ✓ Content fetched: 10327 characters
[2026-02-28 02:25:01] [95/20416] Processing regulation 95...
[2026-02-28 02:25:05]   ✓ Content fetched: 6780 characters
[2026-02-28 02:25:07] [96/20416] Processing regulation 96...
[2026-02-28 02:25:11]   ✓ Content fetched: 13453 characters
[2026-02-28 02:25:13] [97/20416] Processing regulation 97...
[2026-02-28 02:25:16]   ✓ Content fetched: 10246 characters
[2026-02-28 02:25:18] [98/20416] Processing regulation 98...
[2026-02-28 02:25:22]   ✓ Content fetched: 9566 characters
[2026-02-28 02:25:24] [99/20416] Processing regulation 99...
[2026-02-28 02:25:27]   ✓ Content fetched: 4421 characters
[2026-02-28 02:25:29] [100/20416] Processing regulation 100...
[2026-02-28 02:25:33]   ✓ Content fetched: 6251 characters
[2026-02-28 02:25:33] [PROGRESS] Saved: 100/20416 (0.5%) - With content: 99
[2026-02-28 02:25:35] [101/20416] Processing regulation 101...
[2026-02-28 02:25:39]   ✓ Content fetched: 11235 characters
[2026-02-28 02:25:41] [102/20416] Processing regulation 102...
[2026-02-28 02:25:44]   ✓ Content fetched: 10997 characters
[2026-02-28 02:25:46] [103/20416] Processing regulation 103...
[2026-02-28 02:25:50]   ✓ Content fetched: 7323 characters
[2026-02-28 02:25:52] [104/20416] Processing regulation 104...
[2026-02-28 02:25:56]   ✓ Content fetched: 3465 characters
[2026-02-28 02:25:58] [105/20416] Processing regulation 105...
[2026-02-28 02:26:01]   ✓ Content fetched: 16263 characters
[2026-02-28 02:26:03] [106/20416] Processing regulation 106...
[2026-02-28 02:26:07]   ✓ Content fetched: 6474 characters
[2026-02-28 02:26:09] [107/20416] Processing regulation 107...
[2026-02-28 02:26:13]   ✓ Content fetched: 7121 characters
[2026-02-28 02:26:15] [108/20416] Processing regulation 108...
[2026-02-28 02:26:19]   ✓ Content fetched: 4498 characters
[2026-02-28 02:26:21] [109/20416] Processing regulation 109...
[2026-02-28 02:26:24]   ✓ Content fetched: 1899 characters
[2026-02-28 02:26:26] [110/20416] Processing regulation 110...
[2026-02-28 02:26:30]   ✓ Content fetched: 12487 characters
[2026-02-28 02:26:30] [PROGRESS] Saved: 110/20416 (0.5%) - With content: 109
[2026-02-28 02:26:32] [111/20416] Processing regulation 111...
[2026-02-28 02:26:36]   ✓ Content fetched: 10432 characters
[2026-02-28 02:26:38] [112/20416] Processing regulation 112...
[2026-02-28 02:26:42]   ✓ Content fetched: 15312 characters
[2026-02-28 02:26:44] [113/20416] Processing regulation 113...
[2026-02-28 02:26:47]   ✓ Content fetched: 14255 characters
[2026-02-28 02:26:49] [114/20416] Processing regulation 114...
[2026-02-28 02:26:53]   ✓ Content fetched: 9983 characters
[2026-02-28 02:26:55] [115/20416] Processing regulation 115...
[2026-02-28 02:26:59]   ✓ Content fetched: 15144 characters
[2026-02-28 02:27:01] [116/20416] Processing regulation 116...
[2026-02-28 02:27:05]   ✓ Content fetched: 7448 characters
[2026-02-28 02:27:07] [117/20416] Processing regulation 117...
[2026-02-28 02:27:11]   ✓ Content fetched: 4124 characters
[2026-02-28 02:27:13] [118/20416] Processing regulation 118...
[2026-02-28 02:27:16]   ✓ Content fetched: 7010 characters
[2026-02-28 02:27:18] [119/20416] Processing regulation 119...
[2026-02-28 02:27:22]   ✓ Content fetched: 6726 characters
[2026-02-28 02:27:24] [120/20416] Processing regulation 120...
[2026-02-28 02:27:28]   ✓ Content fetched: 14622 characters
[2026-02-28 02:27:28] [PROGRESS] Saved: 120/20416 (0.6%) - With content: 119
[2026-02-28 02:27:30] [121/20416] Processing regulation 121...
[2026-02-28 02:27:34]   ✓ Content fetched: 7972 characters
[2026-02-28 02:27:36] [122/20416] Processing regulation 122...
[2026-02-28 02:27:40]   ✓ Content fetched: 5334 characters
[2026-02-28 02:27:42] [123/20416] Processing regulation 123...
[2026-02-28 02:27:45]   ✓ Content fetched: 10198 characters
[2026-02-28 02:27:47] [124/20416] Processing regulation 124...
[2026-02-28 02:27:51]   ✓ Content fetched: 6541 characters
[2026-02-28 02:27:53] [125/20416] Processing regulation 125...
[2026-02-28 02:27:57]   ✓ Content fetched: 9341 characters
[2026-02-28 02:27:59] [126/20416] Processing regulation 126...
[2026-02-28 02:28:03]   ✓ Content fetched: 9741 characters
[2026-02-28 02:28:05] [127/20416] Processing regulation 127...
[2026-02-28 02:28:08]   ✓ Content fetched: 4427 characters
[2026-02-28 02:28:10] [128/20416] Processing regulation 128...
[2026-02-28 02:28:14]   ✓ Content fetched: 9246 characters
[2026-02-28 02:28:16] [129/20416] Processing regulation 129...
[2026-02-28 02:28:20]   ✓ Content fetched: 8594 characters
[2026-02-28 02:28:22] [130/20416] Processing regulation 130...
[2026-02-28 02:28:25]   ✓ Content fetched: 3988 characters
[2026-02-28 02:28:25] [PROGRESS] Saved: 130/20416 (0.6%) - With content: 129
[2026-02-28 02:28:27] [131/20416] Processing regulation 131...
[2026-02-28 02:28:31]   ✓ Content fetched: 2309 characters
[2026-02-28 02:28:33] [132/20416] Processing regulation 132...
[2026-02-28 02:28:37]   ✓ Content fetched: 8762 characters
[2026-02-28 02:28:39] [133/20416] Processing regulation 133...
[2026-02-28 02:28:42]   ✓ Content fetched: 8410 characters
[2026-02-28 02:28:44] [134/20416] Processing regulation 134...
[2026-02-28 02:28:48]   ✓ Content fetched: 11110 characters
[2026-02-28 02:28:50] [135/20416] Processing regulation 135...
[2026-02-28 02:28:54]   ✓ Content fetched: 4075 characters
[2026-02-28 02:28:56] [136/20416] Processing regulation 136...
[2026-02-28 02:29:00]   ✓ Content fetched: 3701 characters
[2026-02-28 02:29:02] [137/20416] Processing regulation 137...
[2026-02-28 02:29:05]   ✓ Content fetched: 3930 characters
[2026-02-28 02:29:07] [138/20416] Processing regulation 138...
[2026-02-28 02:29:11]   ✓ Content fetched: 4393 characters
[2026-02-28 02:29:13] [139/20416] Processing regulation 139...
[2026-02-28 02:29:17]   ✓ Content fetched: 6277 characters
[2026-02-28 02:29:19] [140/20416] Processing regulation 140...
[2026-02-28 02:29:23]   ✓ Content fetched: 5315 characters
[2026-02-28 02:29:23] [PROGRESS] Saved: 140/20416 (0.7%) - With content: 139
[2026-02-28 02:29:25] [141/20416] Processing regulation 141...
[2026-02-28 02:29:28]   ✓ Content fetched: 6777 characters
[2026-02-28 02:29:30] [142/20416] Processing regulation 142...
[2026-02-28 02:29:34]   ✓ Content fetched: 1564 characters
[2026-02-28 02:29:36] [143/20416] Processing regulation 143...
[2026-02-28 02:29:40]   ✓ Content fetched: 5062 characters
[2026-02-28 02:29:42] [144/20416] Processing regulation 144...
[2026-02-28 02:29:45]   ✓ Content fetched: 2607 characters
[2026-02-28 02:29:47] [145/20416] Processing regulation 145...
[2026-02-28 02:29:51]   ✓ Content fetched: 3816 characters
[2026-02-28 02:29:53] [146/20416] Processing regulation 146...
[2026-02-28 02:29:57]   ✓ Content fetched: 6404 characters
[2026-02-28 02:29:59] [147/20416] Processing regulation 147...
[2026-02-28 02:30:02]   ✓ Content fetched: 9922 characters
[2026-02-28 02:30:04] [148/20416] Processing regulation 148...
[2026-02-28 02:30:08]   ✓ Content fetched: 10495 characters
[2026-02-28 02:30:10] [149/20416] Processing regulation 149...
[2026-02-28 02:30:14]   ✓ Content fetched: 4697 characters
[2026-02-28 02:30:16] [150/20416] Processing regulation 150...
[2026-02-28 02:30:19]   ✓ Content fetched: 6580 characters
[2026-02-28 02:30:19] [PROGRESS] Saved: 150/20416 (0.7%) - With content: 149
[2026-02-28 02:30:21] [151/20416] Processing regulation 151...
[2026-02-28 02:30:25]   ✓ Content fetched: 11236 characters
[2026-02-28 02:30:27] [152/20416] Processing regulation 152...
[2026-02-28 02:30:31]   ✓ Content fetched: 2365 characters
[2026-02-28 02:30:33] [153/20416] Processing regulation 153...
[2026-02-28 02:30:36]   ✓ Content fetched: 3964 characters
[2026-02-28 02:30:38] [154/20416] Processing regulation 154...
[2026-02-28 02:30:42]   ✓ Content fetched: 3200 characters
[2026-02-28 02:30:44] [155/20416] Processing regulation 155...
[2026-02-28 02:30:48]   ✓ Content fetched: 4152 characters
[2026-02-28 02:30:50] [156/20416] Processing regulation 156...
[2026-02-28 02:30:53]   ✓ Content fetched: 6995 characters
[2026-02-28 02:30:55] [157/20416] Processing regulation 157...
[2026-02-28 02:30:59]   ✓ Content fetched: 3229 characters
[2026-02-28 02:31:01] [158/20416] Processing regulation 158...
[2026-02-28 02:31:05]   ✓ Content fetched: 3687 characters
[2026-02-28 02:31:07] [159/20416] Processing regulation 159...
[2026-02-28 02:31:11]   ✓ Content fetched: 4353 characters
[2026-02-28 02:31:13] [160/20416] Processing regulation 160...
[2026-02-28 02:31:16]   ✓ Content fetched: 6826 characters
[2026-02-28 02:31:16] [PROGRESS] Saved: 160/20416 (0.8%) - With content: 159
[2026-02-28 02:31:18] [161/20416] Processing regulation 161...
[2026-02-28 02:31:22]   ✓ Content fetched: 9374 characters
[2026-02-28 02:31:24] [162/20416] Processing regulation 162...
[2026-02-28 02:31:28]   ✓ Content fetched: 10597 characters
[2026-02-28 02:31:30] [163/20416] Processing regulation 163...
[2026-02-28 02:31:34]   ✓ Content fetched: 5400 characters
[2026-02-28 02:31:36] [164/20416] Processing regulation 164...
[2026-02-28 02:31:40]   ✓ Content fetched: 1688 characters
[2026-02-28 02:31:42] [165/20416] Processing regulation 165...
[2026-02-28 02:31:45]   ✓ Content fetched: 1576 characters
[2026-02-28 02:31:47] [166/20416] Processing regulation 166...
[2026-02-28 02:31:51]   ✓ Content fetched: 7082 characters
[2026-02-28 02:31:53] [167/20416] Processing regulation 167...
[2026-02-28 02:31:57]   ✓ Content fetched: 3313 characters
[2026-02-28 02:31:59] [168/20416] Processing regulation 168...
[2026-02-28 02:32:02]   ✓ Content fetched: 8517 characters
[2026-02-28 02:32:04] [169/20416] Processing regulation 169...
[2026-02-28 02:32:08]   ✓ Content fetched: 2456 characters
[2026-02-28 02:32:10] [170/20416] Processing regulation 170...
[2026-02-28 02:32:14]   ✓ Content fetched: 2610 characters
[2026-02-28 02:32:14] [PROGRESS] Saved: 170/20416 (0.8%) - With content: 169
[2026-02-28 02:32:16] [171/20416] Processing regulation 171...
[2026-02-28 02:32:20]   ✓ Content fetched: 1393 characters
[2026-02-28 02:32:22] [172/20416] Processing regulation 172...
[2026-02-28 02:32:25]   ✓ Content fetched: 1918 characters
[2026-02-28 02:32:27] [173/20416] Processing regulation 173...
[2026-02-28 02:32:31]   ✓ Content fetched: 3436 characters
[2026-02-28 02:32:33] [174/20416] Processing regulation 174...
[2026-02-28 02:32:37]   ✓ Content fetched: 2013 characters
[2026-02-28 02:32:39] [175/20416] Processing regulation 175...
[2026-02-28 02:32:43]   ✓ Content fetched: 3760 characters
[2026-02-28 02:32:45] [176/20416] Processing regulation 176...
[2026-02-28 02:32:48]   ✓ Content fetched: 2482 characters
[2026-02-28 02:32:50] [177/20416] Processing regulation 177...
[2026-02-28 02:32:54]   ✓ Content fetched: 2572 characters
[2026-02-28 02:32:56] [178/20416] Processing regulation 178...
[2026-02-28 02:33:00]   ✓ Content fetched: 4473 characters
[2026-02-28 02:33:02] [179/20416] Processing regulation 179...
[2026-02-28 02:33:05]   ✓ Content fetched: 4681 characters
[2026-02-28 02:33:07] [180/20416] Processing regulation 180...
[2026-02-28 02:33:11]   ✓ Content fetched: 1687 characters
[2026-02-28 02:33:11] [PROGRESS] Saved: 180/20416 (0.9%) - With content: 179
[2026-02-28 02:33:13] [181/20416] Processing regulation 181...
[2026-02-28 02:33:17]   ✓ Content fetched: 3684 characters
[2026-02-28 02:33:19] [182/20416] Processing regulation 182...
[2026-02-28 02:33:23]   ✓ Content fetched: 7389 characters
[2026-02-28 02:33:25] [183/20416] Processing regulation 183...
[2026-02-28 02:33:28]   ✓ Content fetched: 2983 characters
[2026-02-28 02:33:31] [184/20416] Processing regulation 184...
[2026-02-28 02:33:34]   ✓ Content fetched: 1769 characters
[2026-02-28 02:33:36] [185/20416] Processing regulation 185...
[2026-02-28 02:33:40]   ✓ Content fetched: 5610 characters
[2026-02-28 02:33:42] [186/20416] Processing regulation 186...
[2026-02-28 02:33:46]   ✓ Content fetched: 3263 characters
[2026-02-28 02:33:48] [187/20416] Processing regulation 187...
[2026-02-28 02:33:51]   ✓ Content fetched: 1747 characters
[2026-02-28 02:33:53] [188/20416] Processing regulation 188...
[2026-02-28 02:33:57]   ✓ Content fetched: 2139 characters
[2026-02-28 02:33:59] [189/20416] Processing regulation 189...
[2026-02-28 02:34:03]   ✓ Content fetched: 4721 characters
[2026-02-28 02:34:05] [190/20416] Processing regulation 190...
[2026-02-28 02:34:09]   ✓ Content fetched: 5186 characters
[2026-02-28 02:34:09] [PROGRESS] Saved: 190/20416 (0.9%) - With content: 189
[2026-02-28 02:34:11] [191/20416] Processing regulation 191...
[2026-02-28 02:34:14]   ✓ Content fetched: 4660 characters
[2026-02-28 02:34:16] [192/20416] Processing regulation 192...
[2026-02-28 02:34:20]   ✓ Content fetched: 3731 characters
[2026-02-28 02:34:22] [193/20416] Processing regulation 193...
[2026-02-28 02:34:26]   ✓ Content fetched: 2134 characters
[2026-02-28 02:34:28] [194/20416] Processing regulation 194...
[2026-02-28 02:34:32]   ✓ Content fetched: 3707 characters
[2026-02-28 02:34:34] [195/20416] Processing regulation 195...
[2026-02-28 02:34:37]   ✓ Content fetched: 4840 characters
[2026-02-28 02:34:39] [196/20416] Processing regulation 196...
[2026-02-28 02:34:43]   ✓ Content fetched: 1644 characters
[2026-02-28 02:34:45] [197/20416] Processing regulation 197...
[2026-02-28 02:34:49]   ✓ Content fetched: 1471 characters
[2026-02-28 02:34:51] [198/20416] Processing regulation 198...
[2026-02-28 02:34:55]   ✓ Content fetched: 2070 characters
[2026-02-28 02:34:57] [199/20416] Processing regulation 199...
[2026-02-28 02:35:00]   ✓ Content fetched: 5930 characters
[2026-02-28 02:35:02] [200/20416] Processing regulation 200...
[2026-02-28 02:35:06]   ✓ Content fetched: 1885 characters
[2026-02-28 02:35:06] [PROGRESS] Saved: 200/20416 (1.0%) - With content: 199
[2026-02-28 02:35:08] [201/20416] Processing regulation 201...
[2026-02-28 02:35:12]   ✓ Content fetched: 5186 characters
[2026-02-28 02:35:14] [202/20416] Processing regulation 202...
[2026-02-28 02:35:17]   ✓ Content fetched: 1682 characters
[2026-02-28 02:35:19] [203/20416] Processing regulation 203...
[2026-02-28 02:35:23]   ✓ Content fetched: 2563 characters
[2026-02-28 02:35:25] [204/20416] Processing regulation 204...
[2026-02-28 02:35:29]   ✓ Content fetched: 3148 characters
[2026-02-28 02:35:31] [205/20416] Processing regulation 205...
[2026-02-28 02:35:34]   ✓ Content fetched: 4866 characters
[2026-02-28 02:35:36] [206/20416] Processing regulation 206...
[2026-02-28 02:35:40]   ✓ Content fetched: 5153 characters
[2026-02-28 02:35:42] [207/20416] Processing regulation 207...
[2026-02-28 02:35:46]   ✓ Content fetched: 4911 characters
[2026-02-28 02:35:48] [208/20416] Processing regulation 208...
[2026-02-28 02:35:51]   ✓ Content fetched: 616 characters
[2026-02-28 02:35:53] [209/20416] Processing regulation 209...
[2026-02-28 02:35:57]   ✓ Content fetched: 5122 characters
[2026-02-28 02:35:59] [210/20416] Processing regulation 210...
[2026-02-28 02:36:03]   ✓ Content fetched: 1692 characters
[2026-02-28 02:36:03] [PROGRESS] Saved: 210/20416 (1.0%) - With content: 209
[2026-02-28 02:36:05] [211/20416] Processing regulation 211...
[2026-02-28 02:36:09]   ✓ Content fetched: 4728 characters
[2026-02-28 02:36:11] [212/20416] Processing regulation 212...
[2026-02-28 02:36:15]   ✓ Content fetched: 1621 characters
[2026-02-28 02:36:17] [213/20416] Processing regulation 213...
[2026-02-28 02:36:20]   ✓ Content fetched: 1558 characters
[2026-02-28 02:36:22] [214/20416] Processing regulation 214...
[2026-02-28 02:36:26]   ✓ Content fetched: 1571 characters
[2026-02-28 02:36:28] [215/20416] Processing regulation 215...
[2026-02-28 02:36:32]   ✓ Content fetched: 1532 characters
[2026-02-28 02:36:34] [216/20416] Processing regulation 216...
[2026-02-28 02:36:37]   ✓ Content fetched: 1609 characters
[2026-02-28 02:36:39] [217/20416] Processing regulation 217...
[2026-02-28 02:36:43]   ✓ Content fetched: 1608 characters
[2026-02-28 02:36:45] [218/20416] Processing regulation 218...
[2026-02-28 02:36:49]   ✓ Content fetched: 1585 characters
[2026-02-28 02:36:51] [219/20416] Processing regulation 219...
[2026-02-28 02:36:54]   ✓ Content fetched: 1562 characters
[2026-02-28 02:36:56] [220/20416] Processing regulation 220...
[2026-02-28 02:37:00]   ✓ Content fetched: 3313 characters
[2026-02-28 02:37:00] [PROGRESS] Saved: 220/20416 (1.1%) - With content: 219
[2026-02-28 02:37:02] [221/20416] Processing regulation 221...
[2026-02-28 02:37:06]   ✓ Content fetched: 4430 characters
[2026-02-28 02:37:08] [222/20416] Processing regulation 222...
[2026-02-28 02:37:11]   ✓ Content fetched: 3411 characters
[2026-02-28 02:37:13] [223/20416] Processing regulation 223...
[2026-02-28 02:37:17]   ✓ Content fetched: 2816 characters
[2026-02-28 02:37:19] [224/20416] Processing regulation 224...
[2026-02-28 02:37:23]   ✓ Content fetched: 1680 characters
[2026-02-28 02:37:25] [225/20416] Processing regulation 225...
[2026-02-28 02:37:29]   ✓ Content fetched: 1771 characters
[2026-02-28 02:37:31] [226/20416] Processing regulation 226...
[2026-02-28 02:37:34]   ✓ Content fetched: 3596 characters
[2026-02-28 02:37:36] [227/20416] Processing regulation 227...
[2026-02-28 02:37:40]   ✓ Content fetched: 6602 characters
[2026-02-28 02:37:42] [228/20416] Processing regulation 228...
[2026-02-28 02:37:46]   ✓ Content fetched: 2459 characters
[2026-02-28 02:37:48] [229/20416] Processing regulation 229...
[2026-02-28 02:37:51]   ✓ Content fetched: 2300 characters
[2026-02-28 02:37:53] [230/20416] Processing regulation 230...
[2026-02-28 02:37:57]   ✓ Content fetched: 1693 characters
[2026-02-28 02:37:57] [PROGRESS] Saved: 230/20416 (1.1%) - With content: 229
[2026-02-28 02:37:59] [231/20416] Processing regulation 231...
[2026-02-28 02:38:03]   ✓ Content fetched: 7089 characters
[2026-02-28 02:38:05] [232/20416] Processing regulation 232...
[2026-02-28 02:38:09]   ✓ Content fetched: 8582 characters
[2026-02-28 02:38:11] [233/20416] Processing regulation 233...
[2026-02-28 02:38:15]   ✓ Content fetched: 2134 characters
[2026-02-28 02:38:17] [234/20416] Processing regulation 234...
[2026-02-28 02:38:20]   ✓ Content fetched: 6783 characters
[2026-02-28 02:38:22] [235/20416] Processing regulation 235...
[2026-02-28 02:38:26]   ✓ Content fetched: 1554 characters
[2026-02-28 02:38:28] [236/20416] Processing regulation 236...
[2026-02-28 02:38:31]   ✓ Content fetched: 3198 characters
[2026-02-28 02:38:33] [237/20416] Processing regulation 237...
[2026-02-28 02:38:37]   ✓ Content fetched: 1626 characters
[2026-02-28 02:38:39] [238/20416] Processing regulation 238...
[2026-02-28 02:38:43]   ✓ Content fetched: 3182 characters
[2026-02-28 02:38:45] [239/20416] Processing regulation 239...
[2026-02-28 02:38:49]   ✓ Content fetched: 5448 characters
[2026-02-28 02:38:51] [240/20416] Processing regulation 240...
[2026-02-28 02:38:54]   ✓ Content fetched: 11839 characters
[2026-02-28 02:38:54] [PROGRESS] Saved: 240/20416 (1.2%) - With content: 239
[2026-02-28 02:38:56] [241/20416] Processing regulation 241...
[2026-02-28 02:39:00]   ✓ Content fetched: 1731 characters
[2026-02-28 02:39:02] [242/20416] Processing regulation 242...
[2026-02-28 02:39:06]   ✓ Content fetched: 3312 characters
[2026-02-28 02:39:08] [243/20416] Processing regulation 243...
[2026-02-28 02:39:12]   ✓ Content fetched: 5439 characters
[2026-02-28 02:39:14] [244/20416] Processing regulation 244...
[2026-02-28 02:39:17]   ✓ Content fetched: 4314 characters
[2026-02-28 02:39:19] [245/20416] Processing regulation 245...
[2026-02-28 02:39:23]   ✓ Content fetched: 5891 characters
[2026-02-28 02:39:25] [246/20416] Processing regulation 246...
[2026-02-28 02:39:28]   ✓ Content fetched: 7444 characters
[2026-02-28 02:39:30] [247/20416] Processing regulation 247...
[2026-02-28 02:39:34]   ✓ Content fetched: 3113 characters
[2026-02-28 02:39:36] [248/20416] Processing regulation 248...
[2026-02-28 02:39:40]   ✓ Content fetched: 4511 characters
[2026-02-28 02:39:42] [249/20416] Processing regulation 249...
[2026-02-28 02:39:46]   ✓ Content fetched: 8530 characters
[2026-02-28 02:39:48] [250/20416] Processing regulation 250...
[2026-02-28 02:39:52]   ✓ Content fetched: 1734 characters
[2026-02-28 02:39:52] [PROGRESS] Saved: 250/20416 (1.2%) - With content: 249
[2026-02-28 02:39:54] [251/20416] Processing regulation 251...
[2026-02-28 02:39:58]   ✓ Content fetched: 1901 characters
