[2026-02-28 02:43:11] ======================================================================
[2026-02-28 02:43:11] FULL CONTENT SCRAPER - CORRECT ORTAX IDs - STARTING
[2026-02-28 02:43:11] Total regulations to process: 20416
[2026-02-28 02:43:11] ======================================================================
[2026-02-28 02:43:11] [INIT] Starting browser...
[2026-02-28 02:43:13] [INIT] Browser started, beginning scrape with CORRECT IDs...
[2026-02-28 02:43:13] [1/20416] Processing regulation ID 26938...
[2026-02-28 02:43:19]   ✓ Content fetched: 1549 characters
[2026-02-28 02:43:21] [2/20416] Processing regulation ID 26935...
[2026-02-28 02:43:25]   ✓ Content fetched: 4205 characters
[2026-02-28 02:43:27] [3/20416] Processing regulation ID 26937...
[2026-02-28 02:43:31]   ✓ Content fetched: 1350 characters
[2026-02-28 02:43:33] [4/20416] Processing regulation ID 26930...
[2026-02-28 02:43:36]   ✓ Content fetched: 959 characters
[2026-02-28 02:43:38] [5/20416] Processing regulation ID 26933...
[2026-02-28 02:43:42]   ✓ Content fetched: 5361 characters
[2026-02-28 02:43:44] [6/20416] Processing regulation ID 26940...
[2026-02-28 02:43:48]   ✓ Content fetched: 295 characters
[2026-02-28 02:43:50] [7/20416] Processing regulation ID 26921...
[2026-02-28 02:43:54]   ✓ Content fetched: 4221 characters
[2026-02-28 02:43:56] [8/20416] Processing regulation ID 26916...
[2026-02-28 02:44:00]   ✓ Content fetched: 713 characters
[2026-02-28 02:44:02] [9/20416] Processing regulation ID 26928...
[2026-02-28 02:44:06]   ✓ Content fetched: 3705 characters
[2026-02-28 02:44:08] [10/20416] Processing regulation ID 26910...
[2026-02-28 02:44:11]   ✓ Content fetched: 111 characters
[2026-02-28 02:44:11] [PROGRESS] Saved: 10/20416 (0.0%) - With content: 10
[2026-02-28 02:44:13] [11/20416] Processing regulation ID 26924...
[2026-02-28 02:44:17]   ✓ Content fetched: 111 characters
[2026-02-28 02:44:19] [12/20416] Processing regulation ID 26922...
[2026-02-28 02:44:23]   ✓ Content fetched: 602 characters
[2026-02-28 02:44:25] [13/20416] Processing regulation ID 26909...
[2026-02-28 02:44:28]   ✓ Content fetched: 1652 characters
[2026-02-28 02:44:30] [14/20416] Processing regulation ID 26908...
[2026-02-28 02:44:34]   ✓ Content fetched: 844 characters
[2026-02-28 02:44:36] [15/20416] Processing regulation ID 26898...
[2026-02-28 02:44:40]   ✓ Content fetched: 4221 characters
[2026-02-28 02:44:42] [16/20416] Processing regulation ID 26931...
[2026-02-28 02:44:46]   ✓ Content fetched: 11797 characters
[2026-02-28 02:44:48] [17/20416] Processing regulation ID 26911...
[2026-02-28 02:44:52]   ✓ Content fetched: 12866 characters
[2026-02-28 02:44:54] [18/20416] Processing regulation ID 26929...
[2026-02-28 02:44:58]   ✓ Content fetched: 10403 characters
[2026-02-28 02:45:00] [19/20416] Processing regulation ID 26895...
[2026-02-28 02:45:03]   ✓ Content fetched: 12641 characters
[2026-02-28 02:45:05] [20/20416] Processing regulation ID 26881...
[2026-02-28 02:45:09]   ✓ Content fetched: 4217 characters
[2026-02-28 02:45:09] [PROGRESS] Saved: 20/20416 (0.1%) - With content: 20
[2026-02-28 02:45:11] [21/20416] Processing regulation ID 26925...
[2026-02-28 02:45:15]   ✓ Content fetched: 11185 characters
[2026-02-28 02:45:17] [22/20416] Processing regulation ID 26883...
[2026-02-28 02:45:21]   ✓ Content fetched: 1632 characters
[2026-02-28 02:45:23] [23/20416] Processing regulation ID 26877...
[2026-02-28 02:45:26]   ✓ Content fetched: 3449 characters
[2026-02-28 02:45:28] [24/20416] Processing regulation ID 26888...
[2026-02-28 02:45:32]   ✓ Content fetched: 111 characters
[2026-02-28 02:45:34] [25/20416] Processing regulation ID 26887...
[2026-02-28 02:45:38]   ✓ Content fetched: 341 characters
[2026-02-28 02:45:40] [26/20416] Processing regulation ID 26893...
[2026-02-28 02:45:44]   ✓ Content fetched: 4741 characters
[2026-02-28 02:45:46] [27/20416] Processing regulation ID 26926...
[2026-02-28 02:45:49]   ✓ Content fetched: 7330 characters
[2026-02-28 02:45:51] [28/20416] Processing regulation ID 26875...
[2026-02-28 02:45:55]   ✓ Content fetched: 111 characters
[2026-02-28 02:45:57] [29/20416] Processing regulation ID 26874...
[2026-02-28 02:46:01]   ✓ Content fetched: 232 characters
[2026-02-28 02:46:03] [30/20416] Processing regulation ID 26873...
[2026-02-28 02:46:07]   ✓ Content fetched: 252 characters
[2026-02-28 02:46:07] [PROGRESS] Saved: 30/20416 (0.1%) - With content: 30
[2026-02-28 02:46:09] [31/20416] Processing regulation ID 26884...
[2026-02-28 02:46:12]   ✓ Content fetched: 341 characters
[2026-02-28 02:46:14] [32/20416] Processing regulation ID 26859...
[2026-02-28 02:46:18]   ✓ Content fetched: 4213 characters
[2026-02-28 02:46:20] [33/20416] Processing regulation ID 26896...
[2026-02-28 02:46:24]   ✓ Content fetched: 4252 characters
[2026-02-28 02:46:26] [34/20416] Processing regulation ID 26897...
[2026-02-28 02:46:29]   ✓ Content fetched: 5332 characters
[2026-02-28 02:46:31] [35/20416] Processing regulation ID 26934...
[2026-02-28 02:46:35]   ✓ Content fetched: 11727 characters
[2026-02-28 02:46:37] [36/20416] Processing regulation ID 26854...
[2026-02-28 02:46:41]   ✓ Content fetched: 14455 characters
[2026-02-28 02:46:43] [37/20416] Processing regulation ID 26932...
[2026-02-28 02:46:47]   ✓ Content fetched: 10548 characters
[2026-02-28 02:46:49] [38/20416] Processing regulation ID 26867...
[2026-02-28 02:46:53]   ✓ Content fetched: 1144 characters
[2026-02-28 02:46:55] [39/20416] Processing regulation ID 26869...
[2026-02-28 02:46:59]   ✓ Content fetched: 111 characters
[2026-02-28 02:47:01] [40/20416] Processing regulation ID 26851...
[2026-02-28 02:47:04]   ✓ Content fetched: 4213 characters
[2026-02-28 02:47:04] [PROGRESS] Saved: 40/20416 (0.2%) - With content: 40
[2026-02-28 02:47:06] [41/20416] Processing regulation ID 26864...
[2026-02-28 02:47:10]   ✓ Content fetched: 848 characters
[2026-02-28 02:47:12] [42/20416] Processing regulation ID 26850...
[2026-02-28 02:47:16]   ✓ Content fetched: 657 characters
[2026-02-28 02:47:18] [43/20416] Processing regulation ID 26885...
[2026-02-28 02:47:22]   ✓ Content fetched: 10853 characters
[2026-02-28 02:47:24] [44/20416] Processing regulation ID 26907...
[2026-02-28 02:47:28]   ✓ Content fetched: 237 characters
[2026-02-28 02:47:30] [45/20416] Processing regulation ID 26855...
[2026-02-28 02:47:34]   ✓ Content fetched: 111 characters
[2026-02-28 02:47:36] [46/20416] Processing regulation ID 26843...
[2026-02-28 02:47:39]   ✓ Content fetched: 3701 characters
[2026-02-28 02:47:41] [47/20416] Processing regulation ID 26834...
[2026-02-28 02:47:45]   ✓ Content fetched: 4213 characters
[2026-02-28 02:47:47] [48/20416] Processing regulation ID 26842...
[2026-02-28 02:47:51]   ✓ Content fetched: 111 characters
[2026-02-28 02:47:53] [49/20416] Processing regulation ID 26857...
[2026-02-28 02:47:56]   ✓ Content fetched: 111 characters
[2026-02-28 02:47:58] [50/20416] Processing regulation ID 26844...
[2026-02-28 02:48:02]   ✓ Content fetched: 1395 characters
[2026-02-28 02:48:02] [PROGRESS] Saved: 50/20416 (0.2%) - With content: 50
[2026-02-28 02:48:04] [51/20416] Processing regulation ID 26845...
[2026-02-28 02:48:08]   ✓ Content fetched: 10705 characters
[2026-02-28 02:48:10] [52/20416] Processing regulation ID 26823...
[2026-02-28 02:48:14]   ✓ Content fetched: 4209 characters
[2026-02-28 02:48:16] [53/20416] Processing regulation ID 26832...
[2026-02-28 02:48:20]   ✓ Content fetched: 11165 characters
[2026-02-28 02:48:22] [54/20416] Processing regulation ID 26846...
[2026-02-28 02:48:25]   ✓ Content fetched: 313 characters
[2026-02-28 02:48:27] [55/20416] Processing regulation ID 26818...
[2026-02-28 02:48:31]   ✓ Content fetched: 8564 characters
[2026-02-28 02:48:33] [56/20416] Processing regulation ID 26817...
[2026-02-28 02:48:37]   ✓ Content fetched: 12620 characters
[2026-02-28 02:48:39] [57/20416] Processing regulation ID 26819...
[2026-02-28 02:48:44]   ✓ Content fetched: 14697 characters
[2026-02-28 02:48:46] [58/20416] Processing regulation ID 26878...
[2026-02-28 02:48:50]   ✓ Content fetched: 4836 characters
[2026-02-28 02:48:52] [59/20416] Processing regulation ID 26837...
[2026-02-28 02:48:55]   ✓ Content fetched: 11519 characters
[2026-02-28 02:48:57] [60/20416] Processing regulation ID 26847...
[2026-02-28 02:49:01]   ✓ Content fetched: 3998 characters
[2026-02-28 02:49:01] [PROGRESS] Saved: 60/20416 (0.3%) - With content: 60
[2026-02-28 02:49:03] [61/20416] Processing regulation ID 26810...
[2026-02-28 02:49:07]   ✓ Content fetched: 2470 characters
[2026-02-28 02:49:09] [62/20416] Processing regulation ID 26856...
[2026-02-28 02:49:13]   ✓ Content fetched: 11023 characters
[2026-02-28 02:49:15] [63/20416] Processing regulation ID 26798...
[2026-02-28 02:49:18]   ✓ Content fetched: 111 characters
[2026-02-28 02:49:20] [64/20416] Processing regulation ID 26801...
[2026-02-28 02:49:24]   ✓ Content fetched: 3516 characters
[2026-02-28 02:49:26] [65/20416] Processing regulation ID 26835...
[2026-02-28 02:49:30]   ✓ Content fetched: 12437 characters
[2026-02-28 02:49:32] [66/20416] Processing regulation ID 26807...
[2026-02-28 02:49:36]   ✓ Content fetched: 11680 characters
[2026-02-28 02:49:38] [67/20416] Processing regulation ID 26795...
[2026-02-28 02:49:42]   ✓ Content fetched: 3440 characters
[2026-02-28 02:49:44] [68/20416] Processing regulation ID 26814...
[2026-02-28 02:49:48]   ✓ Content fetched: 11850 characters
[2026-02-28 02:49:50] [69/20416] Processing regulation ID 26811...
[2026-02-28 02:49:54]   ✓ Content fetched: 12438 characters
[2026-02-28 02:49:56] [70/20416] Processing regulation ID 26808...
[2026-02-28 02:50:00]   ✓ Content fetched: 11777 characters
[2026-02-28 02:50:00] [PROGRESS] Saved: 70/20416 (0.3%) - With content: 70
[2026-02-28 02:50:02] [71/20416] Processing regulation ID 26927...
[2026-02-28 02:50:05]   ✓ Content fetched: 12814 characters
[2026-02-28 02:50:07] [72/20416] Processing regulation ID 26825...
[2026-02-28 02:50:11]   ✓ Content fetched: 10619 characters
[2026-02-28 02:50:13] [73/20416] Processing regulation ID 26840...
[2026-02-28 02:50:18]   ✓ Content fetched: 10203 characters
[2026-02-28 02:50:20] [74/20416] Processing regulation ID 26815...
[2026-02-28 02:50:23]   ✓ Content fetched: 6687 characters
[2026-02-28 02:50:25] [75/20416] Processing regulation ID 26809...
[2026-02-28 02:50:30]   ✓ Content fetched: 13718 characters
[2026-02-28 02:50:32] [76/20416] Processing regulation ID 26793...
[2026-02-28 02:50:35]   ✓ Content fetched: 4221 characters
[2026-02-28 02:50:37] [77/20416] Processing regulation ID 26796...
[2026-02-28 02:50:41]   ✓ Content fetched: 252 characters
[2026-02-28 02:50:43] [78/20416] Processing regulation ID 26797...
[2026-02-28 02:50:47]   ✓ Content fetched: 232 characters
[2026-02-28 02:50:49] [79/20416] Processing regulation ID 26805...
[2026-02-28 02:50:53]   ✓ Content fetched: 11656 characters
[2026-02-28 02:50:55] [80/20416] Processing regulation ID 26852...
[2026-02-28 02:50:58]   ✓ Content fetched: 7974 characters
[2026-02-28 02:50:58] [PROGRESS] Saved: 80/20416 (0.4%) - With content: 80
[2026-02-28 02:51:00] [81/20416] Processing regulation ID 26789...
[2026-02-28 02:51:04]   ✓ Content fetched: 1435 characters
[2026-02-28 02:51:06] [82/20416] Processing regulation ID 26816...
[2026-02-28 02:51:10]   ✓ Content fetched: 8605 characters
[2026-02-28 02:51:12] [83/20416] Processing regulation ID 26901...
[2026-02-28 02:51:16]   ✓ Content fetched: 15407 characters
[2026-02-28 02:51:18] [84/20416] Processing regulation ID 26836...
[2026-02-28 02:51:22]   ✓ Content fetched: 10335 characters
[2026-02-28 02:51:24] [85/20416] Processing regulation ID 26830...
[2026-02-28 02:51:27]   ✓ Content fetched: 111 characters
[2026-02-28 02:51:29] [86/20416] Processing regulation ID 26829...
[2026-02-28 02:51:33]   ✓ Content fetched: 220 characters
[2026-02-28 02:51:35] [87/20416] Processing regulation ID 26800...
[2026-02-28 02:51:39]   ✓ Content fetched: 221 characters
[2026-02-28 02:51:41] [88/20416] Processing regulation ID 26882...
[2026-02-28 02:51:45]   ✓ Content fetched: 12403 characters
[2026-02-28 02:51:47] [89/20416] Processing regulation ID 26828...
[2026-02-28 02:51:51]   ✓ Content fetched: 325 characters
[2026-02-28 02:51:53] [90/20416] Processing regulation ID 26824...
[2026-02-28 02:51:57]   ✓ Content fetched: 5707 characters
[2026-02-28 02:51:57] [PROGRESS] Saved: 90/20416 (0.4%) - With content: 90
[2026-02-28 02:51:59] [91/20416] Processing regulation ID 26782...
[2026-02-28 02:52:02]   ✓ Content fetched: 1907 characters
[2026-02-28 02:52:04] [92/20416] Processing regulation ID 26778...
[2026-02-28 02:52:08]   ✓ Content fetched: 4229 characters
[2026-02-28 02:52:10] [93/20416] Processing regulation ID 26790...
[2026-02-28 02:52:14]   ✓ Content fetched: 12901 characters
[2026-02-28 02:52:16] [94/20416] Processing regulation ID 26791...
[2026-02-28 02:52:20]   ✓ Content fetched: 239 characters
[2026-02-28 02:52:22] [95/20416] Processing regulation ID 26821...
[2026-02-28 02:52:25]   ✓ Content fetched: 7362 characters
[2026-02-28 02:52:27] [96/20416] Processing regulation ID 26783...
[2026-02-28 02:52:31]   ✓ Content fetched: 2914 characters
[2026-02-28 02:52:33] [97/20416] Processing regulation ID 26802...
[2026-02-28 02:52:37]   ✓ Content fetched: 4220 characters
[2026-02-28 02:52:39] [98/20416] Processing regulation ID 26913...
[2026-02-28 02:52:42]   ✓ Content fetched: 7922 characters
[2026-02-28 02:52:44] [99/20416] Processing regulation ID 26784...
[2026-02-28 02:52:48]   ✓ Content fetched: 216 characters
[2026-02-28 02:52:50] [100/20416] Processing regulation ID 26822...
[2026-02-28 02:52:54]   ✓ Content fetched: 11521 characters
[2026-02-28 02:52:54] [PROGRESS] Saved: 100/20416 (0.5%) - With content: 100
[2026-02-28 02:52:56] [101/20416] Processing regulation ID 26648...
[2026-02-28 02:53:00]   ✓ Content fetched: 4228 characters
[2026-02-28 02:53:02] [102/20416] Processing regulation ID 26685...
[2026-02-28 02:53:06]   ✓ Content fetched: 8865 characters
[2026-02-28 02:53:08] [103/20416] Processing regulation ID 26696...
[2026-02-28 02:53:12]   ✓ Content fetched: 294 characters
[2026-02-28 02:53:14] [104/20416] Processing regulation ID 26656...
[2026-02-28 02:53:17]   ✓ Content fetched: 10523 characters
[2026-02-28 02:53:19] [105/20416] Processing regulation ID 26629...
[2026-02-28 02:53:23]   ✓ Content fetched: 620 characters
[2026-02-28 02:53:25] [106/20416] Processing regulation ID 26604...
[2026-02-28 02:53:29]   ✓ Content fetched: 111 characters
[2026-02-28 02:53:31] [107/20416] Processing regulation ID 26676...
[2026-02-28 02:53:35]   ✓ Content fetched: 2589 characters
[2026-02-28 02:53:37] [108/20416] Processing regulation ID 26659...
[2026-02-28 02:53:41]   ✓ Content fetched: 10995 characters
[2026-02-28 02:53:43] [109/20416] Processing regulation ID 26586...
[2026-02-28 02:53:46]   ✓ Content fetched: 4228 characters
[2026-02-28 02:53:48] [110/20416] Processing regulation ID 26657...
[2026-02-28 02:53:52]   ✓ Content fetched: 11299 characters
[2026-02-28 02:53:52] [PROGRESS] Saved: 110/20416 (0.5%) - With content: 110
[2026-02-28 02:53:54] [111/20416] Processing regulation ID 26619...
[2026-02-28 02:53:58]   ✓ Content fetched: 4145 characters
[2026-02-28 02:54:00] [112/20416] Processing regulation ID 26609...
[2026-02-28 02:54:04]   ✓ Content fetched: 1192 characters
[2026-02-28 02:54:06] [113/20416] Processing regulation ID 26654...
[2026-02-28 02:54:10]   ✓ Content fetched: 12170 characters
[2026-02-28 02:54:12] [114/20416] Processing regulation ID 26653...
[2026-02-28 02:54:16]   ✓ Content fetched: 9734 characters
[2026-02-28 02:54:18] [115/20416] Processing regulation ID 26652...
[2026-02-28 02:54:22]   ✓ Content fetched: 14643 characters
[2026-02-28 02:54:24] [116/20416] Processing regulation ID 26827...
[2026-02-28 02:54:28]   ✓ Content fetched: 9851 characters
[2026-02-28 02:54:30] [117/20416] Processing regulation ID 26571...
[2026-02-28 02:54:34]   ✓ Content fetched: 111 characters
[2026-02-28 02:54:36] [118/20416] Processing regulation ID 26697...
[2026-02-28 02:54:40]   ✓ Content fetched: 2474 characters
[2026-02-28 02:54:42] [119/20416] Processing regulation ID 26545...
[2026-02-28 02:54:45]   ✓ Content fetched: 4225 characters
[2026-02-28 02:54:47] [120/20416] Processing regulation ID 26558...
[2026-02-28 02:54:51]   ✓ Content fetched: 5171 characters
[2026-02-28 02:54:51] [PROGRESS] Saved: 120/20416 (0.6%) - With content: 120
[2026-02-28 02:54:53] [121/20416] Processing regulation ID 26541...
[2026-02-28 02:54:57]   ✓ Content fetched: 5939 characters
[2026-02-28 02:54:59] [122/20416] Processing regulation ID 26560...
[2026-02-28 02:55:02]   ✓ Content fetched: 3465 characters
[2026-02-28 02:55:04] [123/20416] Processing regulation ID 26658...
[2026-02-28 02:55:08]   ✓ Content fetched: 8887 characters
[2026-02-28 02:55:10] [124/20416] Processing regulation ID 26532...
[2026-02-28 02:55:14]   ✓ Content fetched: 232 characters
[2026-02-28 02:55:16] [125/20416] Processing regulation ID 26531...
[2026-02-28 02:55:20]   ✓ Content fetched: 252 characters
[2026-02-28 02:55:22] [126/20416] Processing regulation ID 26725...
[2026-02-28 02:55:26]   ✓ Content fetched: 11007 characters
[2026-02-28 02:55:28] [127/20416] Processing regulation ID 26534...
[2026-02-28 02:55:31]   ✓ Content fetched: 3449 characters
[2026-02-28 02:55:33] [128/20416] Processing regulation ID 26553...
[2026-02-28 02:55:37]   ✓ Content fetched: 6595 characters
[2026-02-28 02:55:39] [129/20416] Processing regulation ID 26525...
[2026-02-28 02:55:43]   ✓ Content fetched: 4221 characters
[2026-02-28 02:55:45] [130/20416] Processing regulation ID 26537...
[2026-02-28 02:55:48]   ✓ Content fetched: 2715 characters
[2026-02-28 02:55:48] [PROGRESS] Saved: 130/20416 (0.6%) - With content: 130
[2026-02-28 02:55:50] [131/20416] Processing regulation ID 26533...
[2026-02-28 02:55:54]   ✓ Content fetched: 10608 characters
[2026-02-28 02:55:56] [132/20416] Processing regulation ID 26519...
[2026-02-28 02:56:00]   ✓ Content fetched: 214 characters
[2026-02-28 02:56:02] [133/20416] Processing regulation ID 26516...
[2026-02-28 02:56:06]   ✓ Content fetched: 4347 characters
[2026-02-28 02:56:08] [134/20416] Processing regulation ID 26515...
[2026-02-28 02:56:11]   ✓ Content fetched: 6761 characters
[2026-02-28 02:56:13] [135/20416] Processing regulation ID 26514...
[2026-02-28 02:56:17]   ✓ Content fetched: 11281 characters
[2026-02-28 02:56:19] [136/20416] Processing regulation ID 26523...
[2026-02-28 02:56:23]   ✓ Content fetched: 9536 characters
[2026-02-28 02:56:25] [137/20416] Processing regulation ID 26503...
[2026-02-28 02:56:29]   ✓ Content fetched: 4221 characters
[2026-02-28 02:56:31] [138/20416] Processing regulation ID 26524...
[2026-02-28 02:56:34]   ✓ Content fetched: 9973 characters
[2026-02-28 02:56:36] [139/20416] Processing regulation ID 26504...
[2026-02-28 02:56:40]   ✓ Content fetched: 12009 characters
[2026-02-28 02:56:42] [140/20416] Processing regulation ID 26780...
[2026-02-28 02:56:46]   ✓ Content fetched: 691 characters
[2026-02-28 02:56:46] [PROGRESS] Saved: 140/20416 (0.7%) - With content: 140
[2026-02-28 02:56:48] [141/20416] Processing regulation ID 26499...
[2026-02-28 02:56:51]   ✓ Content fetched: 12757 characters
[2026-02-28 02:56:53] [142/20416] Processing regulation ID 26507...
[2026-02-28 02:56:57]   ✓ Content fetched: 4010 characters
[2026-02-28 02:56:59] [143/20416] Processing regulation ID 26492...
[2026-02-28 02:57:03]   ✓ Content fetched: 4221 characters
[2026-02-28 02:57:05] [144/20416] Processing regulation ID 26494...
[2026-02-28 02:57:09]   ✓ Content fetched: 4542 characters
[2026-02-28 02:57:11] [145/20416] Processing regulation ID 26502...
[2026-02-28 02:57:14]   ✓ Content fetched: 7573 characters
[2026-02-28 02:57:16] [146/20416] Processing regulation ID 26482...
[2026-02-28 02:57:20]   ✓ Content fetched: 4217 characters
[2026-02-28 02:57:22] [147/20416] Processing regulation ID 26509...
[2026-02-28 02:57:27]   ✓ Content fetched: 10270 characters
[2026-02-28 02:57:29] [148/20416] Processing regulation ID 26636...
[2026-02-28 02:57:32]   ✓ Content fetched: 10759 characters
[2026-02-28 02:57:34] [149/20416] Processing regulation ID 26486...
[2026-02-28 02:57:38]   ✓ Content fetched: 3782 characters
[2026-02-28 02:57:40] [150/20416] Processing regulation ID 26483...
[2026-02-28 02:57:44]   ✓ Content fetched: 474 characters
[2026-02-28 02:57:44] [PROGRESS] Saved: 150/20416 (0.7%) - With content: 150
[2026-02-28 02:57:46] [151/20416] Processing regulation ID 26506...
[2026-02-28 02:57:49]   ✓ Content fetched: 5450 characters
[2026-02-28 02:57:51] [152/20416] Processing regulation ID 26485...
[2026-02-28 02:57:55]   ✓ Content fetched: 5669 characters
[2026-02-28 02:57:57] [153/20416] Processing regulation ID 26539...
[2026-02-28 02:58:01]   ✓ Content fetched: 4096 characters
[2026-02-28 02:58:03] [154/20416] Processing regulation ID 26501...
[2026-02-28 02:58:07]   ✓ Content fetched: 3219 characters
[2026-02-28 02:58:09] [155/20416] Processing regulation ID 26481...
[2026-02-28 02:58:12]   ✓ Content fetched: 6548 characters
[2026-02-28 02:58:14] [156/20416] Processing regulation ID 26474...
[2026-02-28 02:58:18]   ✓ Content fetched: 3441 characters
[2026-02-28 02:58:20] [157/20416] Processing regulation ID 26473...
[2026-02-28 02:58:24]   ✓ Content fetched: 4213 characters
[2026-02-28 02:58:26] [158/20416] Processing regulation ID 26498...
[2026-02-28 02:58:30]   ✓ Content fetched: 111 characters
[2026-02-28 02:58:32] [159/20416] Processing regulation ID 26478...
[2026-02-28 02:58:35]   ✓ Content fetched: 215 characters
[2026-02-28 02:58:37] [160/20416] Processing regulation ID 26477...
[2026-02-28 02:58:41]   ✓ Content fetched: 251 characters
[2026-02-28 02:58:41] [PROGRESS] Saved: 160/20416 (0.8%) - With content: 160
[2026-02-28 02:58:43] [161/20416] Processing regulation ID 26476...
[2026-02-28 02:58:47]   ✓ Content fetched: 232 characters
[2026-02-28 02:58:49] [162/20416] Processing regulation ID 26470...
[2026-02-28 02:58:53]   ✓ Content fetched: 111 characters
[2026-02-28 02:58:55] [163/20416] Processing regulation ID 26464...
[2026-02-28 02:58:58]   ✓ Content fetched: 5746 characters
[2026-02-28 02:59:00] [164/20416] Processing regulation ID 26518...
[2026-02-28 02:59:04]   ✓ Content fetched: 4763 characters
[2026-02-28 02:59:06] [165/20416] Processing regulation ID 26468...
[2026-02-28 02:59:10]   ✓ Content fetched: 225 characters
[2026-02-28 02:59:12] [166/20416] Processing regulation ID 26462...
[2026-02-28 02:59:16]   ✓ Content fetched: 4237 characters
[2026-02-28 02:59:18] [167/20416] Processing regulation ID 26538...
[2026-02-28 02:59:22]   ✓ Content fetched: 12976 characters
[2026-02-28 02:59:24] [168/20416] Processing regulation ID 26510...
[2026-02-28 02:59:28]   ✓ Content fetched: 10365 characters
[2026-02-28 02:59:30] [169/20416] Processing regulation ID 26500...
[2026-02-28 02:59:34]   ✓ Content fetched: 8963 characters
[2026-02-28 02:59:36] [170/20416] Processing regulation ID 26461...
[2026-02-28 02:59:40]   ✓ Content fetched: 3191 characters
[2026-02-28 02:59:40] [PROGRESS] Saved: 170/20416 (0.8%) - With content: 170
[2026-02-28 02:59:42] [171/20416] Processing regulation ID 26459...
[2026-02-28 02:59:45]   ✓ Content fetched: 9100 characters
[2026-02-28 02:59:47] [172/20416] Processing regulation ID 26458...
[2026-02-28 02:59:51]   ✓ Content fetched: 10694 characters
[2026-02-28 02:59:53] [173/20416] Processing regulation ID 26475...
[2026-02-28 02:59:56]   ✓ Content fetched: 10581 characters
[2026-02-28 02:59:58] [174/20416] Processing regulation ID 26472...
[2026-02-28 03:00:02]   ✓ Content fetched: 111 characters
[2026-02-28 03:00:04] [175/20416] Processing regulation ID 26469...
[2026-02-28 03:00:08]   ✓ Content fetched: 111 characters
[2026-02-28 03:00:10] [176/20416] Processing regulation ID 26451...
[2026-02-28 03:00:14]   ✓ Content fetched: 4237 characters
[2026-02-28 03:00:16] [177/20416] Processing regulation ID 26505...
[2026-02-28 03:00:20]   ✓ Content fetched: 9885 characters
[2026-02-28 03:00:22] [178/20416] Processing regulation ID 26467...
[2026-02-28 03:00:26]   ✓ Content fetched: 2148 characters
[2026-02-28 03:00:28] [179/20416] Processing regulation ID 26452...
[2026-02-28 03:00:31]   ✓ Content fetched: 4887 characters
[2026-02-28 03:00:33] [180/20416] Processing regulation ID 26448...
[2026-02-28 03:00:37]   ✓ Content fetched: 111 characters
[2026-02-28 03:00:37] [PROGRESS] Saved: 180/20416 (0.9%) - With content: 180
[2026-02-28 03:00:39] [181/20416] Processing regulation ID 26721...
[2026-02-28 03:00:43]   ✓ Content fetched: 273 characters
[2026-02-28 03:00:45] [182/20416] Processing regulation ID 26714...
[2026-02-28 03:00:49]   ✓ Content fetched: 4169 characters
[2026-02-28 03:00:51] [183/20416] Processing regulation ID 26484...
[2026-02-28 03:00:55]   ✓ Content fetched: 9671 characters
[2026-02-28 03:00:57] [184/20416] Processing regulation ID 26437...
[2026-02-28 03:01:01]   ✓ Content fetched: 4237 characters
[2026-02-28 03:01:03] [185/20416] Processing regulation ID 26425...
[2026-02-28 03:01:06]   ✓ Content fetched: 4229 characters
[2026-02-28 03:01:08] [186/20416] Processing regulation ID 26480...
[2026-02-28 03:01:12]   ✓ Content fetched: 13040 characters
[2026-02-28 03:01:14] [187/20416] Processing regulation ID 26708...
[2026-02-28 03:01:18]   ✓ Content fetched: 7266 characters
[2026-02-28 03:01:20] [188/20416] Processing regulation ID 26426...
[2026-02-28 03:01:23]   ✓ Content fetched: 3458 characters
[2026-02-28 03:01:25] [189/20416] Processing regulation ID 26488...
[2026-02-28 03:01:29]   ✓ Content fetched: 3484 characters
[2026-02-28 03:01:31] [190/20416] Processing regulation ID 26455...
[2026-02-28 03:01:35]   ✓ Content fetched: 3362 characters
[2026-02-28 03:01:35] [PROGRESS] Saved: 190/20416 (0.9%) - With content: 190
[2026-02-28 03:01:37] [191/20416] Processing regulation ID 26420...
[2026-02-28 03:01:41]   ✓ Content fetched: 111 characters
[2026-02-28 03:01:43] [192/20416] Processing regulation ID 26435...
[2026-02-28 03:01:47]   ✓ Content fetched: 11664 characters
[2026-02-28 03:01:49] [193/20416] Processing regulation ID 26428...
[2026-02-28 03:01:52]   ✓ Content fetched: 5230 characters
[2026-02-28 03:01:54] [194/20416] Processing regulation ID 26419...
[2026-02-28 03:01:58]   ✓ Content fetched: 251 characters
[2026-02-28 03:02:00] [195/20416] Processing regulation ID 26418...
[2026-02-28 03:02:04]   ✓ Content fetched: 215 characters
[2026-02-28 03:02:06] [196/20416] Processing regulation ID 26443...
[2026-02-28 03:02:09]   ✓ Content fetched: 13359 characters
[2026-02-28 03:02:11] [197/20416] Processing regulation ID 26438...
[2026-02-28 03:02:15]   ✓ Content fetched: 12291 characters
[2026-02-28 03:02:17] [198/20416] Processing regulation ID 26410...
[2026-02-28 03:02:21]   ✓ Content fetched: 4225 characters
[2026-02-28 03:02:23] [199/20416] Processing regulation ID 26424...
[2026-02-28 03:02:26]   ✓ Content fetched: 7779 characters
[2026-02-28 03:02:28] [200/20416] Processing regulation ID 26411...
[2026-02-28 03:02:32]   ✓ Content fetched: 111 characters
[2026-02-28 03:02:32] [PROGRESS] Saved: 200/20416 (1.0%) - With content: 200
[2026-02-28 03:02:34] [201/20416] Processing regulation ID 26502...
[2026-02-28 03:02:38]   ✓ Content fetched: 7573 characters
[2026-02-28 03:02:40] [202/20416] Processing regulation ID 26482...
[2026-02-28 03:02:44]   ✓ Content fetched: 4217 characters
[2026-02-28 03:02:46] [203/20416] Processing regulation ID 26892...
[2026-02-28 03:02:49]   ✓ Content fetched: 9903 characters
[2026-02-28 03:02:51] [204/20416] Processing regulation ID 26636...
[2026-02-28 03:02:55]   ✓ Content fetched: 10759 characters
[2026-02-28 03:02:57] [205/20416] Processing regulation ID 26509...
[2026-02-28 03:03:01]   ✓ Content fetched: 10270 characters
[2026-02-28 03:03:03] [206/20416] Processing regulation ID 26486...
[2026-02-28 03:03:07]   ✓ Content fetched: 3782 characters
[2026-02-28 03:03:09] [207/20416] Processing regulation ID 26483...
[2026-02-28 03:03:13]   ✓ Content fetched: 474 characters
[2026-02-28 03:03:15] [208/20416] Processing regulation ID 26506...
[2026-02-28 03:03:18]   ✓ Content fetched: 5450 characters
[2026-02-28 03:03:20] [209/20416] Processing regulation ID 26485...
[2026-02-28 03:03:24]   ✓ Content fetched: 5669 characters
[2026-02-28 03:03:26] [210/20416] Processing regulation ID 26539...
[2026-02-28 03:03:30]   ✓ Content fetched: 4096 characters
[2026-02-28 03:03:30] [PROGRESS] Saved: 210/20416 (1.0%) - With content: 210
[2026-02-28 03:03:32] [211/20416] Processing regulation ID 26501...
[2026-02-28 03:03:35]   ✓ Content fetched: 3219 characters
[2026-02-28 03:03:37] [212/20416] Processing regulation ID 26481...
[2026-02-28 03:03:41]   ✓ Content fetched: 6548 characters
[2026-02-28 03:03:43] [213/20416] Processing regulation ID 26474...
[2026-02-28 03:03:47]   ✓ Content fetched: 3441 characters
[2026-02-28 03:03:49] [214/20416] Processing regulation ID 26473...
[2026-02-28 03:03:52]   ✓ Content fetched: 4213 characters
[2026-02-28 03:03:54] [215/20416] Processing regulation ID 26478...
[2026-02-28 03:03:58]   ✓ Content fetched: 215 characters
[2026-02-28 03:04:00] [216/20416] Processing regulation ID 26477...
[2026-02-28 03:04:04]   ✓ Content fetched: 251 characters
[2026-02-28 03:04:06] [217/20416] Processing regulation ID 26476...
[2026-02-28 03:04:09]   ✓ Content fetched: 232 characters
[2026-02-28 03:04:11] [218/20416] Processing regulation ID 26498...
[2026-02-28 03:04:15]   ✓ Content fetched: 111 characters
[2026-02-28 03:04:17] [219/20416] Processing regulation ID 26464...
[2026-02-28 03:04:21]   ✓ Content fetched: 5746 characters
[2026-02-28 03:04:23] [220/20416] Processing regulation ID 26470...
[2026-02-28 03:04:26]   ✓ Content fetched: 111 characters
[2026-02-28 03:04:26] [PROGRESS] Saved: 220/20416 (1.1%) - With content: 220
[2026-02-28 03:04:28] [221/20416] Processing regulation ID 26468...
[2026-02-28 03:04:32]   ✓ Content fetched: 225 characters
[2026-02-28 03:04:34] [222/20416] Processing regulation ID 26518...
[2026-02-28 03:04:37]   ✓ Content fetched: 4763 characters
[2026-02-28 03:04:39] [223/20416] Processing regulation ID 26462...
[2026-02-28 03:04:43]   ✓ Content fetched: 4237 characters
[2026-02-28 03:04:45] [224/20416] Processing regulation ID 26538...
[2026-02-28 03:04:49]   ✓ Content fetched: 12976 characters
[2026-02-28 03:04:51] [225/20416] Processing regulation ID 26510...
[2026-02-28 03:04:55]   ✓ Content fetched: 10365 characters
[2026-02-28 03:04:57] [226/20416] Processing regulation ID 26500...
[2026-02-28 03:05:01]   ✓ Content fetched: 8963 characters
[2026-02-28 03:05:03] [227/20416] Processing regulation ID 26461...
[2026-02-28 03:05:07]   ✓ Content fetched: 3191 characters
[2026-02-28 03:05:09] [228/20416] Processing regulation ID 26459...
[2026-02-28 03:05:12]   ✓ Content fetched: 9100 characters
[2026-02-28 03:05:14] [229/20416] Processing regulation ID 26458...
[2026-02-28 03:05:18]   ✓ Content fetched: 10694 characters
[2026-02-28 03:05:20] [230/20416] Processing regulation ID 26475...
[2026-02-28 03:05:24]   ✓ Content fetched: 10581 characters
[2026-02-28 03:05:24] [PROGRESS] Saved: 230/20416 (1.1%) - With content: 230
[2026-02-28 03:05:26] [231/20416] Processing regulation ID 26469...
[2026-02-28 03:05:29]   ✓ Content fetched: 111 characters
[2026-02-28 03:05:31] [232/20416] Processing regulation ID 26472...
[2026-02-28 03:05:35]   ✓ Content fetched: 111 characters
[2026-02-28 03:05:37] [233/20416] Processing regulation ID 26451...
[2026-02-28 03:05:41]   ✓ Content fetched: 4237 characters
[2026-02-28 03:05:43] [234/20416] Processing regulation ID 26505...
[2026-02-28 03:05:47]   ✓ Content fetched: 9885 characters
[2026-02-28 03:05:49] [235/20416] Processing regulation ID 26467...
[2026-02-28 03:05:53]   ✓ Content fetched: 2148 characters
[2026-02-28 03:05:55] [236/20416] Processing regulation ID 26452...
[2026-02-28 03:05:58]   ✓ Content fetched: 4887 characters
[2026-02-28 03:06:00] [237/20416] Processing regulation ID 26448...
[2026-02-28 03:06:04]   ✓ Content fetched: 111 characters
[2026-02-28 03:06:06] [238/20416] Processing regulation ID 26721...
[2026-02-28 03:06:10]   ✓ Content fetched: 273 characters
[2026-02-28 03:06:12] [239/20416] Processing regulation ID 26714...
[2026-02-28 03:06:15]   ✓ Content fetched: 4169 characters
[2026-02-28 03:06:17] [240/20416] Processing regulation ID 26484...
[2026-02-28 03:06:21]   ✓ Content fetched: 9671 characters
[2026-02-28 03:06:21] [PROGRESS] Saved: 240/20416 (1.2%) - With content: 240
[2026-02-28 03:06:23] [241/20416] Processing regulation ID 26437...
[2026-02-28 03:06:27]   ✓ Content fetched: 4237 characters
[2026-02-28 03:06:29] [242/20416] Processing regulation ID 26915...
[2026-02-28 03:06:33]   ✓ Content fetched: 7759 characters
[2026-02-28 03:06:35] [243/20416] Processing regulation ID 26425...
[2026-02-28 03:06:38]   ✓ Content fetched: 4229 characters
[2026-02-28 03:06:40] [244/20416] Processing regulation ID 26480...
[2026-02-28 03:06:44]   ✓ Content fetched: 13040 characters
[2026-02-28 03:06:46] [245/20416] Processing regulation ID 26708...
[2026-02-28 03:06:49]   ✓ Content fetched: 7266 characters
[2026-02-28 03:06:51] [246/20416] Processing regulation ID 26426...
[2026-02-28 03:06:55]   ✓ Content fetched: 3458 characters
[2026-02-28 03:06:57] [247/20416] Processing regulation ID 26488...
[2026-02-28 03:07:01]   ✓ Content fetched: 3484 characters
[2026-02-28 03:07:03] [248/20416] Processing regulation ID 26455...
[2026-02-28 03:07:06]   ✓ Content fetched: 3362 characters
[2026-02-28 03:07:08] [249/20416] Processing regulation ID 26420...
[2026-02-28 03:07:12]   ✓ Content fetched: 111 characters
[2026-02-28 03:07:14] [250/20416] Processing regulation ID 26435...
[2026-02-28 03:07:18]   ✓ Content fetched: 11664 characters
[2026-02-28 03:07:18] [PROGRESS] Saved: 250/20416 (1.2%) - With content: 250
[2026-02-28 03:07:20] [251/20416] Processing regulation ID 26428...
[2026-02-28 03:07:23]   ✓ Content fetched: 5230 characters
[2026-02-28 03:07:25] [252/20416] Processing regulation ID 26419...
[2026-02-28 03:07:29]   ✓ Content fetched: 251 characters
[2026-02-28 03:07:31] [253/20416] Processing regulation ID 26418...
[2026-02-28 03:07:35]   ✓ Content fetched: 215 characters
[2026-02-28 03:07:37] [254/20416] Processing regulation ID 26443...
[2026-02-28 03:07:41]   ✓ Content fetched: 13359 characters
[2026-02-28 03:07:43] [255/20416] Processing regulation ID 26438...
[2026-02-28 03:07:46]   ✓ Content fetched: 12291 characters
[2026-02-28 03:07:48] [256/20416] Processing regulation ID 26410...
[2026-02-28 03:07:52]   ✓ Content fetched: 4225 characters
[2026-02-28 03:07:54] [257/20416] Processing regulation ID 26424...
[2026-02-28 03:07:57]   ✓ Content fetched: 7779 characters
[2026-02-28 03:07:59] [258/20416] Processing regulation ID 26411...
[2026-02-28 03:08:03]   ✓ Content fetched: 111 characters
[2026-02-28 03:08:05] [259/20416] Processing regulation ID 26471...
[2026-02-28 03:08:09]   ✓ Content fetched: 233 characters
[2026-02-28 03:08:11] [260/20416] Processing regulation ID 26450...
[2026-02-28 03:08:15]   ✓ Content fetched: 3276 characters
[2026-02-28 03:08:15] [PROGRESS] Saved: 260/20416 (1.3%) - With content: 260
[2026-02-28 03:08:17] [261/20416] Processing regulation ID 26447...
[2026-02-28 03:08:20]   ✓ Content fetched: 3732 characters
[2026-02-28 03:08:22] [262/20416] Processing regulation ID 26445...
[2026-02-28 03:08:26]   ✓ Content fetched: 3177 characters
[2026-02-28 03:08:28] [263/20416] Processing regulation ID 26444...
[2026-02-28 03:08:32]   ✓ Content fetched: 3077 characters
[2026-02-28 03:08:34] [264/20416] Processing regulation ID 26423...
[2026-02-28 03:08:37]   ✓ Content fetched: 3017 characters
[2026-02-28 03:08:39] [265/20416] Processing regulation ID 26422...
[2026-02-28 03:08:43]   ✓ Content fetched: 3203 characters
[2026-02-28 03:08:45] [266/20416] Processing regulation ID 26414...
[2026-02-28 03:08:49]   ✓ Content fetched: 3096 characters
[2026-02-28 03:08:51] [267/20416] Processing regulation ID 26413...
[2026-02-28 03:08:55]   ✓ Content fetched: 3103 characters
[2026-02-28 03:08:57] [268/20416] Processing regulation ID 26412...
[2026-02-28 03:09:00]   ✓ Content fetched: 3551 characters
[2026-02-28 03:09:02] [269/20416] Processing regulation ID 26400...
[2026-02-28 03:09:06]   ✓ Content fetched: 4220 characters
[2026-02-28 03:09:08] [270/20416] Processing regulation ID 26404...
[2026-02-28 03:09:12]   ✓ Content fetched: 11588 characters
[2026-02-28 03:09:12] [PROGRESS] Saved: 270/20416 (1.3%) - With content: 270
[2026-02-28 03:09:14] [271/20416] Processing regulation ID 26433...
[2026-02-28 03:09:18]   ✓ Content fetched: 283 characters
[2026-02-28 03:09:20] [272/20416] Processing regulation ID 26406...
[2026-02-28 03:09:24]   ✓ Content fetched: 2144 characters
[2026-02-28 03:09:26] [273/20416] Processing regulation ID 26700...
[2026-02-28 03:09:29]   ✓ Content fetched: 317 characters
[2026-02-28 03:09:31] [274/20416] Processing regulation ID 26694...
[2026-02-28 03:09:35]   ✓ Content fetched: 2666 characters
[2026-02-28 03:09:37] [275/20416] Processing regulation ID 26407...
[2026-02-28 03:09:41]   ✓ Content fetched: 111 characters
[2026-02-28 03:09:43] [276/20416] Processing regulation ID 26397...
[2026-02-28 03:09:47]   ✓ Content fetched: 14694 characters
[2026-02-28 03:09:49] [277/20416] Processing regulation ID 26402...
[2026-02-28 03:09:53]   ✓ Content fetched: 12312 characters
[2026-02-28 03:09:55] [278/20416] Processing regulation ID 26479...
[2026-02-28 03:09:58]   ✓ Content fetched: 269 characters
[2026-02-28 03:10:00] [279/20416] Processing regulation ID 26389...
[2026-02-28 03:10:04]   ✓ Content fetched: 4220 characters
[2026-02-28 03:10:06] [280/20416] Processing regulation ID 26497...
[2026-02-28 03:10:10]   ✓ Content fetched: 238 characters
[2026-02-28 03:10:10] [PROGRESS] Saved: 280/20416 (1.4%) - With content: 280
[2026-02-28 03:10:12] [281/20416] Processing regulation ID 26379...
[2026-02-28 03:10:16]   ✓ Content fetched: 2782 characters
[2026-02-28 03:10:18] [282/20416] Processing regulation ID 26377...
[2026-02-28 03:10:22]   ✓ Content fetched: 14184 characters
[2026-02-28 03:10:24] [283/20416] Processing regulation ID 26373...
[2026-02-28 03:10:27]   ✓ Content fetched: 4216 characters
[2026-02-28 03:10:29] [284/20416] Processing regulation ID 26304...
[2026-02-28 03:10:33]   ✓ Content fetched: 9523 characters
[2026-02-28 03:10:35] [285/20416] Processing regulation ID 26376...
[2026-02-28 03:10:39]   ✓ Content fetched: 3255 characters
[2026-02-28 03:10:41] [286/20416] Processing regulation ID 26633...
[2026-02-28 03:10:45]   ✓ Content fetched: 7793 characters
[2026-02-28 03:10:47] [287/20416] Processing regulation ID 26369...
[2026-02-28 03:10:50]   ✓ Content fetched: 3441 characters
[2026-02-28 03:10:52] [288/20416] Processing regulation ID 26707...
[2026-02-28 03:10:56]   ✓ Content fetched: 3752 characters
[2026-02-28 03:10:58] [289/20416] Processing regulation ID 26387...
[2026-02-28 03:11:02]   ✓ Content fetched: 10174 characters
[2026-02-28 03:11:04] [290/20416] Processing regulation ID 26364...
[2026-02-28 03:11:08]   ✓ Content fetched: 111 characters
[2026-02-28 03:11:08] [PROGRESS] Saved: 290/20416 (1.4%) - With content: 290
[2026-02-28 03:11:10] [291/20416] Processing regulation ID 26526...
[2026-02-28 03:11:14]   ✓ Content fetched: 2872 characters
[2026-02-28 03:11:16] [292/20416] Processing regulation ID 26429...
[2026-02-28 03:11:20]   ✓ Content fetched: 13491 characters
[2026-02-28 03:11:22] [293/20416] Processing regulation ID 26372...
[2026-02-28 03:11:25]   ✓ Content fetched: 9972 characters
[2026-02-28 03:11:27] [294/20416] Processing regulation ID 26370...
[2026-02-28 03:11:31]   ✓ Content fetched: 3233 characters
[2026-02-28 03:11:33] [295/20416] Processing regulation ID 26366...
[2026-02-28 03:11:37]   ✓ Content fetched: 251 characters
[2026-02-28 03:11:39] [296/20416] Processing regulation ID 26363...
[2026-02-28 03:11:43]   ✓ Content fetched: 232 characters
[2026-02-28 03:11:45] [297/20416] Processing regulation ID 26362...
[2026-02-28 03:11:48]   ✓ Content fetched: 215 characters
[2026-02-28 03:11:50] [298/20416] Processing regulation ID 26728...
[2026-02-28 03:11:54]   ✓ Content fetched: 287 characters
[2026-02-28 03:11:56] [299/20416] Processing regulation ID 26360...
[2026-02-28 03:12:00]   ✓ Content fetched: 4204 characters
[2026-02-28 03:12:02] [300/20416] Processing regulation ID 26704...
[2026-02-28 03:12:06]   ✓ Content fetched: 111 characters
[2026-02-28 03:12:06] [PROGRESS] Saved: 300/20416 (1.5%) - With content: 300
[2026-02-28 03:12:08] [301/20416] Processing regulation ID 26723...
[2026-02-28 03:12:11]   ✓ Content fetched: 111 characters
[2026-02-28 03:12:13] [302/20416] Processing regulation ID 26359...
[2026-02-28 03:12:17]   ✓ Content fetched: 6120 characters
[2026-02-28 03:12:19] [303/20416] Processing regulation ID 26358...
[2026-02-28 03:12:23]   ✓ Content fetched: 7977 characters
[2026-02-28 03:12:25] [304/20416] Processing regulation ID 26357...
[2026-02-28 03:12:29]   ✓ Content fetched: 11968 characters
[2026-02-28 03:12:31] [305/20416] Processing regulation ID 26356...
[2026-02-28 03:12:35]   ✓ Content fetched: 15745 characters
[2026-02-28 03:12:37] [306/20416] Processing regulation ID 26368...
[2026-02-28 03:12:41]   ✓ Content fetched: 13561 characters
[2026-02-28 03:12:43] [307/20416] Processing regulation ID 26415...
[2026-02-28 03:12:46]   ✓ Content fetched: 2657 characters
[2026-02-28 03:12:48] [308/20416] Processing regulation ID 26386...
[2026-02-28 03:12:52]   ✓ Content fetched: 10715 characters
[2026-02-28 03:12:54] [309/20416] Processing regulation ID 26341...
[2026-02-28 03:12:58]   ✓ Content fetched: 111 characters
[2026-02-28 03:13:00] [310/20416] Processing regulation ID 26417...
[2026-02-28 03:13:04]   ✓ Content fetched: 11367 characters
[2026-02-28 03:13:04] [PROGRESS] Saved: 310/20416 (1.5%) - With content: 310
[2026-02-28 03:13:06] [311/20416] Processing regulation ID 26335...
[2026-02-28 03:13:10]   ✓ Content fetched: 4197 characters
[2026-02-28 04:40:28] ======================================================================
[2026-02-28 04:40:28] FULL CONTENT SCRAPER - CORRECT ORTAX IDs - STARTING
[2026-02-28 04:40:28] Total regulations to process: 20416
[2026-02-28 04:40:28] ======================================================================
[2026-02-28 04:40:28] [RESUME] Resuming from regulation 310
[2026-02-28 04:40:28] [RESUME] Loaded 310 already processed
[2026-02-28 04:40:28] [INIT] Starting browser...
[2026-02-28 04:40:29] [INIT] Browser started, beginning scrape with CORRECT IDs...
[2026-02-28 04:40:29] [311/20416] Processing regulation ID 26335...
[2026-02-28 04:40:34]   ✓ Content fetched: 103 characters
[2026-02-28 04:40:36] [312/20416] Processing regulation ID 26385...
[2026-02-28 04:40:40]   ✓ Content fetched: 103 characters
[2026-02-28 04:40:42] [313/20416] Processing regulation ID 26440...
[2026-02-28 04:40:47]   ✓ Content fetched: 9786 characters
[2026-02-28 04:40:49] [314/20416] Processing regulation ID 26352...
[2026-02-28 04:40:53]   ✓ Content fetched: 3132 characters
[2026-02-28 04:40:55] [315/20416] Processing regulation ID 26351...
[2026-02-28 04:40:59]   ✓ Content fetched: 8749 characters
[2026-02-28 04:41:01] [316/20416] Processing regulation ID 26344...
[2026-02-28 04:41:04]   ✓ Content fetched: 7345 characters
[2026-02-28 04:41:06] [317/20416] Processing regulation ID 26343...
[2026-02-28 04:41:10]   ✓ Content fetched: 5293 characters
[2026-02-28 04:41:12] [318/20416] Processing regulation ID 26321...
[2026-02-28 04:41:16]   ✓ Content fetched: 4197 characters
[2026-02-28 04:41:18] [319/20416] Processing regulation ID 26349...
[2026-02-28 04:41:22]   ✓ Content fetched: 2138 characters
[2026-02-28 04:41:24] [320/20416] Processing regulation ID 26333...
[2026-02-28 04:41:28]   ✓ Content fetched: 1157 characters
[2026-02-28 04:41:28] [PROGRESS] Saved: 320/20416 (1.6%) - With content: 320
[2026-02-28 04:41:30] [321/20416] Processing regulation ID 26322...
[2026-02-28 04:41:34]   ✓ Content fetched: 10970 characters
[2026-02-28 04:41:36] [322/20416] Processing regulation ID 26320...
[2026-02-28 04:41:40]   ✓ Content fetched: 111 characters
[2026-02-28 04:41:42] [323/20416] Processing regulation ID 26702...
[2026-02-28 04:41:46]   ✓ Content fetched: 4518 characters
[2026-02-28 04:41:48] [324/20416] Processing regulation ID 26308...
[2026-02-28 04:41:52]   ✓ Content fetched: 4193 characters
[2026-02-28 04:41:54] [325/20416] Processing regulation ID 26743...
[2026-02-28 04:41:57]   ✓ Content fetched: 8630 characters
[2026-02-28 04:41:59] [326/20416] Processing regulation ID 26446...
[2026-02-28 04:42:03]   ✓ Content fetched: 11037 characters
[2026-02-28 04:42:05] [327/20416] Processing regulation ID 26672...
[2026-02-28 04:42:09]   ✓ Content fetched: 9484 characters
[2026-02-28 04:42:11] [328/20416] Processing regulation ID 26529...
[2026-02-28 04:42:15]   ✓ Content fetched: 9651 characters
[2026-02-28 04:42:17] [329/20416] Processing regulation ID 26530...
[2026-02-28 04:42:22]   ✓ Content fetched: 10305 characters
[2026-02-28 04:42:24] [330/20416] Processing regulation ID 26679...
[2026-02-28 04:42:28]   ✓ Content fetched: 12287 characters
[2026-02-28 04:42:28] [PROGRESS] Saved: 330/20416 (1.6%) - With content: 330
[2026-02-28 04:42:30] [331/20416] Processing regulation ID 26302...
[2026-02-28 04:42:33]   ✓ Content fetched: 4189 characters
[2026-02-28 04:42:35] [332/20416] Processing regulation ID 26693...
[2026-02-28 04:42:39]   ✓ Content fetched: 111 characters
[2026-02-28 04:42:41] [333/20416] Processing regulation ID 26457...
[2026-02-28 04:42:45]   ✓ Content fetched: 3337 characters
[2026-02-28 04:42:47] [334/20416] Processing regulation ID 26318...
